#
# There is insufficient memory for the Java Runtime Environment to continue.
# Native memory allocation (malloc) failed to allocate 934400 bytes. Error detail: Chunk::new
# Possible reasons:
#   The system is out of physical RAM or swap space
#   This process is running with CompressedOops enabled, and the Java Heap may be blocking the growth of the native heap
# Possible solutions:
#   Reduce memory load on the system
#   Increase physical memory or swap space
#   Check if swap backing store is full
#   Decrease Java heap size (-Xmx/-Xms)
#   Decrease number of Java threads
#   Decrease Java thread stack sizes (-Xss)
#   Set larger code cache with -XX:ReservedCodeCacheSize=
#   JVM is running with Unscaled Compressed Oops mode in which the Java heap is
#     placed in the first 4GB address space. The Java Heap base address is the
#     maximum limit for the native heap growth. Please use -XX:HeapBaseMinAddress
#     to set the Java Heap base and to place the Java Heap above 4GB virtual address.
# This output file may be truncated or incomplete.
#
#  Out of Memory Error (arena.cpp:168), pid=11108, tid=13336
#
# JRE version: OpenJDK Runtime Environment Temurin-21.0.6+7 (21.0.6+7) (build 21.0.6+7-LTS)
# Java VM: OpenJDK 64-Bit Server VM Temurin-21.0.6+7 (21.0.6+7-LTS, mixed mode, sharing, tiered, compressed oops, compressed class ptrs, parallel gc, windows-amd64)
# No core dump will be written. Minidumps are not enabled by default on client versions of Windows
#

---------------  S U M M A R Y ------------

Command Line: --add-modules=ALL-SYSTEM --add-opens=java.base/java.util=ALL-UNNAMED --add-opens=java.base/java.lang=ALL-UNNAMED --add-opens=java.base/sun.nio.fs=ALL-UNNAMED -Declipse.application=org.eclipse.jdt.ls.core.id1 -Dosgi.bundles.defaultStartLevel=4 -Declipse.product=org.eclipse.jdt.ls.core.product -Djava.import.generatesMetadataFilesAtProjectRoot=false -DDetectVMInstallationsJob.disabled=true -Dfile.encoding=utf8 -XX:+UseParallelGC -XX:GCTimeRatio=4 -XX:AdaptiveSizePolicyWeight=90 -Dsun.zip.disableMemoryMapping=true -Xmx1G -Xms100m -Xlog:disable -javaagent:c:\Users\LENOVO\.cursor\extensions\redhat.java-1.41.1-win32-x64\lombok\lombok-1.18.36.jar -XX:+HeapDumpOnOutOfMemoryError -XX:HeapDumpPath=c:\Users\LENOVO\AppData\Roaming\Cursor\User\workspaceStorage\e555ef3817190b90762c221f4e38cb40\redhat.java -Daether.dependencyCollector.impl=bf c:\Users\LENOVO\.cursor\extensions\redhat.java-1.41.1-win32-x64\server\plugins\org.eclipse.equinox.launcher_1.7.0.v20250331-1702.jar -configuration c:\Users\LENOVO\AppData\Roaming\Cursor\User\globalStorage\redhat.java\1.41.1\config_win -data c:\Users\LENOVO\AppData\Roaming\Cursor\User\workspaceStorage\e555ef3817190b90762c221f4e38cb40\redhat.java\jdt_ws --pipe=\\.\pipe\lsp-7b2fb9983671ed4e272ea404579cd47f-sock

Host: AMD Ryzen 7 6800H with Radeon Graphics         , 16 cores, 15G,  Windows 11 , 64 bit Build 22621 (10.0.22621.5124)
Time: Fri May  9 15:02:12 2025 SE Asia Standard Time elapsed time: 22.992987 seconds (0d 0h 0m 22s)

---------------  T H R E A D  ---------------

Current thread (0x000002b82b942670):  JavaThread "C2 CompilerThread0" daemon [_thread_in_native, id=13336, stack(0x000000d0a2200000,0x000000d0a2300000) (1024K)]


Current CompileTask:
C2:22993 10356       4       com.esotericsoftware.kryo.io.Input::require (220 bytes)

Stack: [0x000000d0a2200000,0x000000d0a2300000]
Native frames: (J=compiled Java code, j=interpreted, Vv=VM code, C=native code)
V  [jvm.dll+0x6cdee9]
V  [jvm.dll+0x8a83d1]
V  [jvm.dll+0x8aa8fe]
V  [jvm.dll+0x8aafe3]
V  [jvm.dll+0x27f706]
V  [jvm.dll+0xc500d]
V  [jvm.dll+0xc5543]
V  [jvm.dll+0x3b678c]
V  [jvm.dll+0x1dfe13]
V  [jvm.dll+0x247b42]
V  [jvm.dll+0x246fcf]
V  [jvm.dll+0x1c75ee]
V  [jvm.dll+0x25685a]
V  [jvm.dll+0x254dfa]
V  [jvm.dll+0x3f0256]
V  [jvm.dll+0x851f8b]
V  [jvm.dll+0x6cc5ed]
C  [ucrtbase.dll+0x29333]
C  [KERNEL32.DLL+0x1259d]
C  [ntdll.dll+0x5af38]


---------------  P R O C E S S  ---------------

Threads class SMR info:
_java_thread_list=0x000002b875892860, length=58, elements={
0x000002b8151e2d10, 0x000002b82b939400, 0x000002b81761c150, 0x000002b81761e0d0,
0x000002b82b93c550, 0x000002b82b93eae0, 0x000002b82b93f730, 0x000002b82b942670,
0x000002b82b943e60, 0x000002b86df2e660, 0x000002b86e1e2500, 0x000002b87428bfc0,
0x000002b8744c1e30, 0x000002b8743f46b0, 0x000002b86fef5110, 0x000002b874683f30,
0x000002b874d3b730, 0x000002b874c2cc60, 0x000002b874c2d980, 0x000002b874c2e010,
0x000002b874c2ed30, 0x000002b874c2bf40, 0x000002b874c2e6a0, 0x000002b874c2f3c0,
0x000002b877030580, 0x000002b87702eb40, 0x000002b877030c10, 0x000002b8770312a0,
0x000002b877031fc0, 0x000002b87702f1d0, 0x000002b87702f860, 0x000002b87702fef0,
0x000002b877031930, 0x000002b877078600, 0x000002b8770778e0, 0x000002b87707c7a0,
0x000002b877075810, 0x000002b877076bc0, 0x000002b877076530, 0x000002b87707ad60,
0x000002b877079320, 0x000002b877077f70, 0x000002b877078c90, 0x000002b8770799b0,
0x000002b877077250, 0x000002b87707a6d0, 0x000002b87707ba80, 0x000002b877075ea0,
0x000002b874c2c5d0, 0x000002b879c909b0, 0x000002b875925030, 0x000002b86df7f5f0,
0x000002b87e00d970, 0x000002b879c8cea0, 0x000002b879c8e8e0, 0x000002b879c937a0,
0x000002b879c8ef70, 0x000002b879c93110
}

Java Threads: ( => current thread )
  0x000002b8151e2d10 JavaThread "main"                              [_thread_blocked, id=21356, stack(0x000000d0a1800000,0x000000d0a1900000) (1024K)]
  0x000002b82b939400 JavaThread "Reference Handler"          daemon [_thread_blocked, id=37952, stack(0x000000d0a1c00000,0x000000d0a1d00000) (1024K)]
  0x000002b81761c150 JavaThread "Finalizer"                  daemon [_thread_blocked, id=34864, stack(0x000000d0a1d00000,0x000000d0a1e00000) (1024K)]
  0x000002b81761e0d0 JavaThread "Signal Dispatcher"          daemon [_thread_blocked, id=28532, stack(0x000000d0a1e00000,0x000000d0a1f00000) (1024K)]
  0x000002b82b93c550 JavaThread "Attach Listener"            daemon [_thread_blocked, id=32016, stack(0x000000d0a1f00000,0x000000d0a2000000) (1024K)]
  0x000002b82b93eae0 JavaThread "Service Thread"             daemon [_thread_blocked, id=13476, stack(0x000000d0a2000000,0x000000d0a2100000) (1024K)]
  0x000002b82b93f730 JavaThread "Monitor Deflation Thread"   daemon [_thread_blocked, id=36744, stack(0x000000d0a2100000,0x000000d0a2200000) (1024K)]
=>0x000002b82b942670 JavaThread "C2 CompilerThread0"         daemon [_thread_in_native, id=13336, stack(0x000000d0a2200000,0x000000d0a2300000) (1024K)]
  0x000002b82b943e60 JavaThread "C1 CompilerThread0"         daemon [_thread_blocked, id=25128, stack(0x000000d0a2300000,0x000000d0a2400000) (1024K)]
  0x000002b86df2e660 JavaThread "Common-Cleaner"             daemon [_thread_blocked, id=34968, stack(0x000000d0a2400000,0x000000d0a2500000) (1024K)]
  0x000002b86e1e2500 JavaThread "Notification Thread"        daemon [_thread_blocked, id=12296, stack(0x000000d0a2900000,0x000000d0a2a00000) (1024K)]
  0x000002b87428bfc0 JavaThread "Active Thread: Equinox Container: 87590681-5689-498a-ab2f-83a6a6b2b7e8"        [_thread_blocked, id=34640, stack(0x000000d0a3200000,0x000000d0a3300000) (1024K)]
  0x000002b8744c1e30 JavaThread "Refresh Thread: Equinox Container: 87590681-5689-498a-ab2f-83a6a6b2b7e8" daemon [_thread_blocked, id=21500, stack(0x000000d0a3400000,0x000000d0a3500000) (1024K)]
  0x000002b8743f46b0 JavaThread "Framework Event Dispatcher: Equinox Container: 87590681-5689-498a-ab2f-83a6a6b2b7e8" daemon [_thread_blocked, id=38656, stack(0x000000d0a3500000,0x000000d0a3600000) (1024K)]
  0x000002b86fef5110 JavaThread "Start Level: Equinox Container: 87590681-5689-498a-ab2f-83a6a6b2b7e8" daemon [_thread_blocked, id=32428, stack(0x000000d0a3600000,0x000000d0a3700000) (1024K)]
  0x000002b874683f30 JavaThread "Bundle File Closer"         daemon [_thread_blocked, id=35276, stack(0x000000d0a3700000,0x000000d0a3800000) (1024K)]
  0x000002b874d3b730 JavaThread "SCR Component Actor"        daemon [_thread_blocked, id=23348, stack(0x000000d0a3a00000,0x000000d0a3b00000) (1024K)]
  0x000002b874c2cc60 JavaThread "Worker-JM"                         [_thread_blocked, id=33244, stack(0x000000d0a3d00000,0x000000d0a3e00000) (1024K)]
  0x000002b874c2d980 JavaThread "JNA Cleaner"                daemon [_thread_blocked, id=2104, stack(0x000000d0a3f00000,0x000000d0a4000000) (1024K)]
  0x000002b874c2e010 JavaThread "Worker-0: Initialize Workspace"        [_thread_blocked, id=32876, stack(0x000000d0a4000000,0x000000d0a4100000) (1024K)]
  0x000002b874c2ed30 JavaThread "Worker-1"                          [_thread_blocked, id=25020, stack(0x000000d0a4100000,0x000000d0a4200000) (1024K)]
  0x000002b874c2bf40 JavaThread "Java indexing"              daemon [_thread_blocked, id=36908, stack(0x000000d0a4200000,0x000000d0a4300000) (1024K)]
  0x000002b874c2e6a0 JavaThread "Worker-2"                          [_thread_blocked, id=37380, stack(0x000000d0a4500000,0x000000d0a4600000) (1024K)]
  0x000002b874c2f3c0 JavaThread "Worker-3"                          [_thread_blocked, id=5456, stack(0x000000d0a4600000,0x000000d0a4700000) (1024K)]
  0x000002b877030580 JavaThread "Thread-2"                   daemon [_thread_in_native, id=3640, stack(0x000000d0a4700000,0x000000d0a4800000) (1024K)]
  0x000002b87702eb40 JavaThread "Thread-3"                   daemon [_thread_in_native, id=17132, stack(0x000000d0a4800000,0x000000d0a4900000) (1024K)]
  0x000002b877030c10 JavaThread "Thread-4"                   daemon [_thread_in_native, id=31212, stack(0x000000d0a4900000,0x000000d0a4a00000) (1024K)]
  0x000002b8770312a0 JavaThread "Thread-5"                   daemon [_thread_in_native, id=32828, stack(0x000000d0a4a00000,0x000000d0a4b00000) (1024K)]
  0x000002b877031fc0 JavaThread "Thread-6"                   daemon [_thread_in_native, id=27300, stack(0x000000d0a4b00000,0x000000d0a4c00000) (1024K)]
  0x000002b87702f1d0 JavaThread "Thread-7"                   daemon [_thread_in_native, id=11788, stack(0x000000d0a4c00000,0x000000d0a4d00000) (1024K)]
  0x000002b87702f860 JavaThread "Thread-8"                   daemon [_thread_in_native, id=35256, stack(0x000000d0a4d00000,0x000000d0a4e00000) (1024K)]
  0x000002b87702fef0 JavaThread "Thread-9"                   daemon [_thread_in_native, id=38560, stack(0x000000d0a4e00000,0x000000d0a4f00000) (1024K)]
  0x000002b877031930 JavaThread "Thread-10"                  daemon [_thread_in_native, id=26508, stack(0x000000d0a4f00000,0x000000d0a5000000) (1024K)]
  0x000002b877078600 JavaThread "Thread-11"                  daemon [_thread_in_native, id=27600, stack(0x000000d0a5000000,0x000000d0a5100000) (1024K)]
  0x000002b8770778e0 JavaThread "Thread-12"                  daemon [_thread_in_native, id=16688, stack(0x000000d0a5100000,0x000000d0a5200000) (1024K)]
  0x000002b87707c7a0 JavaThread "Thread-13"                  daemon [_thread_in_native, id=8084, stack(0x000000d0a5200000,0x000000d0a5300000) (1024K)]
  0x000002b877075810 JavaThread "Thread-14"                  daemon [_thread_in_native, id=25676, stack(0x000000d0a5300000,0x000000d0a5400000) (1024K)]
  0x000002b877076bc0 JavaThread "Thread-15"                  daemon [_thread_in_native, id=36260, stack(0x000000d0a5400000,0x000000d0a5500000) (1024K)]
  0x000002b877076530 JavaThread "Thread-16"                  daemon [_thread_in_native, id=33540, stack(0x000000d0a5500000,0x000000d0a5600000) (1024K)]
  0x000002b87707ad60 JavaThread "Thread-17"                  daemon [_thread_in_native, id=38532, stack(0x000000d0a5600000,0x000000d0a5700000) (1024K)]
  0x000002b877079320 JavaThread "Thread-18"                  daemon [_thread_in_native, id=24632, stack(0x000000d0a5700000,0x000000d0a5800000) (1024K)]
  0x000002b877077f70 JavaThread "pool-2-thread-1"                   [_thread_blocked, id=22096, stack(0x000000d0a5800000,0x000000d0a5900000) (1024K)]
  0x000002b877078c90 JavaThread "WorkspaceEventsHandler"            [_thread_blocked, id=37140, stack(0x000000d0a5900000,0x000000d0a5a00000) (1024K)]
  0x000002b8770799b0 JavaThread "pool-1-thread-1"                   [_thread_blocked, id=26460, stack(0x000000d0a5a00000,0x000000d0a5b00000) (1024K)]
  0x000002b877077250 JavaThread "Worker-4"                          [_thread_blocked, id=10120, stack(0x000000d0a5b00000,0x000000d0a5c00000) (1024K)]
  0x000002b87707a6d0 JavaThread "Timer-0"                           [_thread_blocked, id=38156, stack(0x000000d0a5c00000,0x000000d0a5d00000) (1024K)]
  0x000002b87707ba80 JavaThread "Timer-1"                           [_thread_blocked, id=18632, stack(0x000000d0a3100000,0x000000d0a3200000) (1024K)]
  0x000002b877075ea0 JavaThread "Timer-2"                           [_thread_blocked, id=32968, stack(0x000000d0a5d00000,0x000000d0a5e00000) (1024K)]
  0x000002b874c2c5d0 JavaThread "Timer-3"                           [_thread_blocked, id=25384, stack(0x000000d0a5e00000,0x000000d0a5f00000) (1024K)]
  0x000002b879c909b0 JavaThread "Timer-4"                           [_thread_blocked, id=19304, stack(0x000000d0a5f00000,0x000000d0a6000000) (1024K)]
  0x000002b875925030 JavaThread "C2 CompilerThread1"         daemon [_thread_blocked, id=24020, stack(0x000000d0a2700000,0x000000d0a2800000) (1024K)]
  0x000002b86df7f5f0 JavaThread "C1 CompilerThread1"         daemon [_thread_blocked, id=33996, stack(0x000000d0a2800000,0x000000d0a2900000) (1024K)]
  0x000002b87e00d970 JavaThread "C1 CompilerThread2"         daemon [_thread_blocked, id=38840, stack(0x000000d0a2a00000,0x000000d0a2b00000) (1024K)]
  0x000002b879c8cea0 JavaThread "Timer-5"                           [_thread_blocked, id=34140, stack(0x000000d0a2500000,0x000000d0a2600000) (1024K)]
  0x000002b879c8e8e0 JavaThread "Timer-6"                           [_thread_blocked, id=34132, stack(0x000000d0a6000000,0x000000d0a6100000) (1024K)]
  0x000002b879c937a0 JavaThread "Timer-7"                           [_thread_blocked, id=20856, stack(0x000000d0a6100000,0x000000d0a6200000) (1024K)]
  0x000002b879c8ef70 JavaThread "Connection worker"                 [_thread_in_native, id=23796, stack(0x000000d0a6200000,0x000000d0a6300000) (1024K)]
  0x000002b879c93110 JavaThread "pool-4-thread-1"                   [_thread_blocked, id=22568, stack(0x000000d0a6300000,0x000000d0a6400000) (1024K)]
Total: 58

Other Threads:
  0x000002b86de74ba0 VMThread "VM Thread"                           [id=36628, stack(0x000000d0a1b00000,0x000000d0a1c00000) (1024K)]
  0x000002b8175d4d90 WatcherThread "VM Periodic Task Thread"        [id=23084, stack(0x000000d0a1a00000,0x000000d0a1b00000) (1024K)]
  0x000002b817587d90 WorkerThread "GC Thread#0"                     [id=21364, stack(0x000000d0a1900000,0x000000d0a1a00000) (1024K)]
  0x000002b86f974570 WorkerThread "GC Thread#1"                     [id=19200, stack(0x000000d0a2b00000,0x000000d0a2c00000) (1024K)]
  0x000002b86ff265a0 WorkerThread "GC Thread#2"                     [id=34924, stack(0x000000d0a2c00000,0x000000d0a2d00000) (1024K)]
  0x000002b86ff26940 WorkerThread "GC Thread#3"                     [id=17984, stack(0x000000d0a2d00000,0x000000d0a2e00000) (1024K)]
  0x000002b86ff26ce0 WorkerThread "GC Thread#4"                     [id=15540, stack(0x000000d0a2e00000,0x000000d0a2f00000) (1024K)]
  0x000002b86ff27080 WorkerThread "GC Thread#5"                     [id=9160, stack(0x000000d0a2f00000,0x000000d0a3000000) (1024K)]
  0x000002b86ff27420 WorkerThread "GC Thread#6"                     [id=22996, stack(0x000000d0a3000000,0x000000d0a3100000) (1024K)]
  0x000002b874472c70 WorkerThread "GC Thread#7"                     [id=10484, stack(0x000000d0a3300000,0x000000d0a3400000) (1024K)]
  0x000002b874472190 WorkerThread "GC Thread#8"                     [id=29368, stack(0x000000d0a3800000,0x000000d0a3900000) (1024K)]
  0x000002b874472530 WorkerThread "GC Thread#9"                     [id=7416, stack(0x000000d0a3900000,0x000000d0a3a00000) (1024K)]
  0x000002b874471a50 WorkerThread "GC Thread#10"                    [id=23684, stack(0x000000d0a3b00000,0x000000d0a3c00000) (1024K)]
  0x000002b8744733b0 WorkerThread "GC Thread#11"                    [id=34692, stack(0x000000d0a3c00000,0x000000d0a3d00000) (1024K)]
  0x000002b8748eb140 WorkerThread "GC Thread#12"                    [id=22124, stack(0x000000d0a3e00000,0x000000d0a3f00000) (1024K)]
Total: 15

Threads with active compile tasks:
C2 CompilerThread0  23048 10356       4       com.esotericsoftware.kryo.io.Input::require (220 bytes)
Total: 1

VM state: not at safepoint (normal execution)

VM Mutex/Monitor currently owned by a thread: None

Heap address: 0x00000000c0000000, size: 1024 MB, Compressed Oops mode: 32-bit

CDS archive(s) mapped at: [0x000002b82c000000-0x000002b82cba0000-0x000002b82cba0000), size 12189696, SharedBaseAddress: 0x000002b82c000000, ArchiveRelocationMode: 1.
Compressed class space mapped at: 0x000002b82d000000-0x000002b86d000000, reserved size: 1073741824
Narrow klass base: 0x000002b82c000000, Narrow klass shift: 0, Narrow klass range: 0x100000000

GC Precious Log:
 CardTable entry size: 512
 CPUs: 16 total, 16 available
 Memory: 15556M
 Large Page Support: Disabled
 NUMA Support: Disabled
 Compressed Oops: Enabled (32-bit)
 Alignments: Space 512K, Generation 512K, Heap 2M
 Heap Min Capacity: 100M
 Heap Initial Capacity: 100M
 Heap Max Capacity: 1G
 Pre-touch: Disabled
 Parallel Workers: 13

Heap:
 PSYoungGen      total 4096K, used 1695K [0x00000000eab00000, 0x00000000eb080000, 0x0000000100000000)
  eden space 3584K, 36% used [0x00000000eab00000,0x00000000eac47c38,0x00000000eae80000)
  from space 512K, 75% used [0x00000000eaf80000,0x00000000eafe0000,0x00000000eb000000)
  to   space 512K, 0% used [0x00000000eb000000,0x00000000eb000000,0x00000000eb080000)
 ParOldGen       total 435200K, used 435167K [0x00000000c0000000, 0x00000000da900000, 0x00000000eab00000)
  object space 435200K, 99% used [0x00000000c0000000,0x00000000da8f7d28,0x00000000da900000)
 Metaspace       used 69469K, committed 70976K, reserved 1114112K
  class space    used 8365K, committed 9088K, reserved 1048576K

Card table byte_map: [0x000002b816f00000,0x000002b817110000] _byte_map_base: 0x000002b816900000

Marking Bits: (ParMarkBitMap*) 0x00007ffc318b3260
 Begin Bits: [0x000002b829750000, 0x000002b82a750000)
 End Bits:   [0x000002b82a750000, 0x000002b82b750000)

Polling page: 0x000002b8153b0000

Metaspace:

Usage:
  Non-class:     59.67 MB used.
      Class:      8.17 MB used.
       Both:     67.84 MB used.

Virtual space:
  Non-class space:       64.00 MB reserved,      60.44 MB ( 94%) committed,  1 nodes.
      Class space:        1.00 GB reserved,       8.88 MB ( <1%) committed,  1 nodes.
             Both:        1.06 GB reserved,      69.31 MB (  6%) committed. 

Chunk freelists:
   Non-Class:  3.06 MB
       Class:  7.09 MB
        Both:  10.16 MB

MaxMetaspaceSize: unlimited
CompressedClassSpaceSize: 1.00 GB
Initial GC threshold: 21.00 MB
Current GC threshold: 97.31 MB
CDS: on
 - commit_granule_bytes: 65536.
 - commit_granule_words: 8192.
 - virtual_space_node_default_size: 8388608.
 - enlarge_chunks_in_place: 1.
 - use_allocation_guard: 0.


Internal statistics:

num_allocs_failed_limit: 9.
num_arena_births: 1304.
num_arena_deaths: 14.
num_vsnodes_births: 2.
num_vsnodes_deaths: 0.
num_space_committed: 1109.
num_space_uncommitted: 0.
num_chunks_returned_to_freelist: 23.
num_chunks_taken_from_freelist: 4358.
num_chunk_merges: 15.
num_chunk_splits: 2839.
num_chunks_enlarged: 1776.
num_inconsistent_stats: 0.

CodeHeap 'non-profiled nmethods': size=119168Kb used=8067Kb max_used=8067Kb free=111100Kb
 bounds [0x000002b8222f0000, 0x000002b822ae0000, 0x000002b829750000]
CodeHeap 'profiled nmethods': size=119104Kb used=19751Kb max_used=19751Kb free=99352Kb
 bounds [0x000002b81a750000, 0x000002b81baa0000, 0x000002b821ba0000]
CodeHeap 'non-nmethods': size=7488Kb used=2540Kb max_used=3168Kb free=4947Kb
 bounds [0x000002b821ba0000, 0x000002b821ed0000, 0x000002b8222f0000]
 total_blobs=10264 nmethods=9539 adapters=629
 compilation: enabled
              stopped_count=0, restarted_count=0
 full_count=0

Compilation events (20 events):
Event: 22.828 Thread 0x000002b875925030 10355       4       java.io.ObjectInputStream$PeekInputStream::read (115 bytes)
Event: 22.848 Thread 0x000002b875925030 nmethod 10355 0x000002b822ac9d10 code [0x000002b822ac9fe0, 0x000002b822acae60]
Event: 22.849 Thread 0x000002b82b942670 nmethod 10353 0x000002b822acb990 code [0x000002b822acbc60, 0x000002b822accf90]
Event: 22.869 Thread 0x000002b82b942670 10356       4       com.esotericsoftware.kryo.io.Input::require (220 bytes)
Event: 22.895 Thread 0x000002b87e00d970 10357       3       java.lang.Enum::compareTo (44 bytes)
Event: 22.895 Thread 0x000002b87e00d970 nmethod 10357 0x000002b81ba95b10 code [0x000002b81ba95d00, 0x000002b81ba961d8]
Event: 22.946 Thread 0x000002b875925030 10358       4       java.lang.reflect.Method::setAccessible (21 bytes)
Event: 22.952 Thread 0x000002b875925030 nmethod 10358 0x000002b822acdd90 code [0x000002b822acdfc0, 0x000002b822ace3f0]
Event: 22.955 Thread 0x000002b875925030 10359       4       java.io.ObjectInputStream$BlockDataInputStream::readFully (42 bytes)
Event: 22.955 Thread 0x000002b82b943e60 10362   !   2       org.gradle.internal.event.AbstractBroadcastDispatch::dispatch (74 bytes)
Event: 22.956 Thread 0x000002b82b943e60 nmethod 10362 0x000002b81ba96410 code [0x000002b81ba96660, 0x000002b81ba96d38]
Event: 22.956 Thread 0x000002b82b943e60 10363       3       org.gradle.tooling.internal.consumer.parameters.BuildProgressListenerAdapter::toGenericProgressEvent (34 bytes)
Event: 22.956 Thread 0x000002b82b943e60 nmethod 10363 0x000002b81ba97110 code [0x000002b81ba97300, 0x000002b81ba97960]
Event: 22.962 Thread 0x000002b875925030 nmethod 10359 0x000002b822ace910 code [0x000002b822aceb00, 0x000002b822acf038]
Event: 22.962 Thread 0x000002b875925030 10360       4       java.io.ObjectInputStream$HandleTable::markDependency (175 bytes)
Event: 22.967 Thread 0x000002b875925030 nmethod 10360 0x000002b822acf490 code [0x000002b822acf680, 0x000002b822acfb90]
Event: 22.967 Thread 0x000002b875925030 10361       4       java.io.ObjectInputStream$BlockDataInputStream::read (138 bytes)
Event: 22.970 Thread 0x000002b875925030 nmethod 10361 0x000002b822acff10 code [0x000002b822ad0100, 0x000002b822ad0518]
Event: 22.977 Thread 0x000002b82b943e60 10364       1       org.gradle.internal.logging.events.ProgressStartEvent::getParentProgressOperationId (5 bytes)
Event: 22.977 Thread 0x000002b82b943e60 nmethod 10364 0x000002b822ad0890 code [0x000002b822ad0a20, 0x000002b822ad0ae8]

GC Heap History (20 events):
Event: 22.177 GC heap before
{Heap before GC invocations=637 (full 3):
 PSYoungGen      total 4608K, used 4000K [0x00000000eab00000, 0x00000000eb100000, 0x0000000100000000)
  eden space 3584K, 100% used [0x00000000eab00000,0x00000000eae80000,0x00000000eae80000)
  from space 1024K, 40% used [0x00000000eaf00000,0x00000000eaf68000,0x00000000eb000000)
  to   space 1024K, 0% used [0x00000000eb000000,0x00000000eb000000,0x00000000eb100000)
 ParOldGen       total 434176K, used 433913K [0x00000000c0000000, 0x00000000da800000, 0x00000000eab00000)
  object space 434176K, 99% used [0x00000000c0000000,0x00000000da7be4f8,0x00000000da800000)
 Metaspace       used 68420K, committed 69824K, reserved 1114112K
  class space    used 8229K, committed 8832K, reserved 1048576K
}
Event: 22.178 GC heap after
{Heap after GC invocations=637 (full 3):
 PSYoungGen      total 4096K, used 416K [0x00000000eab00000, 0x00000000eb080000, 0x0000000100000000)
  eden space 3584K, 0% used [0x00000000eab00000,0x00000000eab00000,0x00000000eae80000)
  from space 512K, 81% used [0x00000000eb000000,0x00000000eb068000,0x00000000eb080000)
  to   space 512K, 0% used [0x00000000eaf80000,0x00000000eaf80000,0x00000000eb000000)
 ParOldGen       total 434176K, used 434161K [0x00000000c0000000, 0x00000000da800000, 0x00000000eab00000)
  object space 434176K, 99% used [0x00000000c0000000,0x00000000da7fc4f8,0x00000000da800000)
 Metaspace       used 68420K, committed 69824K, reserved 1114112K
  class space    used 8229K, committed 8832K, reserved 1048576K
}
Event: 22.244 GC heap before
{Heap before GC invocations=638 (full 3):
 PSYoungGen      total 4096K, used 4000K [0x00000000eab00000, 0x00000000eb080000, 0x0000000100000000)
  eden space 3584K, 100% used [0x00000000eab00000,0x00000000eae80000,0x00000000eae80000)
  from space 512K, 81% used [0x00000000eb000000,0x00000000eb068000,0x00000000eb080000)
  to   space 512K, 0% used [0x00000000eaf80000,0x00000000eaf80000,0x00000000eb000000)
 ParOldGen       total 434176K, used 434161K [0x00000000c0000000, 0x00000000da800000, 0x00000000eab00000)
  object space 434176K, 99% used [0x00000000c0000000,0x00000000da7fc4f8,0x00000000da800000)
 Metaspace       used 68664K, committed 70144K, reserved 1114112K
  class space    used 8267K, committed 8960K, reserved 1048576K
}
Event: 22.245 GC heap after
{Heap after GC invocations=638 (full 3):
 PSYoungGen      total 4096K, used 480K [0x00000000eab00000, 0x00000000eb080000, 0x0000000100000000)
  eden space 3584K, 0% used [0x00000000eab00000,0x00000000eab00000,0x00000000eae80000)
  from space 512K, 93% used [0x00000000eaf80000,0x00000000eaff8010,0x00000000eb000000)
  to   space 512K, 0% used [0x00000000eb000000,0x00000000eb000000,0x00000000eb080000)
 ParOldGen       total 434688K, used 434289K [0x00000000c0000000, 0x00000000da880000, 0x00000000eab00000)
  object space 434688K, 99% used [0x00000000c0000000,0x00000000da81c4f8,0x00000000da880000)
 Metaspace       used 68664K, committed 70144K, reserved 1114112K
  class space    used 8267K, committed 8960K, reserved 1048576K
}
Event: 22.318 GC heap before
{Heap before GC invocations=639 (full 3):
 PSYoungGen      total 4096K, used 4064K [0x00000000eab00000, 0x00000000eb080000, 0x0000000100000000)
  eden space 3584K, 100% used [0x00000000eab00000,0x00000000eae80000,0x00000000eae80000)
  from space 512K, 93% used [0x00000000eaf80000,0x00000000eaff8010,0x00000000eb000000)
  to   space 512K, 0% used [0x00000000eb000000,0x00000000eb000000,0x00000000eb080000)
 ParOldGen       total 434688K, used 434289K [0x00000000c0000000, 0x00000000da880000, 0x00000000eab00000)
  object space 434688K, 99% used [0x00000000c0000000,0x00000000da81c4f8,0x00000000da880000)
 Metaspace       used 68987K, committed 70528K, reserved 1114112K
  class space    used 8311K, committed 9024K, reserved 1048576K
}
Event: 22.320 GC heap after
{Heap after GC invocations=639 (full 3):
 PSYoungGen      total 4096K, used 320K [0x00000000eab00000, 0x00000000eb080000, 0x0000000100000000)
  eden space 3584K, 0% used [0x00000000eab00000,0x00000000eab00000,0x00000000eae80000)
  from space 512K, 62% used [0x00000000eb000000,0x00000000eb050000,0x00000000eb080000)
  to   space 512K, 0% used [0x00000000eaf80000,0x00000000eaf80000,0x00000000eb000000)
 ParOldGen       total 434688K, used 434647K [0x00000000c0000000, 0x00000000da880000, 0x00000000eab00000)
  object space 434688K, 99% used [0x00000000c0000000,0x00000000da875d28,0x00000000da880000)
 Metaspace       used 68987K, committed 70528K, reserved 1114112K
  class space    used 8311K, committed 9024K, reserved 1048576K
}
Event: 22.390 GC heap before
{Heap before GC invocations=640 (full 3):
 PSYoungGen      total 4096K, used 3904K [0x00000000eab00000, 0x00000000eb080000, 0x0000000100000000)
  eden space 3584K, 100% used [0x00000000eab00000,0x00000000eae80000,0x00000000eae80000)
  from space 512K, 62% used [0x00000000eb000000,0x00000000eb050000,0x00000000eb080000)
  to   space 512K, 0% used [0x00000000eaf80000,0x00000000eaf80000,0x00000000eb000000)
 ParOldGen       total 434688K, used 434647K [0x00000000c0000000, 0x00000000da880000, 0x00000000eab00000)
  object space 434688K, 99% used [0x00000000c0000000,0x00000000da875d28,0x00000000da880000)
 Metaspace       used 69008K, committed 70528K, reserved 1114112K
  class space    used 8314K, committed 9024K, reserved 1048576K
}
Event: 22.391 GC heap after
{Heap after GC invocations=640 (full 3):
 PSYoungGen      total 4096K, used 352K [0x00000000eab00000, 0x00000000eb080000, 0x0000000100000000)
  eden space 3584K, 0% used [0x00000000eab00000,0x00000000eab00000,0x00000000eae80000)
  from space 512K, 68% used [0x00000000eaf80000,0x00000000eafd8000,0x00000000eb000000)
  to   space 512K, 0% used [0x00000000eb000000,0x00000000eb000000,0x00000000eb080000)
 ParOldGen       total 435200K, used 434743K [0x00000000c0000000, 0x00000000da900000, 0x00000000eab00000)
  object space 435200K, 99% used [0x00000000c0000000,0x00000000da88dd28,0x00000000da900000)
 Metaspace       used 69008K, committed 70528K, reserved 1114112K
  class space    used 8314K, committed 9024K, reserved 1048576K
}
Event: 22.449 GC heap before
{Heap before GC invocations=641 (full 3):
 PSYoungGen      total 4096K, used 3936K [0x00000000eab00000, 0x00000000eb080000, 0x0000000100000000)
  eden space 3584K, 100% used [0x00000000eab00000,0x00000000eae80000,0x00000000eae80000)
  from space 512K, 68% used [0x00000000eaf80000,0x00000000eafd8000,0x00000000eb000000)
  to   space 512K, 0% used [0x00000000eb000000,0x00000000eb000000,0x00000000eb080000)
 ParOldGen       total 435200K, used 434743K [0x00000000c0000000, 0x00000000da900000, 0x00000000eab00000)
  object space 435200K, 99% used [0x00000000c0000000,0x00000000da88dd28,0x00000000da900000)
 Metaspace       used 69008K, committed 70528K, reserved 1114112K
  class space    used 8314K, committed 9024K, reserved 1048576K
}
Event: 22.450 GC heap after
{Heap after GC invocations=641 (full 3):
 PSYoungGen      total 4096K, used 288K [0x00000000eab00000, 0x00000000eb080000, 0x0000000100000000)
  eden space 3584K, 0% used [0x00000000eab00000,0x00000000eab00000,0x00000000eae80000)
  from space 512K, 56% used [0x00000000eb000000,0x00000000eb048000,0x00000000eb080000)
  to   space 512K, 0% used [0x00000000eaf80000,0x00000000eaf80000,0x00000000eb000000)
 ParOldGen       total 435200K, used 434815K [0x00000000c0000000, 0x00000000da900000, 0x00000000eab00000)
  object space 435200K, 99% used [0x00000000c0000000,0x00000000da89fd28,0x00000000da900000)
 Metaspace       used 69008K, committed 70528K, reserved 1114112K
  class space    used 8314K, committed 9024K, reserved 1048576K
}
Event: 22.534 GC heap before
{Heap before GC invocations=642 (full 3):
 PSYoungGen      total 4096K, used 3872K [0x00000000eab00000, 0x00000000eb080000, 0x0000000100000000)
  eden space 3584K, 100% used [0x00000000eab00000,0x00000000eae80000,0x00000000eae80000)
  from space 512K, 56% used [0x00000000eb000000,0x00000000eb048000,0x00000000eb080000)
  to   space 512K, 0% used [0x00000000eaf80000,0x00000000eaf80000,0x00000000eb000000)
 ParOldGen       total 435200K, used 434815K [0x00000000c0000000, 0x00000000da900000, 0x00000000eab00000)
  object space 435200K, 99% used [0x00000000c0000000,0x00000000da89fd28,0x00000000da900000)
 Metaspace       used 69174K, committed 70656K, reserved 1114112K
  class space    used 8335K, committed 9024K, reserved 1048576K
}
Event: 22.534 GC heap after
{Heap after GC invocations=642 (full 3):
 PSYoungGen      total 4096K, used 352K [0x00000000eab00000, 0x00000000eb080000, 0x0000000100000000)
  eden space 3584K, 0% used [0x00000000eab00000,0x00000000eab00000,0x00000000eae80000)
  from space 512K, 68% used [0x00000000eaf80000,0x00000000eafd8000,0x00000000eb000000)
  to   space 512K, 0% used [0x00000000eb000000,0x00000000eb000000,0x00000000eb080000)
 ParOldGen       total 435200K, used 434863K [0x00000000c0000000, 0x00000000da900000, 0x00000000eab00000)
  object space 435200K, 99% used [0x00000000c0000000,0x00000000da8abd28,0x00000000da900000)
 Metaspace       used 69174K, committed 70656K, reserved 1114112K
  class space    used 8335K, committed 9024K, reserved 1048576K
}
Event: 22.592 GC heap before
{Heap before GC invocations=643 (full 3):
 PSYoungGen      total 4096K, used 3936K [0x00000000eab00000, 0x00000000eb080000, 0x0000000100000000)
  eden space 3584K, 100% used [0x00000000eab00000,0x00000000eae80000,0x00000000eae80000)
  from space 512K, 68% used [0x00000000eaf80000,0x00000000eafd8000,0x00000000eb000000)
  to   space 512K, 0% used [0x00000000eb000000,0x00000000eb000000,0x00000000eb080000)
 ParOldGen       total 435200K, used 434863K [0x00000000c0000000, 0x00000000da900000, 0x00000000eab00000)
  object space 435200K, 99% used [0x00000000c0000000,0x00000000da8abd28,0x00000000da900000)
 Metaspace       used 69174K, committed 70656K, reserved 1114112K
  class space    used 8335K, committed 9024K, reserved 1048576K
}
Event: 22.594 GC heap after
{Heap after GC invocations=643 (full 3):
 PSYoungGen      total 4096K, used 224K [0x00000000eab00000, 0x00000000eb080000, 0x0000000100000000)
  eden space 3584K, 0% used [0x00000000eab00000,0x00000000eab00000,0x00000000eae80000)
  from space 512K, 43% used [0x00000000eb000000,0x00000000eb038000,0x00000000eb080000)
  to   space 512K, 0% used [0x00000000eaf80000,0x00000000eaf80000,0x00000000eb000000)
 ParOldGen       total 435200K, used 434959K [0x00000000c0000000, 0x00000000da900000, 0x00000000eab00000)
  object space 435200K, 99% used [0x00000000c0000000,0x00000000da8c3d28,0x00000000da900000)
 Metaspace       used 69174K, committed 70656K, reserved 1114112K
  class space    used 8335K, committed 9024K, reserved 1048576K
}
Event: 22.650 GC heap before
{Heap before GC invocations=644 (full 3):
 PSYoungGen      total 4096K, used 3808K [0x00000000eab00000, 0x00000000eb080000, 0x0000000100000000)
  eden space 3584K, 100% used [0x00000000eab00000,0x00000000eae80000,0x00000000eae80000)
  from space 512K, 43% used [0x00000000eb000000,0x00000000eb038000,0x00000000eb080000)
  to   space 512K, 0% used [0x00000000eaf80000,0x00000000eaf80000,0x00000000eb000000)
 ParOldGen       total 435200K, used 434959K [0x00000000c0000000, 0x00000000da900000, 0x00000000eab00000)
  object space 435200K, 99% used [0x00000000c0000000,0x00000000da8c3d28,0x00000000da900000)
 Metaspace       used 69174K, committed 70656K, reserved 1114112K
  class space    used 8335K, committed 9024K, reserved 1048576K
}
Event: 22.651 GC heap after
{Heap after GC invocations=644 (full 3):
 PSYoungGen      total 4096K, used 288K [0x00000000eab00000, 0x00000000eb080000, 0x0000000100000000)
  eden space 3584K, 0% used [0x00000000eab00000,0x00000000eab00000,0x00000000eae80000)
  from space 512K, 56% used [0x00000000eaf80000,0x00000000eafc8000,0x00000000eb000000)
  to   space 512K, 0% used [0x00000000eb000000,0x00000000eb000000,0x00000000eb080000)
 ParOldGen       total 435200K, used 435031K [0x00000000c0000000, 0x00000000da900000, 0x00000000eab00000)
  object space 435200K, 99% used [0x00000000c0000000,0x00000000da8d5d28,0x00000000da900000)
 Metaspace       used 69174K, committed 70656K, reserved 1114112K
  class space    used 8335K, committed 9024K, reserved 1048576K
}
Event: 22.739 GC heap before
{Heap before GC invocations=645 (full 3):
 PSYoungGen      total 4096K, used 3869K [0x00000000eab00000, 0x00000000eb080000, 0x0000000100000000)
  eden space 3584K, 99% used [0x00000000eab00000,0x00000000eae7f668,0x00000000eae80000)
  from space 512K, 56% used [0x00000000eaf80000,0x00000000eafc8000,0x00000000eb000000)
  to   space 512K, 0% used [0x00000000eb000000,0x00000000eb000000,0x00000000eb080000)
 ParOldGen       total 435200K, used 435031K [0x00000000c0000000, 0x00000000da900000, 0x00000000eab00000)
  object space 435200K, 99% used [0x00000000c0000000,0x00000000da8d5d28,0x00000000da900000)
 Metaspace       used 69392K, committed 70912K, reserved 1114112K
  class space    used 8358K, committed 9088K, reserved 1048576K
}
Event: 22.742 GC heap after
{Heap after GC invocations=645 (full 3):
 PSYoungGen      total 4096K, used 416K [0x00000000eab00000, 0x00000000eb080000, 0x0000000100000000)
  eden space 3584K, 0% used [0x00000000eab00000,0x00000000eab00000,0x00000000eae80000)
  from space 512K, 81% used [0x00000000eb000000,0x00000000eb068000,0x00000000eb080000)
  to   space 512K, 0% used [0x00000000eaf80000,0x00000000eaf80000,0x00000000eb000000)
 ParOldGen       total 435200K, used 435047K [0x00000000c0000000, 0x00000000da900000, 0x00000000eab00000)
  object space 435200K, 99% used [0x00000000c0000000,0x00000000da8d9d28,0x00000000da900000)
 Metaspace       used 69392K, committed 70912K, reserved 1114112K
  class space    used 8358K, committed 9088K, reserved 1048576K
}
Event: 22.765 GC heap before
{Heap before GC invocations=646 (full 3):
 PSYoungGen      total 4096K, used 4000K [0x00000000eab00000, 0x00000000eb080000, 0x0000000100000000)
  eden space 3584K, 100% used [0x00000000eab00000,0x00000000eae80000,0x00000000eae80000)
  from space 512K, 81% used [0x00000000eb000000,0x00000000eb068000,0x00000000eb080000)
  to   space 512K, 0% used [0x00000000eaf80000,0x00000000eaf80000,0x00000000eb000000)
 ParOldGen       total 435200K, used 435047K [0x00000000c0000000, 0x00000000da900000, 0x00000000eab00000)
  object space 435200K, 99% used [0x00000000c0000000,0x00000000da8d9d28,0x00000000da900000)
 Metaspace       used 69459K, committed 70976K, reserved 1114112K
  class space    used 8365K, committed 9088K, reserved 1048576K
}
Event: 22.766 GC heap after
{Heap after GC invocations=646 (full 3):
 PSYoungGen      total 4096K, used 384K [0x00000000eab00000, 0x00000000eb080000, 0x0000000100000000)
  eden space 3584K, 0% used [0x00000000eab00000,0x00000000eab00000,0x00000000eae80000)
  from space 512K, 75% used [0x00000000eaf80000,0x00000000eafe0000,0x00000000eb000000)
  to   space 512K, 0% used [0x00000000eb000000,0x00000000eb000000,0x00000000eb080000)
 ParOldGen       total 435200K, used 435167K [0x00000000c0000000, 0x00000000da900000, 0x00000000eab00000)
  object space 435200K, 99% used [0x00000000c0000000,0x00000000da8f7d28,0x00000000da900000)
 Metaspace       used 69459K, committed 70976K, reserved 1114112K
  class space    used 8365K, committed 9088K, reserved 1048576K
}

Dll operation events (15 events):
Event: 0.011 Loaded shared library c:\Users\LENOVO\.cursor\extensions\redhat.java-1.41.1-win32-x64\jre\21.0.6-win32-x86_64\bin\java.dll
Event: 0.114 Loaded shared library c:\Users\LENOVO\.cursor\extensions\redhat.java-1.41.1-win32-x64\jre\21.0.6-win32-x86_64\bin\zip.dll
Event: 0.147 Loaded shared library C:\Users\LENOVO\.cursor\extensions\redhat.java-1.41.1-win32-x64\jre\21.0.6-win32-x86_64\bin\instrument.dll
Event: 0.153 Loaded shared library C:\Users\LENOVO\.cursor\extensions\redhat.java-1.41.1-win32-x64\jre\21.0.6-win32-x86_64\bin\net.dll
Event: 0.156 Loaded shared library C:\Users\LENOVO\.cursor\extensions\redhat.java-1.41.1-win32-x64\jre\21.0.6-win32-x86_64\bin\nio.dll
Event: 0.160 Loaded shared library C:\Users\LENOVO\.cursor\extensions\redhat.java-1.41.1-win32-x64\jre\21.0.6-win32-x86_64\bin\zip.dll
Event: 0.185 Loaded shared library C:\Users\LENOVO\.cursor\extensions\redhat.java-1.41.1-win32-x64\jre\21.0.6-win32-x86_64\bin\jimage.dll
Event: 0.287 Loaded shared library c:\Users\LENOVO\.cursor\extensions\redhat.java-1.41.1-win32-x64\jre\21.0.6-win32-x86_64\bin\verify.dll
Event: 1.745 Loaded shared library C:\Users\LENOVO\AppData\Roaming\Cursor\User\globalStorage\redhat.java\1.41.1\config_win\org.eclipse.equinox.launcher\org.eclipse.equinox.launcher.win32.win32.x86_64_1.2.1300.v20250331-1702\eclipse_11911.dll
Event: 3.245 Loaded shared library C:\Users\LENOVO\AppData\Local\Temp\jna--2053026509\jna11655931926959732989.dll
Event: 7.978 Loaded shared library C:\Users\LENOVO\.gradle\native\c067742578af261105cb4f569cf0c3c89f3d7b1fecec35dd04571415982c5e48\windows-amd64\native-platform.dll
Event: 9.758 Loaded shared library C:\Users\LENOVO\.cursor\extensions\redhat.java-1.41.1-win32-x64\jre\21.0.6-win32-x86_64\bin\management.dll
Event: 9.778 Loaded shared library C:\Users\LENOVO\.cursor\extensions\redhat.java-1.41.1-win32-x64\jre\21.0.6-win32-x86_64\bin\management_ext.dll
Event: 13.775 Loaded shared library C:\Users\LENOVO\.cursor\extensions\redhat.java-1.41.1-win32-x64\jre\21.0.6-win32-x86_64\bin\extnet.dll
Event: 13.879 Loaded shared library C:\Users\LENOVO\.cursor\extensions\redhat.java-1.41.1-win32-x64\jre\21.0.6-win32-x86_64\bin\sunmscapi.dll

Deoptimization events (20 events):
Event: 22.747 Thread 0x000002b874c2e010 Uncommon trap: trap_request=0xffffffc6 fr.pc=0x000002b8226576fc relative=0x0000000000000a9c
Event: 22.747 Thread 0x000002b874c2e010 Uncommon trap: reason=bimorphic_or_optimized_type_check action=maybe_recompile pc=0x000002b8226576fc method=java.util.ArrayList.equalsRange(Ljava/util/List;II)Z @ 71 c2
Event: 22.748 Thread 0x000002b874c2e010 DEOPT PACKING pc=0x000002b8226576fc sp=0x000000d0a40fea80
Event: 22.748 Thread 0x000002b874c2e010 DEOPT UNPACKING pc=0x000002b821bf3aa2 sp=0x000000d0a40fea10 mode 2
Event: 22.748 Thread 0x000002b874c2e010 Uncommon trap: trap_request=0xffffffc6 fr.pc=0x000002b8226576fc relative=0x0000000000000a9c
Event: 22.748 Thread 0x000002b874c2e010 Uncommon trap: reason=bimorphic_or_optimized_type_check action=maybe_recompile pc=0x000002b8226576fc method=java.util.ArrayList.equalsRange(Ljava/util/List;II)Z @ 71 c2
Event: 22.748 Thread 0x000002b874c2e010 DEOPT PACKING pc=0x000002b8226576fc sp=0x000000d0a40fea80
Event: 22.748 Thread 0x000002b874c2e010 DEOPT UNPACKING pc=0x000002b821bf3aa2 sp=0x000000d0a40fea10 mode 2
Event: 22.779 Thread 0x000002b879c8ef70 Uncommon trap: trap_request=0xffffff54 fr.pc=0x000002b822a1863c relative=0x00000000000003fc
Event: 22.779 Thread 0x000002b879c8ef70 Uncommon trap: reason=speculate_null_assert action=make_not_entrant pc=0x000002b822a1863c method=sun.nio.ch.WEPollSelectorImpl.processUpdateQueue()V @ 42 c2
Event: 22.779 Thread 0x000002b879c8ef70 DEOPT PACKING pc=0x000002b822a1863c sp=0x000000d0a62fe1a0
Event: 22.779 Thread 0x000002b879c8ef70 DEOPT UNPACKING pc=0x000002b821bf3aa2 sp=0x000000d0a62fde70 mode 2
Event: 22.795 Thread 0x000002b879c8ef70 Uncommon trap: trap_request=0xffffff45 fr.pc=0x000002b822a6d2e4 relative=0x0000000000000f04
Event: 22.795 Thread 0x000002b879c8ef70 Uncommon trap: reason=unstable_if action=reinterpret pc=0x000002b822a6d2e4 method=org.gradle.internal.serialize.AbstractDecoder.getInputStream()Ljava/io/InputStream; @ 4 c2
Event: 22.795 Thread 0x000002b879c8ef70 DEOPT PACKING pc=0x000002b822a6d2e4 sp=0x000000d0a62fe240
Event: 22.795 Thread 0x000002b879c8ef70 DEOPT UNPACKING pc=0x000002b821bf3aa2 sp=0x000000d0a62fe0c8 mode 2
Event: 22.796 Thread 0x000002b879c8ef70 Uncommon trap: trap_request=0xffffff45 fr.pc=0x000002b822a4e998 relative=0x00000000000039f8
Event: 22.796 Thread 0x000002b879c8ef70 Uncommon trap: reason=unstable_if action=reinterpret pc=0x000002b822a4e998 method=org.gradle.tooling.internal.consumer.parameters.BuildProgressListenerAdapter.getParentDescriptor(Ljava/lang/Object;)Lorg/gradle/tooling/events/OperationDescriptor; @ 1 c2
Event: 22.796 Thread 0x000002b879c8ef70 DEOPT PACKING pc=0x000002b822a4e998 sp=0x000000d0a62fe0e0
Event: 22.796 Thread 0x000002b879c8ef70 DEOPT UNPACKING pc=0x000002b821bf3aa2 sp=0x000000d0a62fdf80 mode 2

Classes loaded (20 events):
Event: 13.968 Loading class java/lang/UnsupportedClassVersionError
Event: 13.969 Loading class java/lang/UnsupportedClassVersionError done
Event: 15.022 Loading class java/time/Ser
Event: 15.023 Loading class java/time/Ser done
Event: 17.455 Loading class sun/nio/fs/WindowsFileCopy
Event: 17.455 Loading class sun/nio/fs/WindowsFileCopy done
Event: 21.972 Loading class java/net/UrlDeserializedState
Event: 21.972 Loading class java/net/UrlDeserializedState done
Event: 21.973 Loading class java/net/Proxy
Event: 21.973 Loading class java/net/Proxy done
Event: 21.988 Loading class java/io/ObjectInputStream$Caches
Event: 21.988 Loading class java/io/ObjectInputStream$Caches done
Event: 21.988 Loading class java/io/ObjectInputStream$Caches$1
Event: 21.989 Loading class java/io/ObjectInputStream$Caches$1 done
Event: 22.220 Loading class sun/reflect/generics/tree/IntSignature
Event: 22.220 Loading class sun/reflect/generics/tree/IntSignature done
Event: 22.525 Loading class java/util/Hashtable$KeySet
Event: 22.525 Loading class java/util/Hashtable$KeySet done
Event: 22.763 Loading class java/security/DigestInputStream
Event: 22.764 Loading class java/security/DigestInputStream done

Classes unloaded (7 events):
Event: 3.937 Thread 0x000002b86de74ba0 Unloading class 0x000002b82d198c00 'java/lang/invoke/LambdaForm$MH+0x000002b82d198c00'
Event: 3.937 Thread 0x000002b86de74ba0 Unloading class 0x000002b82d198800 'java/lang/invoke/LambdaForm$MH+0x000002b82d198800'
Event: 3.937 Thread 0x000002b86de74ba0 Unloading class 0x000002b82d198400 'java/lang/invoke/LambdaForm$MH+0x000002b82d198400'
Event: 3.937 Thread 0x000002b86de74ba0 Unloading class 0x000002b82d198000 'java/lang/invoke/LambdaForm$MH+0x000002b82d198000'
Event: 3.937 Thread 0x000002b86de74ba0 Unloading class 0x000002b82d197c00 'java/lang/invoke/LambdaForm$BMH+0x000002b82d197c00'
Event: 3.937 Thread 0x000002b86de74ba0 Unloading class 0x000002b82d197800 'java/lang/invoke/LambdaForm$DMH+0x000002b82d197800'
Event: 3.937 Thread 0x000002b86de74ba0 Unloading class 0x000002b82d196400 'java/lang/invoke/LambdaForm$DMH+0x000002b82d196400'

Classes redefined (0 events):
No events

Internal exceptions (20 events):
Event: 22.183 Thread 0x000002b879c8d530 Exception <a 'java/lang/NoSuchMethodError'{0x00000000eab4c7d8}: static Lorg/gradle/plugins/ide/internal/tooling/model/LaunchableGradleTask;.<clinit>()V> (0x00000000eab4c7d8) 
thrown [s\src\hotspot\share\prims\jni.cpp, line 1111]
Event: 22.183 Thread 0x000002b879c8d530 Exception <a 'java/lang/NoSuchMethodError'{0x00000000eab526e8}: static Lorg/gradle/plugins/ide/internal/tooling/model/LaunchableGradleProjectTask;.<clinit>()V> (0x00000000eab526e8) 
thrown [s\src\hotspot\share\prims\jni.cpp, line 1111]
Event: 22.195 Thread 0x000002b879c8d530 Exception <a 'java/lang/NoSuchMethodError'{0x00000000eac04808}: static Lorg/gradle/plugins/ide/internal/tooling/eclipse/DefaultEclipseJavaSourceSettings;.<clinit>()V> (0x00000000eac04808) 
thrown [s\src\hotspot\share\prims\jni.cpp, line 1111]
Event: 22.196 Thread 0x000002b879c8d530 Exception <a 'java/lang/NoSuchMethodError'{0x00000000eac15a00}: static Lorg/gradle/plugins/ide/internal/tooling/java/DefaultInstalledJdk;.<clinit>()V> (0x00000000eac15a00) 
thrown [s\src\hotspot\share\prims\jni.cpp, line 1111]
Event: 22.200 Thread 0x000002b879c8d530 Exception <a 'java/lang/NoSuchMethodError'{0x00000000eac3a460}: static Lorg/gradle/plugins/ide/internal/tooling/eclipse/DefaultEclipseOutputLocation;.<clinit>()V> (0x00000000eac3a460) 
thrown [s\src\hotspot\share\prims\jni.cpp, line 1111]
Event: 22.202 Thread 0x000002b879c8d530 Exception <a 'java/lang/NoSuchMethodError'{0x00000000eac579e8}: static Lorg/gradle/plugins/ide/internal/tooling/eclipse/DefaultEclipseProjectNature;.<clinit>()V> (0x00000000eac579e8) 
thrown [s\src\hotspot\share\prims\jni.cpp, line 1111]
Event: 22.204 Thread 0x000002b879c8d530 Exception <a 'java/lang/NoSuchMethodError'{0x00000000eac76c50}: static Lorg/gradle/plugins/ide/internal/tooling/eclipse/DefaultEclipseTask;.<clinit>()V> (0x00000000eac76c50) 
thrown [s\src\hotspot\share\prims\jni.cpp, line 1111]
Event: 22.713 Thread 0x000002b874c2e010 Exception <a 'sun/nio/fs/WindowsException'{0x00000000eadadb48}> (0x00000000eadadb48) 
thrown [s\src\hotspot\share\prims\jni.cpp, line 520]
Event: 22.713 Thread 0x000002b874c2e010 Exception <a 'sun/nio/fs/WindowsException'{0x00000000eadae900}> (0x00000000eadae900) 
thrown [s\src\hotspot\share\prims\jni.cpp, line 520]
Event: 22.715 Thread 0x000002b874c2e010 Exception <a 'sun/nio/fs/WindowsException'{0x00000000eadb1500}> (0x00000000eadb1500) 
thrown [s\src\hotspot\share\prims\jni.cpp, line 520]
Event: 22.715 Thread 0x000002b874c2e010 Exception <a 'sun/nio/fs/WindowsException'{0x00000000eadb22b8}> (0x00000000eadb22b8) 
thrown [s\src\hotspot\share\prims\jni.cpp, line 520]
Event: 22.722 Thread 0x000002b874c2e010 Exception <a 'sun/nio/fs/WindowsException'{0x00000000eadf0e30}> (0x00000000eadf0e30) 
thrown [s\src\hotspot\share\prims\jni.cpp, line 520]
Event: 22.722 Thread 0x000002b874c2e010 Exception <a 'sun/nio/fs/WindowsException'{0x00000000eadf1be8}> (0x00000000eadf1be8) 
thrown [s\src\hotspot\share\prims\jni.cpp, line 520]
Event: 22.723 Thread 0x000002b874c2e010 Exception <a 'sun/nio/fs/WindowsException'{0x00000000eadf4220}> (0x00000000eadf4220) 
thrown [s\src\hotspot\share\prims\jni.cpp, line 520]
Event: 22.723 Thread 0x000002b874c2e010 Exception <a 'sun/nio/fs/WindowsException'{0x00000000eadf5230}> (0x00000000eadf5230) 
thrown [s\src\hotspot\share\prims\jni.cpp, line 520]
Event: 22.729 Thread 0x000002b874c2e010 Exception <a 'sun/nio/fs/WindowsException'{0x00000000eae2b710}> (0x00000000eae2b710) 
thrown [s\src\hotspot\share\prims\jni.cpp, line 520]
Event: 22.729 Thread 0x000002b874c2e010 Exception <a 'sun/nio/fs/WindowsException'{0x00000000eae2c4c8}> (0x00000000eae2c4c8) 
thrown [s\src\hotspot\share\prims\jni.cpp, line 520]
Event: 22.730 Thread 0x000002b874c2e010 Exception <a 'sun/nio/fs/WindowsException'{0x00000000eae2eb00}> (0x00000000eae2eb00) 
thrown [s\src\hotspot\share\prims\jni.cpp, line 520]
Event: 22.730 Thread 0x000002b874c2e010 Exception <a 'sun/nio/fs/WindowsException'{0x00000000eae2f8b8}> (0x00000000eae2f8b8) 
thrown [s\src\hotspot\share\prims\jni.cpp, line 520]
Event: 22.796 Thread 0x000002b879c8ef70 Implicit null exception at 0x000002b822a4b0a3 to 0x000002b822a4e974

ZGC Phase Switch (0 events):
No events

VM Operations (20 events):
Event: 22.244 Executing VM operation: ParallelGCFailedAllocation (Allocation Failure)
Event: 22.245 Executing VM operation: ParallelGCFailedAllocation (Allocation Failure) done
Event: 22.317 Executing VM operation: ParallelGCFailedAllocation (Allocation Failure)
Event: 22.320 Executing VM operation: ParallelGCFailedAllocation (Allocation Failure) done
Event: 22.390 Executing VM operation: ParallelGCFailedAllocation (Allocation Failure)
Event: 22.391 Executing VM operation: ParallelGCFailedAllocation (Allocation Failure) done
Event: 22.449 Executing VM operation: ParallelGCFailedAllocation (Allocation Failure)
Event: 22.450 Executing VM operation: ParallelGCFailedAllocation (Allocation Failure) done
Event: 22.507 Executing VM operation: HandshakeAllThreads (Deoptimize)
Event: 22.508 Executing VM operation: HandshakeAllThreads (Deoptimize) done
Event: 22.534 Executing VM operation: ParallelGCFailedAllocation (Allocation Failure)
Event: 22.534 Executing VM operation: ParallelGCFailedAllocation (Allocation Failure) done
Event: 22.592 Executing VM operation: ParallelGCFailedAllocation (Allocation Failure)
Event: 22.594 Executing VM operation: ParallelGCFailedAllocation (Allocation Failure) done
Event: 22.650 Executing VM operation: ParallelGCFailedAllocation (Allocation Failure)
Event: 22.651 Executing VM operation: ParallelGCFailedAllocation (Allocation Failure) done
Event: 22.739 Executing VM operation: ParallelGCFailedAllocation (Allocation Failure)
Event: 22.742 Executing VM operation: ParallelGCFailedAllocation (Allocation Failure) done
Event: 22.765 Executing VM operation: ParallelGCFailedAllocation (Allocation Failure)
Event: 22.766 Executing VM operation: ParallelGCFailedAllocation (Allocation Failure) done

Memory protections (0 events):
No events

Nmethod flushes (20 events):
Event: 9.858 Thread 0x000002b86de74ba0 flushing  nmethod 0x000002b81b10a810
Event: 9.858 Thread 0x000002b86de74ba0 flushing  nmethod 0x000002b81b119290
Event: 9.858 Thread 0x000002b86de74ba0 flushing  nmethod 0x000002b81b11c490
Event: 9.858 Thread 0x000002b86de74ba0 flushing  nmethod 0x000002b81b12e410
Event: 9.858 Thread 0x000002b86de74ba0 flushing  nmethod 0x000002b81b12f390
Event: 9.858 Thread 0x000002b86de74ba0 flushing  nmethod 0x000002b81b130290
Event: 9.858 Thread 0x000002b86de74ba0 flushing  nmethod 0x000002b81b130e90
Event: 9.858 Thread 0x000002b86de74ba0 flushing  nmethod 0x000002b81b131710
Event: 9.858 Thread 0x000002b86de74ba0 flushing  nmethod 0x000002b81b132f90
Event: 9.858 Thread 0x000002b86de74ba0 flushing  nmethod 0x000002b81b137890
Event: 9.858 Thread 0x000002b86de74ba0 flushing  nmethod 0x000002b81b141410
Event: 9.858 Thread 0x000002b86de74ba0 flushing  nmethod 0x000002b81b159010
Event: 9.858 Thread 0x000002b86de74ba0 flushing  nmethod 0x000002b81b16bb90
Event: 9.858 Thread 0x000002b86de74ba0 flushing  nmethod 0x000002b81b177010
Event: 9.858 Thread 0x000002b86de74ba0 flushing  nmethod 0x000002b81b180f90
Event: 9.858 Thread 0x000002b86de74ba0 flushing  nmethod 0x000002b81b188810
Event: 9.858 Thread 0x000002b86de74ba0 flushing  nmethod 0x000002b81b1b5090
Event: 9.858 Thread 0x000002b86de74ba0 flushing  nmethod 0x000002b81b1b5910
Event: 9.858 Thread 0x000002b86de74ba0 flushing  nmethod 0x000002b81b1b7210
Event: 9.858 Thread 0x000002b86de74ba0 flushing  nmethod 0x000002b81b1c5190

Events (20 events):
Event: 18.872 Thread 0x000002b86df7f5f0 Thread exited: 0x000002b86df7f5f0
Event: 19.268 Thread 0x000002b875925030 Thread exited: 0x000002b875925030
Event: 20.463 Thread 0x000002b82b943e60 Thread added: 0x000002b875925030
Event: 20.716 Thread 0x000002b875925030 Thread exited: 0x000002b875925030
Event: 20.971 Thread 0x000002b82b942670 Thread added: 0x000002b875925030
Event: 21.767 Thread 0x000002b875925030 Thread exited: 0x000002b875925030
Event: 21.976 Thread 0x000002b82b942670 Thread added: 0x000002b875925030
Event: 21.977 Thread 0x000002b82b942670 Thread added: 0x000002b86df7f5f0
Event: 22.187 Thread 0x000002b86df7f5f0 Thread added: 0x000002b87e00d970
Event: 22.218 Thread 0x000002b879c8c810 Thread exited: 0x000002b879c8c810
Event: 22.218 Thread 0x000002b879c8d530 Thread exited: 0x000002b879c8d530
Event: 22.278 Thread 0x000002b874c2e010 Thread added: 0x000002b879c8cea0
Event: 22.279 Thread 0x000002b874c2e010 Thread added: 0x000002b879c8f600
Event: 22.304 Thread 0x000002b879c8f600 Thread exited: 0x000002b879c8f600
Event: 22.306 Thread 0x000002b874c2e010 Thread added: 0x000002b879c8e8e0
Event: 22.308 Thread 0x000002b874c2e010 Thread added: 0x000002b879c8c810
Event: 22.327 Thread 0x000002b879c8c810 Thread exited: 0x000002b879c8c810
Event: 22.749 Thread 0x000002b874c2e010 Thread added: 0x000002b879c937a0
Event: 22.751 Thread 0x000002b874c2e010 Thread added: 0x000002b879c8ef70
Event: 22.770 Thread 0x000002b879c8ef70 Thread added: 0x000002b879c93110


Dynamic libraries:
0x00007ff679f80000 - 0x00007ff679f8e000 	c:\Users\LENOVO\.cursor\extensions\redhat.java-1.41.1-win32-x64\jre\21.0.6-win32-x86_64\bin\java.exe
0x00007ffcdac50000 - 0x00007ffcdae67000 	C:\Windows\SYSTEM32\ntdll.dll
0x00007ffcd96d0000 - 0x00007ffcd9794000 	C:\Windows\System32\KERNEL32.DLL
0x00007ffcd82b0000 - 0x00007ffcd8683000 	C:\Windows\System32\KERNELBASE.dll
0x00007ffcd2a10000 - 0x00007ffcd2aa7000 	C:\Windows\SYSTEM32\apphelp.dll
0x00007ffcd8110000 - 0x00007ffcd8221000 	C:\Windows\System32\ucrtbase.dll
0x00007ffcbd7b0000 - 0x00007ffcbd7c8000 	c:\Users\LENOVO\.cursor\extensions\redhat.java-1.41.1-win32-x64\jre\21.0.6-win32-x86_64\bin\jli.dll
0x00007ffcbb7a0000 - 0x00007ffcbb7be000 	c:\Users\LENOVO\.cursor\extensions\redhat.java-1.41.1-win32-x64\jre\21.0.6-win32-x86_64\bin\VCRUNTIME140.dll
0x00007ffcd97a0000 - 0x00007ffcd9951000 	C:\Windows\System32\USER32.dll
0x00007ffcd7ed0000 - 0x00007ffcd7ef6000 	C:\Windows\System32\win32u.dll
0x00007ffcd9020000 - 0x00007ffcd9049000 	C:\Windows\System32\GDI32.dll
0x00007ffcd87d0000 - 0x00007ffcd88eb000 	C:\Windows\System32\gdi32full.dll
0x00007ffcc8370000 - 0x00007ffcc8608000 	C:\Windows\WinSxS\amd64_microsoft.windows.common-controls_6595b64144ccf1df_6.0.22621.5124_none_270e8f4f7386d69d\COMCTL32.dll
0x00007ffcd9ad0000 - 0x00007ffcd9b77000 	C:\Windows\System32\msvcrt.dll
0x00007ffcd7f00000 - 0x00007ffcd7f9a000 	C:\Windows\System32\msvcp_win.dll
0x00007ffcd8a10000 - 0x00007ffcd8a41000 	C:\Windows\System32\IMM32.DLL
0x00007ffcc7e00000 - 0x00007ffcc7e0c000 	c:\Users\LENOVO\.cursor\extensions\redhat.java-1.41.1-win32-x64\jre\21.0.6-win32-x86_64\bin\vcruntime140_1.dll
0x00007ffc8b830000 - 0x00007ffc8b8bd000 	c:\Users\LENOVO\.cursor\extensions\redhat.java-1.41.1-win32-x64\jre\21.0.6-win32-x86_64\bin\msvcp140.dll
0x00007ffc30c00000 - 0x00007ffc31990000 	c:\Users\LENOVO\.cursor\extensions\redhat.java-1.41.1-win32-x64\jre\21.0.6-win32-x86_64\bin\server\jvm.dll
0x00007ffcda2a0000 - 0x00007ffcda351000 	C:\Windows\System32\ADVAPI32.dll
0x00007ffcd9620000 - 0x00007ffcd96c8000 	C:\Windows\System32\sechost.dll
0x00007ffcd80e0000 - 0x00007ffcd8108000 	C:\Windows\System32\bcrypt.dll
0x00007ffcd9cc0000 - 0x00007ffcd9dd4000 	C:\Windows\System32\RPCRT4.dll
0x00007ffcd8ef0000 - 0x00007ffcd8f61000 	C:\Windows\System32\WS2_32.dll
0x00007ffcd7c30000 - 0x00007ffcd7c7d000 	C:\Windows\SYSTEM32\POWRPROF.dll
0x00007ffcd2a00000 - 0x00007ffcd2a0a000 	C:\Windows\SYSTEM32\VERSION.dll
0x00007ffccef20000 - 0x00007ffccef54000 	C:\Windows\SYSTEM32\WINMM.dll
0x00007ffcd7c10000 - 0x00007ffcd7c23000 	C:\Windows\SYSTEM32\UMPDC.dll
0x00007ffcd6d50000 - 0x00007ffcd6d68000 	C:\Windows\SYSTEM32\kernel.appcore.dll
0x00007ffcc68b0000 - 0x00007ffcc68ba000 	c:\Users\LENOVO\.cursor\extensions\redhat.java-1.41.1-win32-x64\jre\21.0.6-win32-x86_64\bin\jimage.dll
0x00007ffcd0710000 - 0x00007ffcd0942000 	C:\Windows\SYSTEM32\DBGHELP.DLL
0x00007ffcd9e50000 - 0x00007ffcda1e2000 	C:\Windows\System32\combase.dll
0x00007ffcd9b80000 - 0x00007ffcd9c57000 	C:\Windows\System32\OLEAUT32.dll
0x00007ffccc3b0000 - 0x00007ffccc3e2000 	C:\Windows\SYSTEM32\dbgcore.DLL
0x00007ffcd8690000 - 0x00007ffcd870b000 	C:\Windows\System32\bcryptPrimitives.dll
0x00007ffcbe880000 - 0x00007ffcbe88f000 	c:\Users\LENOVO\.cursor\extensions\redhat.java-1.41.1-win32-x64\jre\21.0.6-win32-x86_64\bin\instrument.dll
0x00007ffcb9ae0000 - 0x00007ffcb9aff000 	c:\Users\LENOVO\.cursor\extensions\redhat.java-1.41.1-win32-x64\jre\21.0.6-win32-x86_64\bin\java.dll
0x00007ffcda370000 - 0x00007ffcdac06000 	C:\Windows\System32\SHELL32.dll
0x00007ffcd7fa0000 - 0x00007ffcd80df000 	C:\Windows\System32\wintypes.dll
0x00007ffcd5c30000 - 0x00007ffcd654a000 	C:\Windows\SYSTEM32\windows.storage.dll
0x00007ffcd88f0000 - 0x00007ffcd89fa000 	C:\Windows\System32\SHCORE.dll
0x00007ffcd9220000 - 0x00007ffcd9283000 	C:\Windows\System32\shlwapi.dll
0x00007ffcd7c90000 - 0x00007ffcd7cbb000 	C:\Windows\SYSTEM32\profapi.dll
0x00007ffcb7f90000 - 0x00007ffcb7fa8000 	c:\Users\LENOVO\.cursor\extensions\redhat.java-1.41.1-win32-x64\jre\21.0.6-win32-x86_64\bin\zip.dll
0x00007ffcc5c70000 - 0x00007ffcc5c80000 	C:\Users\LENOVO\.cursor\extensions\redhat.java-1.41.1-win32-x64\jre\21.0.6-win32-x86_64\bin\net.dll
0x00007ffcd4090000 - 0x00007ffcd41bc000 	C:\Windows\SYSTEM32\WINHTTP.dll
0x00007ffcd71c0000 - 0x00007ffcd722a000 	C:\Windows\system32\mswsock.dll
0x00007ffcb77c0000 - 0x00007ffcb77d6000 	C:\Users\LENOVO\.cursor\extensions\redhat.java-1.41.1-win32-x64\jre\21.0.6-win32-x86_64\bin\nio.dll
0x00007ffcbe6b0000 - 0x00007ffcbe6c0000 	c:\Users\LENOVO\.cursor\extensions\redhat.java-1.41.1-win32-x64\jre\21.0.6-win32-x86_64\bin\verify.dll
0x00007ffca88a0000 - 0x00007ffca88e5000 	C:\Users\LENOVO\AppData\Roaming\Cursor\User\globalStorage\redhat.java\1.41.1\config_win\org.eclipse.equinox.launcher\org.eclipse.equinox.launcher.win32.win32.x86_64_1.2.1300.v20250331-1702\eclipse_11911.dll
0x00007ffcd9420000 - 0x00007ffcd95c1000 	C:\Windows\System32\ole32.dll
0x00007ffcd7510000 - 0x00007ffcd752b000 	C:\Windows\SYSTEM32\CRYPTSP.dll
0x00007ffcd6cb0000 - 0x00007ffcd6ce7000 	C:\Windows\system32\rsaenh.dll
0x00007ffcd7260000 - 0x00007ffcd7288000 	C:\Windows\SYSTEM32\USERENV.dll
0x00007ffcd74f0000 - 0x00007ffcd74fc000 	C:\Windows\SYSTEM32\CRYPTBASE.dll
0x00007ffcd67b0000 - 0x00007ffcd67dd000 	C:\Windows\SYSTEM32\IPHLPAPI.DLL
0x00007ffcd8a00000 - 0x00007ffcd8a09000 	C:\Windows\System32\NSI.dll
0x00007ffc975e0000 - 0x00007ffc97629000 	C:\Users\LENOVO\AppData\Local\Temp\jna--2053026509\jna11655931926959732989.dll
0x00007ffcd9210000 - 0x00007ffcd9218000 	C:\Windows\System32\PSAPI.DLL
0x00007ffcd3d50000 - 0x00007ffcd3d69000 	C:\Windows\SYSTEM32\dhcpcsvc6.DLL
0x00007ffcd3d30000 - 0x00007ffcd3d4f000 	C:\Windows\SYSTEM32\dhcpcsvc.DLL
0x00007ffcbdab0000 - 0x00007ffcbdad7000 	C:\Users\LENOVO\.gradle\native\c067742578af261105cb4f569cf0c3c89f3d7b1fecec35dd04571415982c5e48\windows-amd64\native-platform.dll
0x00007ffcbb5a0000 - 0x00007ffcbb5aa000 	C:\Users\LENOVO\.cursor\extensions\redhat.java-1.41.1-win32-x64\jre\21.0.6-win32-x86_64\bin\management.dll
0x00007ffcb9840000 - 0x00007ffcb984b000 	C:\Users\LENOVO\.cursor\extensions\redhat.java-1.41.1-win32-x64\jre\21.0.6-win32-x86_64\bin\management_ext.dll
0x00007ffcb97b0000 - 0x00007ffcb97b9000 	C:\Users\LENOVO\.cursor\extensions\redhat.java-1.41.1-win32-x64\jre\21.0.6-win32-x86_64\bin\extnet.dll
0x00007ffcb97c0000 - 0x00007ffcb97ce000 	C:\Users\LENOVO\.cursor\extensions\redhat.java-1.41.1-win32-x64\jre\21.0.6-win32-x86_64\bin\sunmscapi.dll
0x00007ffcd7d60000 - 0x00007ffcd7ec7000 	C:\Windows\System32\CRYPT32.dll
0x00007ffcd7620000 - 0x00007ffcd764d000 	C:\Windows\SYSTEM32\ncrypt.dll
0x00007ffcd75e0000 - 0x00007ffcd7617000 	C:\Windows\SYSTEM32\NTASN1.dll
0x00007ffc7dd60000 - 0x00007ffc7dd68000 	C:\Windows\system32\wshunix.dll

dbghelp: loaded successfully - version: 4.0.5 - missing functions: none
symbol engine: initialized successfully - sym options: 0x614 - pdb path: .;c:\Users\LENOVO\.cursor\extensions\redhat.java-1.41.1-win32-x64\jre\21.0.6-win32-x86_64\bin;C:\Windows\SYSTEM32;C:\Windows\WinSxS\amd64_microsoft.windows.common-controls_6595b64144ccf1df_6.0.22621.5124_none_270e8f4f7386d69d;c:\Users\LENOVO\.cursor\extensions\redhat.java-1.41.1-win32-x64\jre\21.0.6-win32-x86_64\bin\server;C:\Users\LENOVO\AppData\Roaming\Cursor\User\globalStorage\redhat.java\1.41.1\config_win\org.eclipse.equinox.launcher\org.eclipse.equinox.launcher.win32.win32.x86_64_1.2.1300.v20250331-1702;C:\Users\LENOVO\AppData\Local\Temp\jna--2053026509;C:\Users\LENOVO\.gradle\native\c067742578af261105cb4f569cf0c3c89f3d7b1fecec35dd04571415982c5e48\windows-amd64

VM Arguments:
jvm_args: --add-modules=ALL-SYSTEM --add-opens=java.base/java.util=ALL-UNNAMED --add-opens=java.base/java.lang=ALL-UNNAMED --add-opens=java.base/sun.nio.fs=ALL-UNNAMED -Declipse.application=org.eclipse.jdt.ls.core.id1 -Dosgi.bundles.defaultStartLevel=4 -Declipse.product=org.eclipse.jdt.ls.core.product -Djava.import.generatesMetadataFilesAtProjectRoot=false -DDetectVMInstallationsJob.disabled=true -Dfile.encoding=utf8 -XX:+UseParallelGC -XX:GCTimeRatio=4 -XX:AdaptiveSizePolicyWeight=90 -Dsun.zip.disableMemoryMapping=true -Xmx1G -Xms100m -Xlog:disable -javaagent:c:\Users\LENOVO\.cursor\extensions\redhat.java-1.41.1-win32-x64\lombok\lombok-1.18.36.jar -XX:+HeapDumpOnOutOfMemoryError -XX:HeapDumpPath=c:\Users\LENOVO\AppData\Roaming\Cursor\User\workspaceStorage\e555ef3817190b90762c221f4e38cb40\redhat.java -Daether.dependencyCollector.impl=bf 
java_command: c:\Users\LENOVO\.cursor\extensions\redhat.java-1.41.1-win32-x64\server\plugins\org.eclipse.equinox.launcher_1.7.0.v20250331-1702.jar -configuration c:\Users\LENOVO\AppData\Roaming\Cursor\User\globalStorage\redhat.java\1.41.1\config_win -data c:\Users\LENOVO\AppData\Roaming\Cursor\User\workspaceStorage\e555ef3817190b90762c221f4e38cb40\redhat.java\jdt_ws --pipe=\\.\pipe\lsp-7b2fb9983671ed4e272ea404579cd47f-sock
java_class_path (initial): c:\Users\LENOVO\.cursor\extensions\redhat.java-1.41.1-win32-x64\server\plugins\org.eclipse.equinox.launcher_1.7.0.v20250331-1702.jar
Launcher Type: SUN_STANDARD

[Global flags]
    uintx AdaptiveSizePolicyWeight                 = 90                                        {product} {command line}
     intx CICompilerCount                          = 12                                        {product} {ergonomic}
    uintx GCTimeRatio                              = 4                                         {product} {command line}
     bool HeapDumpOnOutOfMemoryError               = true                                   {manageable} {command line}
    ccstr HeapDumpPath                             = c:\Users\LENOVO\AppData\Roaming\Cursor\User\workspaceStorage\e555ef3817190b90762c221f4e38cb40\redhat.java         {manageable} {command line}
   size_t InitialHeapSize                          = 104857600                                 {product} {command line}
   size_t MaxHeapSize                              = 1073741824                                {product} {command line}
   size_t MaxNewSize                               = 357564416                                 {product} {ergonomic}
   size_t MinHeapDeltaBytes                        = 524288                                    {product} {ergonomic}
   size_t MinHeapSize                              = 104857600                                 {product} {command line}
   size_t NewSize                                  = 34603008                                  {product} {ergonomic}
    uintx NonNMethodCodeHeapSize                   = 7602480                                {pd product} {ergonomic}
    uintx NonProfiledCodeHeapSize                  = 122027880                              {pd product} {ergonomic}
   size_t OldSize                                  = 70254592                                  {product} {ergonomic}
    uintx ProfiledCodeHeapSize                     = 122027880                              {pd product} {ergonomic}
    uintx ReservedCodeCacheSize                    = 251658240                              {pd product} {ergonomic}
     bool SegmentedCodeCache                       = true                                      {product} {ergonomic}
   size_t SoftMaxHeapSize                          = 1073741824                             {manageable} {ergonomic}
     bool UseCompressedOops                        = true                           {product lp64_product} {ergonomic}
     bool UseLargePagesIndividualAllocation        = false                                  {pd product} {ergonomic}
     bool UseParallelGC                            = true                                      {product} {command line}

Logging:
Log output configuration:
 #0: stdout all=off uptime,level,tags foldmultilines=false
 #1: stderr all=off uptime,level,tags foldmultilines=false

Environment Variables:
PATH=d:\Downloads\Cursor\cursor\resources\app\bin;C:\Program Files\Common Files\Oracle\Java\javapath;C:\Windows\system32;C:\Windows;C:\Windows\System32\Wbem;C:\Windows\System32\WindowsPowerShell\v1.0\;C:\Windows\System32\OpenSSH\;C:\Program Files\NVIDIA Corporation\NVIDIA NvDLISR;C:\Program Files (x86)\NVIDIA Corporation\PhysX\Common;C:\Program Files (x86)\Microsoft SQL Server\160\Tools\Binn\;C:\Program Files\Microsoft SQL Server\160\Tools\Binn\;C:\Program Files\Microsoft SQL Server\Client SDK\ODBC\170\Tools\Binn\;C:\Program Files\Microsoft SQL Server\160\DTS\Binn\;C:\Program Files (x86)\Microsoft SQL Server\160\DTS\Binn\;C:\Program Files\Azure Data Studio\bin;C:\xampp\php;C:\ProgramData\ComposerSetup\bin;C:\Program Files\Git\cmd;C:\Users\LENOVO\AppData\Local\Programs\Python\Python313\;C:\Users\LENOVO\AppData\Local\Programs\Python\Python313\Scripts\;C:\xampp\mysql\bin;C:\Program Files\Java\jdk-23\bin;D:\Downloads\gradle\gradle-8.9-bin.zip\gradle-8.9\bin;D:\Downloads\Node\;C:\ProgramData\chocolatey\bin;C:\Program F;C:\Users\LENOVO\AppData\Local\Programs\Python\Launcher\;C:\Users\LENOVO\AppData\Local\Microsoft\WindowsApps;C:\Program Files\Azure Data Studio\bin;C:\Users\LENOVO\AppData\Local\Programs\Microsoft VS Code\bin;C:\Users\LENOVO\AppData\Roaming\Composer\vendor\bin;C:\Program Files\Git\bin;C:\Users\LENOVO\AppData\Roaming\npm;C:\Program Files\MongoDB\mongosh-2.5.0-win32-x64\bin;D:\Downloads\Cursor\cursor\resources\app\bin;C:\Users\LENOVO\AppData\Local\Android\Sdk\platform-tools;C:\Users\LENOVO\AppData\Local\Android\Sdk\tools;
USERNAME=LENOVO
OS=Windows_NT
PROCESSOR_IDENTIFIER=AMD64 Family 25 Model 68 Stepping 1, AuthenticAMD
TMP=C:\Users\LENOVO\AppData\Local\Temp
TEMP=C:\Users\LENOVO\AppData\Local\Temp




Periodic native trim disabled

---------------  S Y S T E M  ---------------

OS:
 Windows 11 , 64 bit Build 22621 (10.0.22621.5124)
OS uptime: 1 days 19:33 hours
Hyper-V role detected

CPU: total 16 (initial active 16) (16 cores per cpu, 2 threads per core) family 25 model 68 stepping 1 microcode 0x0, cx8, cmov, fxsr, ht, mmx, 3dnowpref, sse, sse2, sse3, ssse3, sse4a, sse4.1, sse4.2, popcnt, lzcnt, tsc, tscinvbit, avx, avx2, aes, erms, clmul, bmi1, bmi2, adx, sha, fma, vzeroupper, clflush, clflushopt, hv, rdtscp, rdpid, fsrm, f16c, cet_ss
Processor Information for processor 0
  Max Mhz: 3201, Current Mhz: 2566, Mhz Limit: 3201
Processor Information for processor 1
  Max Mhz: 3201, Current Mhz: 3201, Mhz Limit: 3201
Processor Information for processor 2
  Max Mhz: 3201, Current Mhz: 3201, Mhz Limit: 3201
Processor Information for processor 3
  Max Mhz: 3201, Current Mhz: 2566, Mhz Limit: 3201
Processor Information for processor 4
  Max Mhz: 3201, Current Mhz: 3201, Mhz Limit: 3201
Processor Information for processor 5
  Max Mhz: 3201, Current Mhz: 3201, Mhz Limit: 3201
Processor Information for processor 6
  Max Mhz: 3201, Current Mhz: 2566, Mhz Limit: 3201
Processor Information for processor 7
  Max Mhz: 3201, Current Mhz: 2566, Mhz Limit: 3201
Processor Information for processor 8
  Max Mhz: 3201, Current Mhz: 3201, Mhz Limit: 3201
Processor Information for processor 9
  Max Mhz: 3201, Current Mhz: 2566, Mhz Limit: 3201
Processor Information for processor 10
  Max Mhz: 3201, Current Mhz: 3201, Mhz Limit: 3201
Processor Information for processor 11
  Max Mhz: 3201, Current Mhz: 3201, Mhz Limit: 3201
Processor Information for processor 12
  Max Mhz: 3201, Current Mhz: 3201, Mhz Limit: 3201
Processor Information for processor 13
  Max Mhz: 3201, Current Mhz: 3201, Mhz Limit: 3201
Processor Information for processor 14
  Max Mhz: 3201, Current Mhz: 3201, Mhz Limit: 3201
Processor Information for processor 15
  Max Mhz: 3201, Current Mhz: 3201, Mhz Limit: 3201

Memory: 4k page, system-wide physical 15556M (398M free)
TotalPageFile size 44918M (AvailPageFile size 3M)
current process WorkingSet (physical memory assigned to process): 728M, peak: 739M
current process commit charge ("private bytes"): 733M, peak: 747M

vm_info: OpenJDK 64-Bit Server VM (21.0.6+7-LTS) for windows-amd64 JRE (21.0.6+7-LTS), built on 2025-01-21T00:00:00Z by "admin" with MS VC++ 17.7 (VS2022)

END.
