#
# There is insufficient memory for the Java Runtime Environment to continue.
# Native memory allocation (mmap) failed to map 16777216 bytes. Error detail: G1 virtual space
# Possible reasons:
#   The system is out of physical RAM or swap space
#   This process is running with CompressedOops enabled, and the Java Heap may be blocking the growth of the native heap
# Possible solutions:
#   Reduce memory load on the system
#   Increase physical memory or swap space
#   Check if swap backing store is full
#   Decrease Java heap size (-Xmx/-Xms)
#   Decrease number of Java threads
#   Decrease Java thread stack sizes (-Xss)
#   Set larger code cache with -XX:ReservedCodeCacheSize=
#   JVM is running with Unscaled Compressed Oops mode in which the Java heap is
#     placed in the first 4GB address space. The Java Heap base address is the
#     maximum limit for the native heap growth. Please use -XX:HeapBaseMinAddress
#     to set the Java Heap base and to place the Java Heap above 4GB virtual address.
# This output file may be truncated or incomplete.
#
#  Out of Memory Error (os_windows.cpp:3686), pid=18004, tid=10236
#
# JRE version: OpenJDK Runtime Environment Temurin-21.0.6+7 (21.0.6+7) (build 21.0.6+7-LTS)
# Java VM: OpenJDK 64-Bit Server VM Temurin-21.0.6+7 (21.0.6+7-LTS, mixed mode, sharing, tiered, compressed oops, compressed class ptrs, g1 gc, windows-amd64)
# No core dump will be written. Minidumps are not enabled by default on client versions of Windows
#

---------------  S U M M A R Y ------------

Command Line: --add-opens=java.base/java.lang=ALL-UNNAMED --add-opens=java.base/java.lang.invoke=ALL-UNNAMED --add-opens=java.base/java.util=ALL-UNNAMED --add-opens=java.prefs/java.util.prefs=ALL-UNNAMED --add-exports=jdk.compiler/com.sun.tools.javac.api=ALL-UNNAMED --add-exports=jdk.compiler/com.sun.tools.javac.util=ALL-UNNAMED --add-opens=java.base/java.util=ALL-UNNAMED --add-opens=java.prefs/java.util.prefs=ALL-UNNAMED --add-opens=java.base/java.nio.charset=ALL-UNNAMED --add-opens=java.base/java.net=ALL-UNNAMED --add-opens=java.base/java.util.concurrent.atomic=ALL-UNNAMED --add-opens=java.xml/javax.xml.namespace=ALL-UNNAMED -Xmx2048m -Dfile.encoding=UTF-8 -Duser.country=US -Duser.language=en -Duser.variant -javaagent:C:\Users\LENOVO\.gradle\wrapper\dists\gradle-8.11.1-bin\bpt9gzteqjrbo1mjrsomdt32c\gradle-8.11.1\lib\agents\gradle-instrumentation-agent-8.11.1.jar org.gradle.launcher.daemon.bootstrap.GradleDaemon 8.11.1

Host: AMD Ryzen 7 6800H with Radeon Graphics         , 16 cores, 15G,  Windows 11 , 64 bit Build 22621 (10.0.22621.5124)
Time: Fri May  9 15:02:12 2025 SE Asia Standard Time elapsed time: 54.961986 seconds (0d 0h 0m 54s)

---------------  T H R E A D  ---------------

Current thread (0x000001817d4ed9f0):  VMThread "VM Thread"          [id=10236, stack(0x0000003ec9f00000,0x0000003eca000000) (1024K)]

Stack: [0x0000003ec9f00000,0x0000003eca000000]
Native frames: (J=compiled Java code, j=interpreted, Vv=VM code, C=native code)
V  [jvm.dll+0x6cdee9]
V  [jvm.dll+0x8a83d1]
V  [jvm.dll+0x8aa8fe]
V  [jvm.dll+0x8aafe3]
V  [jvm.dll+0x27f706]
V  [jvm.dll+0x6ca755]
V  [jvm.dll+0x6bea3a]
V  [jvm.dll+0x355d6a]
V  [jvm.dll+0x35d936]
V  [jvm.dll+0x3af58e]
V  [jvm.dll+0x3af838]
V  [jvm.dll+0x329efc]
V  [jvm.dll+0x32c756]
V  [jvm.dll+0x336948]
V  [jvm.dll+0x36be6f]
V  [jvm.dll+0x8b0cff]
V  [jvm.dll+0x8b2084]
V  [jvm.dll+0x8b25c0]
V  [jvm.dll+0x8b2863]
V  [jvm.dll+0x851f8b]
V  [jvm.dll+0x6cc5ed]
C  [ucrtbase.dll+0x29333]
C  [KERNEL32.DLL+0x1259d]
C  [ntdll.dll+0x5af38]

VM_Operation (0x0000003ec9aff6a0): G1PauseRemark, mode: safepoint, requested by thread 0x000001816527f2e0


---------------  P R O C E S S  ---------------

Threads class SMR info:
_java_thread_list=0x000001814834fbd0, length=83, elements={
0x0000018162e41490, 0x000001817d509740, 0x000001817d50a650, 0x000001817d50e750,
0x000001817d50f530, 0x000001817d514f10, 0x000001817d512120, 0x000001817d520e90,
0x000001817d52a670, 0x000001817d5127b0, 0x000001817d5141f0, 0x000001817d514880,
0x000001817d5155a0, 0x000001817d512e40, 0x000001817d513b60, 0x000001814516f0b0,
0x0000018145174c90, 0x000001814516fdd0, 0x00000181451759b0, 0x0000018145172bc0,
0x0000018145170af0, 0x0000018145173250, 0x00000181451738e0, 0x0000018145173f70,
0x0000018145176040, 0x0000018145c8b840, 0x0000018145c8c560, 0x0000018145c890e0,
0x0000018145c8cbf0, 0x0000018145c85c60, 0x0000018145c8b1b0, 0x0000018145c89770,
0x00000181487770e0, 0x0000018148da5300, 0x000001814acaf630, 0x000001814acac840,
0x000001814acaae00, 0x0000018148da4c70, 0x0000018148da5990, 0x0000018148da7a60,
0x00000181490a6650, 0x00000181490aa3a0, 0x000001817e56f060, 0x000001817d815d50,
0x000001817d817100, 0x000001817d8135f0, 0x000001817d815030, 0x000001817d812f60,
0x000001817d816a70, 0x000001817d8128d0, 0x000001817d8156c0, 0x00000181490ab810,
0x000001817d817790, 0x000001817d810800, 0x000001817d813c80, 0x000001817d817e20,
0x000001817d8184b0, 0x000001817d811520, 0x000001817d818b40, 0x000001817d814310,
0x000001817d811bb0, 0x000001817d8191d0, 0x000001817d81b2a0, 0x000001817d819860,
0x000001817d8149a0, 0x000001817d81edb0, 0x000001817d81a580, 0x000001817d81f440,
0x000001817d819ef0, 0x000001817d81c650, 0x000001817d81ac10, 0x000001817d81b930,
0x000001817d81bfc0, 0x000001817d81cce0, 0x000001817d81d370, 0x000001817d81da00,
0x000001817d81e090, 0x000001817d81e720, 0x000001814a817d00, 0x000001814a816950,
0x000001814a81b180, 0x000001814a81aaf0, 0x0000018148ec64a0
}

Java Threads: ( => current thread )
  0x0000018162e41490 JavaThread "main"                              [_thread_blocked, id=22032, stack(0x0000003ec9800000,0x0000003ec9900000) (1024K)]
  0x000001817d509740 JavaThread "Reference Handler"          daemon [_thread_blocked, id=20600, stack(0x0000003eca000000,0x0000003eca100000) (1024K)]
  0x000001817d50a650 JavaThread "Finalizer"                  daemon [_thread_blocked, id=37352, stack(0x0000003eca100000,0x0000003eca200000) (1024K)]
  0x000001817d50e750 JavaThread "Signal Dispatcher"          daemon [_thread_blocked, id=5376, stack(0x0000003eca200000,0x0000003eca300000) (1024K)]
  0x000001817d50f530 JavaThread "Attach Listener"            daemon [_thread_blocked, id=17464, stack(0x0000003eca300000,0x0000003eca400000) (1024K)]
  0x000001817d514f10 JavaThread "Service Thread"             daemon [_thread_blocked, id=34064, stack(0x0000003eca400000,0x0000003eca500000) (1024K)]
  0x000001817d512120 JavaThread "Monitor Deflation Thread"   daemon [_thread_blocked, id=35616, stack(0x0000003eca500000,0x0000003eca600000) (1024K)]
  0x000001817d520e90 JavaThread "C2 CompilerThread0"         daemon [_thread_blocked, id=28044, stack(0x0000003eca600000,0x0000003eca700000) (1024K)]
  0x000001817d52a670 JavaThread "C1 CompilerThread0"         daemon [_thread_blocked, id=21112, stack(0x0000003eca700000,0x0000003eca800000) (1024K)]
  0x000001817d5127b0 JavaThread "Common-Cleaner"             daemon [_thread_blocked, id=24428, stack(0x0000003eca800000,0x0000003eca900000) (1024K)]
  0x000001817d5141f0 JavaThread "Notification Thread"        daemon [_thread_blocked, id=20636, stack(0x0000003eca900000,0x0000003ecaa00000) (1024K)]
  0x000001817d514880 JavaThread "Daemon health stats"               [_thread_blocked, id=28696, stack(0x0000003ecaf00000,0x0000003ecb000000) (1024K)]
  0x000001817d5155a0 JavaThread "Incoming local TCP Connector on port 51292"        [_thread_in_native, id=37488, stack(0x0000003ecb000000,0x0000003ecb100000) (1024K)]
  0x000001817d512e40 JavaThread "Daemon periodic checks"            [_thread_blocked, id=31752, stack(0x0000003ecb100000,0x0000003ecb200000) (1024K)]
  0x000001817d513b60 JavaThread "Daemon"                            [_thread_blocked, id=21780, stack(0x0000003ecb200000,0x0000003ecb300000) (1024K)]
  0x000001814516f0b0 JavaThread "Daemon worker"                     [_thread_blocked, id=22676, stack(0x0000003ecb500000,0x0000003ecb600000) (1024K)]
  0x0000018145174c90 JavaThread "Cache worker for journal cache (C:\Users\LENOVO\.gradle\caches\journal-1)"        [_thread_blocked, id=7348, stack(0x0000003ecb900000,0x0000003ecba00000) (1024K)]
  0x000001814516fdd0 JavaThread "File lock request listener"        [_thread_in_native, id=21788, stack(0x0000003ecba00000,0x0000003ecbb00000) (1024K)]
  0x00000181451759b0 JavaThread "Cache worker for file hash cache (C:\Users\LENOVO\.gradle\caches\8.11.1\fileHashes)"        [_thread_blocked, id=5436, stack(0x0000003ecbb00000,0x0000003ecbc00000) (1024K)]
  0x0000018145172bc0 JavaThread "Cache worker for file content cache (C:\Users\LENOVO\.gradle\caches\8.11.1\fileContent)"        [_thread_blocked, id=32756, stack(0x0000003ecbc00000,0x0000003ecbd00000) (1024K)]
  0x0000018145170af0 JavaThread "File watcher server"        daemon [_thread_in_native, id=8388, stack(0x0000003ecc800000,0x0000003ecc900000) (1024K)]
  0x0000018145173250 JavaThread "File watcher consumer"      daemon [_thread_blocked, id=22684, stack(0x0000003ecc900000,0x0000003ecca00000) (1024K)]
  0x00000181451738e0 JavaThread "jar transforms"                    [_thread_blocked, id=7260, stack(0x0000003ecca00000,0x0000003eccb00000) (1024K)]
  0x0000018145173f70 JavaThread "jar transforms Thread 2"           [_thread_blocked, id=38740, stack(0x0000003eccb00000,0x0000003eccc00000) (1024K)]
  0x0000018145176040 JavaThread "jar transforms Thread 3"           [_thread_blocked, id=23220, stack(0x0000003eccc00000,0x0000003eccd00000) (1024K)]
  0x0000018145c8b840 JavaThread "jar transforms Thread 4"           [_thread_blocked, id=26236, stack(0x0000003ecd100000,0x0000003ecd200000) (1024K)]
  0x0000018145c8c560 JavaThread "jar transforms Thread 5"           [_thread_blocked, id=33376, stack(0x0000003ecd200000,0x0000003ecd300000) (1024K)]
  0x0000018145c890e0 JavaThread "File lock release action executor"        [_thread_blocked, id=19564, stack(0x0000003ecd400000,0x0000003ecd500000) (1024K)]
  0x0000018145c8cbf0 JavaThread "jar transforms Thread 6"           [_thread_blocked, id=26036, stack(0x0000003ecd700000,0x0000003ecd800000) (1024K)]
  0x0000018145c85c60 JavaThread "jar transforms Thread 7"           [_thread_blocked, id=21772, stack(0x0000003ecd800000,0x0000003ecd900000) (1024K)]
  0x0000018145c8b1b0 JavaThread "jar transforms Thread 8"           [_thread_blocked, id=32328, stack(0x0000003ecd900000,0x0000003ecda00000) (1024K)]
  0x0000018145c89770 JavaThread "jar transforms Thread 9"           [_thread_blocked, id=12896, stack(0x0000003ecda00000,0x0000003ecdb00000) (1024K)]
  0x00000181487770e0 JavaThread "Memory manager"                    [_thread_blocked, id=12944, stack(0x0000003ed0800000,0x0000003ed0900000) (1024K)]
  0x0000018148da5300 JavaThread "included builds"                   [_thread_blocked, id=21300, stack(0x0000003ecd600000,0x0000003ecd700000) (1024K)]
  0x000001814acaf630 JavaThread "VFS cleanup"                       [_thread_blocked, id=34060, stack(0x0000003ecb600000,0x0000003ecb700000) (1024K)]
  0x000001814acac840 JavaThread "jar transforms Thread 10"          [_thread_blocked, id=2772, stack(0x0000003ecdb00000,0x0000003ecdc00000) (1024K)]
  0x000001814acaae00 JavaThread "jar transforms Thread 11"          [_thread_blocked, id=11556, stack(0x0000003ecdc00000,0x0000003ecdd00000) (1024K)]
  0x0000018148da4c70 JavaThread "jar transforms Thread 12"          [_thread_blocked, id=28036, stack(0x0000003eccd00000,0x0000003ecce00000) (1024K)]
  0x0000018148da5990 JavaThread "jar transforms Thread 13"          [_thread_blocked, id=32764, stack(0x0000003ecce00000,0x0000003eccf00000) (1024K)]
  0x0000018148da7a60 JavaThread "jar transforms Thread 14"          [_thread_blocked, id=5392, stack(0x0000003eccf00000,0x0000003ecd000000) (1024K)]
  0x00000181490a6650 JavaThread "C1 CompilerThread1"         daemon [_thread_blocked, id=32684, stack(0x0000003ecdd00000,0x0000003ecde00000) (1024K)]
  0x00000181490aa3a0 JavaThread "C1 CompilerThread2"         daemon [_thread_blocked, id=38212, stack(0x0000003ecde00000,0x0000003ecdf00000) (1024K)]
  0x000001817e56f060 JavaThread "included builds"                   [_thread_blocked, id=34712, stack(0x0000003ed0100000,0x0000003ed0200000) (1024K)]
  0x000001817d815d50 JavaThread "Handler for socket connection from /127.0.0.1:51292 to /127.0.0.1:51509"        [_thread_blocked, id=22128, stack(0x0000003ec9700000,0x0000003ec9800000) (1024K)]
  0x000001817d817100 JavaThread "Cancel handler"                    [_thread_blocked, id=29216, stack(0x0000003ecb300000,0x0000003ecb400000) (1024K)]
  0x000001817d8135f0 JavaThread "Stdin handler"                     [_thread_blocked, id=5124, stack(0x0000003ecb700000,0x0000003ecb800000) (1024K)]
  0x000001817d815030 JavaThread "Cache worker for file hash cache (D:\Downloads\DACS3\Book\.gradle\8.11.1\fileHashes)"        [_thread_blocked, id=8624, stack(0x0000003ecc600000,0x0000003ecc700000) (1024K)]
  0x000001817d812f60 JavaThread "Cache worker for Build Output Cleanup Cache (D:\Downloads\DACS3\Book\.gradle\buildOutputCleanup)"        [_thread_blocked, id=18232, stack(0x0000003ecc700000,0x0000003ecc800000) (1024K)]
  0x000001817d816a70 JavaThread "Cache worker for checksums cache (D:\Downloads\DACS3\Book\.gradle\8.11.1\checksums)"        [_thread_blocked, id=12736, stack(0x0000003ecd000000,0x0000003ecd100000) (1024K)]
  0x000001817d8128d0 JavaThread "Cache worker for cache directory md-rule (C:\Users\LENOVO\.gradle\caches\8.11.1\md-rule)"        [_thread_blocked, id=10668, stack(0x0000003ecd300000,0x0000003ecd400000) (1024K)]
  0x000001817d8156c0 JavaThread "Cache worker for cache directory md-supplier (C:\Users\LENOVO\.gradle\caches\8.11.1\md-supplier)"        [_thread_blocked, id=33044, stack(0x0000003ecd500000,0x0000003ecd600000) (1024K)]
  0x00000181490ab810 JavaThread "C2 CompilerThread1"         daemon [_thread_blocked, id=20984, stack(0x0000003ecdf00000,0x0000003ece000000) (1024K)]
  0x000001817d817790 JavaThread "Unconstrained build operations"        [_thread_blocked, id=38732, stack(0x0000003ece000000,0x0000003ece100000) (1024K)]
  0x000001817d810800 JavaThread "Unconstrained build operations Thread 2"        [_thread_blocked, id=19820, stack(0x0000003ece100000,0x0000003ece200000) (1024K)]
  0x000001817d813c80 JavaThread "Unconstrained build operations Thread 3"        [_thread_blocked, id=33048, stack(0x0000003ece200000,0x0000003ece300000) (1024K)]
  0x000001817d817e20 JavaThread "Unconstrained build operations Thread 4"        [_thread_blocked, id=9276, stack(0x0000003ece300000,0x0000003ece400000) (1024K)]
  0x000001817d8184b0 JavaThread "Unconstrained build operations Thread 5"        [_thread_blocked, id=24500, stack(0x0000003ece400000,0x0000003ece500000) (1024K)]
  0x000001817d811520 JavaThread "Unconstrained build operations Thread 6"        [_thread_blocked, id=27336, stack(0x0000003ece500000,0x0000003ece600000) (1024K)]
  0x000001817d818b40 JavaThread "Unconstrained build operations Thread 7"        [_thread_blocked, id=19356, stack(0x0000003ece600000,0x0000003ece700000) (1024K)]
  0x000001817d814310 JavaThread "Unconstrained build operations Thread 8"        [_thread_blocked, id=17876, stack(0x0000003ece700000,0x0000003ece800000) (1024K)]
  0x000001817d811bb0 JavaThread "Unconstrained build operations Thread 9"        [_thread_blocked, id=31704, stack(0x0000003ece800000,0x0000003ece900000) (1024K)]
  0x000001817d8191d0 JavaThread "Unconstrained build operations Thread 10"        [_thread_blocked, id=13584, stack(0x0000003ece900000,0x0000003ecea00000) (1024K)]
  0x000001817d81b2a0 JavaThread "Unconstrained build operations Thread 11"        [_thread_blocked, id=34332, stack(0x0000003ecea00000,0x0000003eceb00000) (1024K)]
  0x000001817d819860 JavaThread "Unconstrained build operations Thread 12"        [_thread_blocked, id=37676, stack(0x0000003eceb00000,0x0000003ecec00000) (1024K)]
  0x000001817d8149a0 JavaThread "Unconstrained build operations Thread 13"        [_thread_blocked, id=19044, stack(0x0000003ecec00000,0x0000003eced00000) (1024K)]
  0x000001817d81edb0 JavaThread "Unconstrained build operations Thread 14"        [_thread_blocked, id=30268, stack(0x0000003eced00000,0x0000003ecee00000) (1024K)]
  0x000001817d81a580 JavaThread "Unconstrained build operations Thread 15"        [_thread_blocked, id=15232, stack(0x0000003ecee00000,0x0000003ecef00000) (1024K)]
  0x000001817d81f440 JavaThread "Unconstrained build operations Thread 16"        [_thread_blocked, id=22744, stack(0x0000003ecef00000,0x0000003ecf000000) (1024K)]
  0x000001817d819ef0 JavaThread "Unconstrained build operations Thread 17"        [_thread_blocked, id=4444, stack(0x0000003ecf000000,0x0000003ecf100000) (1024K)]
  0x000001817d81c650 JavaThread "Unconstrained build operations Thread 18"        [_thread_blocked, id=31012, stack(0x0000003ecf100000,0x0000003ecf200000) (1024K)]
  0x000001817d81ac10 JavaThread "Unconstrained build operations Thread 19"        [_thread_blocked, id=2760, stack(0x0000003ecf200000,0x0000003ecf300000) (1024K)]
  0x000001817d81b930 JavaThread "Unconstrained build operations Thread 20"        [_thread_blocked, id=36720, stack(0x0000003ecf300000,0x0000003ecf400000) (1024K)]
  0x000001817d81bfc0 JavaThread "Unconstrained build operations Thread 21"        [_thread_blocked, id=25948, stack(0x0000003ecf400000,0x0000003ecf500000) (1024K)]
  0x000001817d81cce0 JavaThread "Unconstrained build operations Thread 22"        [_thread_blocked, id=31612, stack(0x0000003ecf500000,0x0000003ecf600000) (1024K)]
  0x000001817d81d370 JavaThread "Unconstrained build operations Thread 23"        [_thread_blocked, id=19548, stack(0x0000003ecf600000,0x0000003ecf700000) (1024K)]
  0x000001817d81da00 JavaThread "Unconstrained build operations Thread 24"        [_thread_blocked, id=19580, stack(0x0000003ecf700000,0x0000003ecf800000) (1024K)]
  0x000001817d81e090 JavaThread "Unconstrained build operations Thread 25"        [_thread_blocked, id=37332, stack(0x0000003ecf800000,0x0000003ecf900000) (1024K)]
  0x000001817d81e720 JavaThread "Unconstrained build operations Thread 26"        [_thread_blocked, id=6340, stack(0x0000003ecf900000,0x0000003ecfa00000) (1024K)]
  0x000001814a817d00 JavaThread "Unconstrained build operations Thread 27"        [_thread_blocked, id=38896, stack(0x0000003ecfa00000,0x0000003ecfb00000) (1024K)]
  0x000001814a816950 JavaThread "Unconstrained build operations Thread 28"        [_thread_blocked, id=24608, stack(0x0000003ecfb00000,0x0000003ecfc00000) (1024K)]
  0x000001814a81b180 JavaThread "Unconstrained build operations Thread 29"        [_thread_blocked, id=5808, stack(0x0000003ecfc00000,0x0000003ecfd00000) (1024K)]
  0x000001814a81aaf0 JavaThread "Unconstrained build operations Thread 30"        [_thread_blocked, id=18576, stack(0x0000003ecfd00000,0x0000003ecfe00000) (1024K)]
  0x0000018148ec64a0 JavaThread "C2 CompilerThread2"         daemon [_thread_blocked, id=12648, stack(0x0000003ecb400000,0x0000003ecb500000) (1024K)]
Total: 83

Other Threads:
=>0x000001817d4ed9f0 VMThread "VM Thread"                           [id=10236, stack(0x0000003ec9f00000,0x0000003eca000000) (1024K)]
  0x000001817d5c1150 WatcherThread "VM Periodic Task Thread"        [id=35596, stack(0x0000003ec9e00000,0x0000003ec9f00000) (1024K)]
  0x000001816526d140 WorkerThread "GC Thread#0"                     [id=35440, stack(0x0000003ec9900000,0x0000003ec9a00000) (1024K)]
  0x000001817da942d0 WorkerThread "GC Thread#1"                     [id=17312, stack(0x0000003ecaa00000,0x0000003ecab00000) (1024K)]
  0x000001817dbeadd0 WorkerThread "GC Thread#2"                     [id=20644, stack(0x0000003ecab00000,0x0000003ecac00000) (1024K)]
  0x000001817dbeb170 WorkerThread "GC Thread#3"                     [id=34108, stack(0x0000003ecac00000,0x0000003ecad00000) (1024K)]
  0x000001817dc1a4f0 WorkerThread "GC Thread#4"                     [id=20180, stack(0x0000003ecad00000,0x0000003ecae00000) (1024K)]
  0x0000018145281b90 WorkerThread "GC Thread#5"                     [id=8456, stack(0x0000003ecae00000,0x0000003ecaf00000) (1024K)]
  0x000001814576a330 WorkerThread "GC Thread#6"                     [id=16720, stack(0x0000003ecbd00000,0x0000003ecbe00000) (1024K)]
  0x00000181457694b0 WorkerThread "GC Thread#7"                     [id=22184, stack(0x0000003ecbe00000,0x0000003ecbf00000) (1024K)]
  0x000001814576a6d0 WorkerThread "GC Thread#8"                     [id=26060, stack(0x0000003ecbf00000,0x0000003ecc000000) (1024K)]
  0x000001814576aa70 WorkerThread "GC Thread#9"                     [id=25160, stack(0x0000003ecc000000,0x0000003ecc100000) (1024K)]
  0x0000018146774950 WorkerThread "GC Thread#10"                    [id=9692, stack(0x0000003ecc100000,0x0000003ecc200000) (1024K)]
  0x0000018146775090 WorkerThread "GC Thread#11"                    [id=35600, stack(0x0000003ecc200000,0x0000003ecc300000) (1024K)]
  0x0000018146773730 WorkerThread "GC Thread#12"                    [id=9656, stack(0x0000003ecc300000,0x0000003ecc400000) (1024K)]
  0x000001816527f2e0 ConcurrentGCThread "G1 Main Marker"            [id=38048, stack(0x0000003ec9a00000,0x0000003ec9b00000) (1024K)]
  0x000001816527fde0 WorkerThread "G1 Conc#0"                       [id=25296, stack(0x0000003ec9b00000,0x0000003ec9c00000) (1024K)]
  0x00000181467769f0 WorkerThread "G1 Conc#1"                       [id=21168, stack(0x0000003ecc400000,0x0000003ecc500000) (1024K)]
  0x0000018146774210 WorkerThread "G1 Conc#2"                       [id=23712, stack(0x0000003ecc500000,0x0000003ecc600000) (1024K)]
  0x000001817d433d10 ConcurrentGCThread "G1 Refine#0"               [id=24876, stack(0x0000003ec9c00000,0x0000003ec9d00000) (1024K)]
  0x000001817d434690 ConcurrentGCThread "G1 Service"                [id=5612, stack(0x0000003ec9d00000,0x0000003ec9e00000) (1024K)]
Total: 21

Threads with active compile tasks:
C2 CompilerThread0  55004 16512       4       org.gradle.internal.operations.DefaultBuildOperationProgressEventEmitter::emitIfCurrent (23 bytes)
C2 CompilerThread1  55004 16522       4       org.gradle.internal.vfs.impl.DefaultFileSystemAccess::readSnapshotFromLocation (27 bytes)
C2 CompilerThread2  55004 16523       4       org.gradle.internal.vfs.impl.DefaultFileSystemAccess::read (33 bytes)
Total: 3

VM state: at safepoint (normal execution)

VM Mutex/Monitor currently owned by a thread:  ([mutex/lock_event])
[0x00007ffc8f85e380] Threads_lock - owner thread: 0x000001817d4ed9f0
[0x00007ffc8f85e480] Heap_lock - owner thread: 0x000001816527f2e0

Heap address: 0x0000000080000000, size: 2048 MB, Compressed Oops mode: 32-bit

CDS archive(s) mapped at: [0x0000018100000000-0x0000018100ba0000-0x0000018100ba0000), size 12189696, SharedBaseAddress: 0x0000018100000000, ArchiveRelocationMode: 1.
Compressed class space mapped at: 0x0000018101000000-0x0000018141000000, reserved size: 1073741824
Narrow klass base: 0x0000018100000000, Narrow klass shift: 0, Narrow klass range: 0x100000000

GC Precious Log:
 CardTable entry size: 512
 Card Set container configuration: InlinePtr #cards 5 size 8 Array Of Cards #cards 12 size 40 Howl #buckets 4 coarsen threshold 1843 Howl Bitmap #cards 512 size 80 coarsen threshold 460 Card regions per heap region 1 cards per card region 2048
 CPUs: 16 total, 16 available
 Memory: 15556M
 Large Page Support: Disabled
 NUMA Support: Disabled
 Compressed Oops: Enabled (32-bit)
 Heap Region Size: 1M
 Heap Min Capacity: 8M
 Heap Initial Capacity: 244M
 Heap Max Capacity: 2G
 Pre-touch: Disabled
 Parallel Workers: 13
 Concurrent Workers: 3
 Concurrent Refinement Workers: 13
 Periodic GC: Disabled

Heap:
 garbage-first heap   total 208896K, used 140119K [0x0000000080000000, 0x0000000100000000)
  region size 1024K, 16 young (16384K), 9 survivors (9216K)
 Metaspace       used 133140K, committed 135744K, reserved 1179648K
  class space    used 18550K, committed 19904K, reserved 1048576K

Heap Regions: E=young(eden), S=young(survivor), O=old, HS=humongous(starts), HC=humongous(continues), CS=collection set, F=free, TAMS=top-at-mark-start, PB=parsable bottom
|   0|0x0000000080000000, 0x0000000080100000, 0x0000000080100000|100%| O|  |TAMS 0x0000000080100000| PB 0x0000000080100000| Updating 
|   1|0x0000000080100000, 0x0000000080200000, 0x0000000080200000|100%|HS|  |TAMS 0x0000000080200000| PB 0x0000000080100000| Complete 
|   2|0x0000000080200000, 0x0000000080300000, 0x0000000080300000|100%|HC|  |TAMS 0x0000000080300000| PB 0x0000000080200000| Complete 
|   3|0x0000000080300000, 0x0000000080400000, 0x0000000080400000|100%|HC|  |TAMS 0x0000000080400000| PB 0x0000000080300000| Complete 
|   4|0x0000000080400000, 0x0000000080500000, 0x0000000080500000|100%| O|  |TAMS 0x0000000080500000| PB 0x0000000080500000| Updating 
|   5|0x0000000080500000, 0x0000000080600000, 0x0000000080600000|100%| O|  |TAMS 0x0000000080600000| PB 0x0000000080600000| Untracked 
|   6|0x0000000080600000, 0x0000000080700000, 0x0000000080700000|100%| O|  |TAMS 0x0000000080700000| PB 0x0000000080700000| Untracked 
|   7|0x0000000080700000, 0x0000000080800000, 0x0000000080800000|100%|HS|  |TAMS 0x0000000080800000| PB 0x0000000080700000| Complete 
|   8|0x0000000080800000, 0x0000000080900000, 0x0000000080900000|100%| O|  |TAMS 0x0000000080900000| PB 0x0000000080900000| Untracked 
|   9|0x0000000080900000, 0x0000000080a00000, 0x0000000080a00000|100%| O|  |TAMS 0x0000000080a00000| PB 0x0000000080a00000| Untracked 
|  10|0x0000000080a00000, 0x0000000080b00000, 0x0000000080b00000|100%| O|  |TAMS 0x0000000080b00000| PB 0x0000000080b00000| Untracked 
|  11|0x0000000080b00000, 0x0000000080c00000, 0x0000000080c00000|100%| O|  |TAMS 0x0000000080c00000| PB 0x0000000080c00000| Untracked 
|  12|0x0000000080c00000, 0x0000000080d00000, 0x0000000080d00000|100%| O|  |TAMS 0x0000000080d00000| PB 0x0000000080d00000| Untracked 
|  13|0x0000000080d00000, 0x0000000080e00000, 0x0000000080e00000|100%| O|  |TAMS 0x0000000080e00000| PB 0x0000000080e00000| Untracked 
|  14|0x0000000080e00000, 0x0000000080f00000, 0x0000000080f00000|100%| O|  |TAMS 0x0000000080f00000| PB 0x0000000080f00000| Untracked 
|  15|0x0000000080f00000, 0x0000000081000000, 0x0000000081000000|100%| O|  |TAMS 0x0000000081000000| PB 0x0000000081000000| Untracked 
|  16|0x0000000081000000, 0x0000000081100000, 0x0000000081100000|100%| O|  |TAMS 0x0000000081100000| PB 0x0000000081100000| Updating 
|  17|0x0000000081100000, 0x0000000081200000, 0x0000000081200000|100%| O|  |TAMS 0x0000000081200000| PB 0x0000000081200000| Untracked 
|  18|0x0000000081200000, 0x0000000081300000, 0x0000000081300000|100%| O|  |TAMS 0x0000000081300000| PB 0x0000000081300000| Untracked 
|  19|0x0000000081300000, 0x0000000081400000, 0x0000000081400000|100%| O|  |TAMS 0x0000000081400000| PB 0x0000000081400000| Untracked 
|  20|0x0000000081400000, 0x0000000081500000, 0x0000000081500000|100%| O|  |TAMS 0x0000000081500000| PB 0x0000000081500000| Untracked 
|  21|0x0000000081500000, 0x0000000081600000, 0x0000000081600000|100%| O|  |TAMS 0x0000000081600000| PB 0x0000000081600000| Untracked 
|  22|0x0000000081600000, 0x0000000081700000, 0x0000000081700000|100%| O|  |TAMS 0x0000000081700000| PB 0x0000000081700000| Untracked 
|  23|0x0000000081700000, 0x0000000081800000, 0x0000000081800000|100%| O|  |TAMS 0x0000000081800000| PB 0x0000000081800000| Updating 
|  24|0x0000000081800000, 0x0000000081900000, 0x0000000081900000|100%| O|  |TAMS 0x0000000081900000| PB 0x0000000081900000| Untracked 
|  25|0x0000000081900000, 0x0000000081a00000, 0x0000000081a00000|100%| O|  |TAMS 0x0000000081a00000| PB 0x0000000081a00000| Updating 
|  26|0x0000000081a00000, 0x0000000081b00000, 0x0000000081b00000|100%| O|  |TAMS 0x0000000081b00000| PB 0x0000000081b00000| Untracked 
|  27|0x0000000081b00000, 0x0000000081c00000, 0x0000000081c00000|100%| O|  |TAMS 0x0000000081c00000| PB 0x0000000081c00000| Updating 
|  28|0x0000000081c00000, 0x0000000081d00000, 0x0000000081d00000|100%| O|  |TAMS 0x0000000081d00000| PB 0x0000000081d00000| Updating 
|  29|0x0000000081d00000, 0x0000000081e00000, 0x0000000081e00000|100%| O|  |TAMS 0x0000000081e00000| PB 0x0000000081e00000| Untracked 
|  30|0x0000000081e00000, 0x0000000081f00000, 0x0000000081f00000|100%|HS|  |TAMS 0x0000000081f00000| PB 0x0000000081e00000| Complete 
|  31|0x0000000081f00000, 0x0000000082000000, 0x0000000082000000|100%| O|  |TAMS 0x0000000082000000| PB 0x0000000082000000| Untracked 
|  32|0x0000000082000000, 0x0000000082100000, 0x0000000082100000|100%| O|  |TAMS 0x0000000082100000| PB 0x0000000082100000| Updating 
|  33|0x0000000082100000, 0x0000000082200000, 0x0000000082200000|100%|HS|  |TAMS 0x0000000082200000| PB 0x0000000082100000| Complete 
|  34|0x0000000082200000, 0x0000000082300000, 0x0000000082300000|100%| O|  |TAMS 0x0000000082300000| PB 0x0000000082300000| Untracked 
|  35|0x0000000082300000, 0x0000000082400000, 0x0000000082400000|100%| O|  |TAMS 0x0000000082400000| PB 0x0000000082400000| Updating 
|  36|0x0000000082400000, 0x0000000082500000, 0x0000000082500000|100%| O|  |TAMS 0x0000000082500000| PB 0x0000000082500000| Updating 
|  37|0x0000000082500000, 0x0000000082600000, 0x0000000082600000|100%| O|  |TAMS 0x0000000082600000| PB 0x0000000082600000| Updating 
|  38|0x0000000082600000, 0x0000000082700000, 0x0000000082700000|100%| O|  |TAMS 0x0000000082700000| PB 0x0000000082700000| Updating 
|  39|0x0000000082700000, 0x0000000082800000, 0x0000000082800000|100%| O|  |TAMS 0x0000000082800000| PB 0x0000000082800000| Updating 
|  40|0x0000000082800000, 0x0000000082900000, 0x0000000082900000|100%| O|  |TAMS 0x0000000082900000| PB 0x0000000082900000| Updating 
|  41|0x0000000082900000, 0x0000000082a00000, 0x0000000082a00000|100%| O|  |TAMS 0x0000000082a00000| PB 0x0000000082a00000| Untracked 
|  42|0x0000000082a00000, 0x0000000082b00000, 0x0000000082b00000|100%| O|  |TAMS 0x0000000082b00000| PB 0x0000000082b00000| Updating 
|  43|0x0000000082b00000, 0x0000000082c00000, 0x0000000082c00000|100%| O|  |TAMS 0x0000000082c00000| PB 0x0000000082c00000| Updating 
|  44|0x0000000082c00000, 0x0000000082d00000, 0x0000000082d00000|100%| O|  |TAMS 0x0000000082c00000| PB 0x0000000082c00000| Untracked 
|  45|0x0000000082d00000, 0x0000000082e00000, 0x0000000082e00000|100%| O|  |TAMS 0x0000000082e00000| PB 0x0000000082e00000| Updating 
|  46|0x0000000082e00000, 0x0000000082f00000, 0x0000000082f00000|100%| O|  |TAMS 0x0000000082e00000| PB 0x0000000082e00000| Untracked 
|  47|0x0000000082f00000, 0x0000000083000000, 0x0000000083000000|100%| O|  |TAMS 0x0000000083000000| PB 0x0000000083000000| Untracked 
|  48|0x0000000083000000, 0x0000000083100000, 0x0000000083100000|100%| O|  |TAMS 0x0000000083100000| PB 0x0000000083100000| Untracked 
|  49|0x0000000083100000, 0x0000000083200000, 0x0000000083200000|100%| O|  |TAMS 0x0000000083200000| PB 0x0000000083200000| Untracked 
|  50|0x0000000083200000, 0x0000000083300000, 0x0000000083300000|100%|HS|  |TAMS 0x0000000083300000| PB 0x0000000083200000| Complete 
|  51|0x0000000083300000, 0x0000000083400000, 0x0000000083400000|100%|HS|  |TAMS 0x0000000083400000| PB 0x0000000083300000| Complete 
|  52|0x0000000083400000, 0x0000000083500000, 0x0000000083500000|100%|HC|  |TAMS 0x0000000083500000| PB 0x0000000083400000| Complete 
|  53|0x0000000083500000, 0x0000000083600000, 0x0000000083600000|100%|HS|  |TAMS 0x0000000083600000| PB 0x0000000083500000| Complete 
|  54|0x0000000083600000, 0x0000000083700000, 0x0000000083700000|100%| O|  |TAMS 0x0000000083700000| PB 0x0000000083700000| Untracked 
|  55|0x0000000083700000, 0x0000000083800000, 0x0000000083800000|100%|HS|  |TAMS 0x0000000083800000| PB 0x0000000083700000| Complete 
|  56|0x0000000083800000, 0x0000000083900000, 0x0000000083900000|100%|HC|  |TAMS 0x0000000083900000| PB 0x0000000083800000| Complete 
|  57|0x0000000083900000, 0x0000000083a00000, 0x0000000083a00000|100%|HS|  |TAMS 0x0000000083a00000| PB 0x0000000083900000| Complete 
|  58|0x0000000083a00000, 0x0000000083b00000, 0x0000000083b00000|100%| O|  |TAMS 0x0000000083b00000| PB 0x0000000083b00000| Updating 
|  59|0x0000000083b00000, 0x0000000083c00000, 0x0000000083c00000|100%| O|  |TAMS 0x0000000083c00000| PB 0x0000000083c00000| Updating 
|  60|0x0000000083c00000, 0x0000000083d00000, 0x0000000083d00000|100%|HS|  |TAMS 0x0000000083d00000| PB 0x0000000083c00000| Complete 
|  61|0x0000000083d00000, 0x0000000083e00000, 0x0000000083e00000|100%| O|  |TAMS 0x0000000083e00000| PB 0x0000000083e00000| Untracked 
|  62|0x0000000083e00000, 0x0000000083f00000, 0x0000000083f00000|100%|HS|  |TAMS 0x0000000083f00000| PB 0x0000000083e00000| Complete 
|  63|0x0000000083f00000, 0x0000000084000000, 0x0000000084000000|100%|HC|  |TAMS 0x0000000084000000| PB 0x0000000083f00000| Complete 
|  64|0x0000000084000000, 0x0000000084100000, 0x0000000084100000|100%|HC|  |TAMS 0x0000000084100000| PB 0x0000000084000000| Complete 
|  65|0x0000000084100000, 0x0000000084200000, 0x0000000084200000|100%|HS|  |TAMS 0x0000000084200000| PB 0x0000000084100000| Complete 
|  66|0x0000000084200000, 0x0000000084300000, 0x0000000084300000|100%| O|  |TAMS 0x0000000084300000| PB 0x0000000084300000| Updating 
|  67|0x0000000084300000, 0x0000000084400000, 0x0000000084400000|100%| O|  |TAMS 0x0000000084400000| PB 0x0000000084400000| Updating 
|  68|0x0000000084400000, 0x0000000084500000, 0x0000000084500000|100%| O|  |TAMS 0x0000000084500000| PB 0x0000000084500000| Updating 
|  69|0x0000000084500000, 0x0000000084600000, 0x0000000084600000|100%|HS|  |TAMS 0x0000000084600000| PB 0x0000000084500000| Complete 
|  70|0x0000000084600000, 0x0000000084700000, 0x0000000084700000|100%| O|  |TAMS 0x0000000084700000| PB 0x0000000084700000| Untracked 
|  71|0x0000000084700000, 0x0000000084800000, 0x0000000084800000|100%| O|  |TAMS 0x0000000084800000| PB 0x0000000084800000| Updating 
|  72|0x0000000084800000, 0x0000000084900000, 0x0000000084900000|100%| O|  |TAMS 0x0000000084900000| PB 0x0000000084900000| Untracked 
|  73|0x0000000084900000, 0x0000000084a00000, 0x0000000084a00000|100%| O|  |TAMS 0x0000000084a00000| PB 0x0000000084a00000| Untracked 
|  74|0x0000000084a00000, 0x0000000084b00000, 0x0000000084b00000|100%| O|  |TAMS 0x0000000084b00000| PB 0x0000000084b00000| Updating 
|  75|0x0000000084b00000, 0x0000000084c00000, 0x0000000084c00000|100%|HS|  |TAMS 0x0000000084c00000| PB 0x0000000084b00000| Complete 
|  76|0x0000000084c00000, 0x0000000084d00000, 0x0000000084d00000|100%|HC|  |TAMS 0x0000000084d00000| PB 0x0000000084c00000| Complete 
|  77|0x0000000084d00000, 0x0000000084e00000, 0x0000000084e00000|100%|HC|  |TAMS 0x0000000084e00000| PB 0x0000000084d00000| Complete 
|  78|0x0000000084e00000, 0x0000000084f00000, 0x0000000084f00000|100%| O|  |TAMS 0x0000000084f00000| PB 0x0000000084f00000| Updating 
|  79|0x0000000084f00000, 0x0000000085000000, 0x0000000085000000|100%| O|  |TAMS 0x0000000084f00000| PB 0x0000000084f00000| Untracked 
|  80|0x0000000085000000, 0x0000000085100000, 0x0000000085100000|100%| O|  |TAMS 0x0000000085100000| PB 0x0000000085100000| Untracked 
|  81|0x0000000085100000, 0x0000000085200000, 0x0000000085200000|100%| O|  |TAMS 0x0000000085200000| PB 0x0000000085200000| Updating 
|  82|0x0000000085200000, 0x0000000085300000, 0x0000000085300000|100%| O|  |TAMS 0x0000000085300000| PB 0x0000000085300000| Updating 
|  83|0x0000000085300000, 0x0000000085400000, 0x0000000085400000|100%| O|  |TAMS 0x0000000085400000| PB 0x0000000085400000| Updating 
|  84|0x0000000085400000, 0x0000000085500000, 0x0000000085500000|100%| O|  |TAMS 0x0000000085500000| PB 0x0000000085500000| Updating 
|  85|0x0000000085500000, 0x0000000085600000, 0x0000000085600000|100%| O|  |TAMS 0x0000000085600000| PB 0x0000000085600000| Untracked 
|  86|0x0000000085600000, 0x0000000085700000, 0x0000000085700000|100%| O|  |TAMS 0x0000000085700000| PB 0x0000000085700000| Untracked 
|  87|0x0000000085700000, 0x00000000857183e0, 0x0000000085800000|  9%| O|  |TAMS 0x0000000085700000| PB 0x0000000085700000| Updating 
|  88|0x0000000085800000, 0x0000000085900000, 0x0000000085900000|100%| O|  |TAMS 0x0000000085900000| PB 0x0000000085900000| Updating 
|  89|0x0000000085900000, 0x0000000085a00000, 0x0000000085a00000|100%| O|  |TAMS 0x0000000085a00000| PB 0x0000000085a00000| Updating 
|  90|0x0000000085a00000, 0x0000000085b00000, 0x0000000085b00000|100%| O|  |TAMS 0x0000000085b00000| PB 0x0000000085b00000| Untracked 
|  91|0x0000000085b00000, 0x0000000085c00000, 0x0000000085c00000|100%| O|  |TAMS 0x0000000085c00000| PB 0x0000000085c00000| Untracked 
|  92|0x0000000085c00000, 0x0000000085d00000, 0x0000000085d00000|100%| O|  |TAMS 0x0000000085d00000| PB 0x0000000085d00000| Untracked 
|  93|0x0000000085d00000, 0x0000000085e00000, 0x0000000085e00000|100%| O|  |TAMS 0x0000000085e00000| PB 0x0000000085e00000| Updating 
|  94|0x0000000085e00000, 0x0000000085f00000, 0x0000000085f00000|100%| O|  |TAMS 0x0000000085f00000| PB 0x0000000085f00000| Untracked 
|  95|0x0000000085f00000, 0x0000000086000000, 0x0000000086000000|100%| O|  |TAMS 0x0000000086000000| PB 0x0000000086000000| Untracked 
|  96|0x0000000086000000, 0x0000000086000000, 0x0000000086100000|  0%| F|  |TAMS 0x0000000086000000| PB 0x0000000086000000| Untracked 
|  97|0x0000000086100000, 0x0000000086200000, 0x0000000086200000|100%| O|  |TAMS 0x0000000086200000| PB 0x0000000086200000| Untracked 
|  98|0x0000000086200000, 0x0000000086300000, 0x0000000086300000|100%| O|  |TAMS 0x0000000086300000| PB 0x0000000086300000| Untracked 
|  99|0x0000000086300000, 0x0000000086300000, 0x0000000086400000|  0%| F|  |TAMS 0x0000000086300000| PB 0x0000000086300000| Untracked 
| 100|0x0000000086400000, 0x0000000086500000, 0x0000000086500000|100%| O|  |TAMS 0x0000000086500000| PB 0x0000000086500000| Updating 
| 101|0x0000000086500000, 0x0000000086600000, 0x0000000086600000|100%| O|  |TAMS 0x0000000086600000| PB 0x0000000086600000| Updating 
| 102|0x0000000086600000, 0x0000000086700000, 0x0000000086700000|100%| O|  |TAMS 0x00000000866668a0| PB 0x00000000866668a0| Updating 
| 103|0x0000000086700000, 0x0000000086700000, 0x0000000086800000|  0%| F|  |TAMS 0x0000000086700000| PB 0x0000000086700000| Untracked 
| 104|0x0000000086800000, 0x0000000086900000, 0x0000000086900000|100%| O|  |TAMS 0x0000000086900000| PB 0x0000000086900000| Updating 
| 105|0x0000000086900000, 0x0000000086a00000, 0x0000000086a00000|100%| O|  |TAMS 0x0000000086a00000| PB 0x0000000086a00000| Untracked 
| 106|0x0000000086a00000, 0x0000000086b00000, 0x0000000086b00000|100%| O|  |TAMS 0x0000000086b00000| PB 0x0000000086b00000| Untracked 
| 107|0x0000000086b00000, 0x0000000086c00000, 0x0000000086c00000|100%| O|  |TAMS 0x0000000086c00000| PB 0x0000000086c00000| Untracked 
| 108|0x0000000086c00000, 0x0000000086d00000, 0x0000000086d00000|100%| O|  |TAMS 0x0000000086d00000| PB 0x0000000086d00000| Untracked 
| 109|0x0000000086d00000, 0x0000000086e00000, 0x0000000086e00000|100%| O|  |TAMS 0x0000000086e00000| PB 0x0000000086e00000| Untracked 
| 110|0x0000000086e00000, 0x0000000086f00000, 0x0000000086f00000|100%| O|  |TAMS 0x0000000086f00000| PB 0x0000000086f00000| Updating 
| 111|0x0000000086f00000, 0x0000000087000000, 0x0000000087000000|100%| O|  |TAMS 0x0000000087000000| PB 0x0000000087000000| Untracked 
| 112|0x0000000087000000, 0x0000000087100000, 0x0000000087100000|100%| O|  |TAMS 0x0000000087100000| PB 0x0000000087100000| Untracked 
| 113|0x0000000087100000, 0x0000000087200000, 0x0000000087200000|100%| O|  |TAMS 0x0000000087200000| PB 0x0000000087200000| Untracked 
| 114|0x0000000087200000, 0x0000000087300000, 0x0000000087300000|100%| O|  |TAMS 0x0000000087300000| PB 0x0000000087300000| Updating 
| 115|0x0000000087300000, 0x0000000087400000, 0x0000000087400000|100%| O|  |TAMS 0x0000000087400000| PB 0x0000000087400000| Updating 
| 116|0x0000000087400000, 0x0000000087500000, 0x0000000087500000|100%| O|  |TAMS 0x0000000087500000| PB 0x0000000087500000| Untracked 
| 117|0x0000000087500000, 0x0000000087600000, 0x0000000087600000|100%| O|  |TAMS 0x0000000087600000| PB 0x0000000087600000| Untracked 
| 118|0x0000000087600000, 0x0000000087700000, 0x0000000087700000|100%| O|  |TAMS 0x0000000087700000| PB 0x0000000087700000| Updating 
| 119|0x0000000087700000, 0x0000000087800000, 0x0000000087800000|100%| O|  |TAMS 0x0000000087800000| PB 0x0000000087800000| Updating 
| 120|0x0000000087800000, 0x0000000087800000, 0x0000000087900000|  0%| F|  |TAMS 0x0000000087800000| PB 0x0000000087800000| Untracked 
| 121|0x0000000087900000, 0x0000000087900000, 0x0000000087a00000|  0%| F|  |TAMS 0x0000000087900000| PB 0x0000000087900000| Untracked 
| 122|0x0000000087a00000, 0x0000000087abda00, 0x0000000087b00000| 74%| S|CS|TAMS 0x0000000087a00000| PB 0x0000000087a00000| Complete 
| 123|0x0000000087b00000, 0x0000000087c00000, 0x0000000087c00000|100%| S|CS|TAMS 0x0000000087b00000| PB 0x0000000087b00000| Complete 
| 124|0x0000000087c00000, 0x0000000087d00000, 0x0000000087d00000|100%| S|CS|TAMS 0x0000000087c00000| PB 0x0000000087c00000| Complete 
| 125|0x0000000087d00000, 0x0000000087e00000, 0x0000000087e00000|100%| S|CS|TAMS 0x0000000087d00000| PB 0x0000000087d00000| Complete 
| 126|0x0000000087e00000, 0x0000000087f00000, 0x0000000087f00000|100%| S|CS|TAMS 0x0000000087e00000| PB 0x0000000087e00000| Complete 
| 127|0x0000000087f00000, 0x0000000088000000, 0x0000000088000000|100%| S|CS|TAMS 0x0000000087f00000| PB 0x0000000087f00000| Complete 
| 128|0x0000000088000000, 0x0000000088100000, 0x0000000088100000|100%| S|CS|TAMS 0x0000000088000000| PB 0x0000000088000000| Complete 
| 129|0x0000000088100000, 0x0000000088200000, 0x0000000088200000|100%| S|CS|TAMS 0x0000000088100000| PB 0x0000000088100000| Complete 
| 130|0x0000000088200000, 0x0000000088200000, 0x0000000088300000|  0%| F|  |TAMS 0x0000000088200000| PB 0x0000000088200000| Untracked 
| 131|0x0000000088300000, 0x0000000088400000, 0x0000000088400000|100%| S|CS|TAMS 0x0000000088300000| PB 0x0000000088300000| Complete 
| 132|0x0000000088400000, 0x0000000088400000, 0x0000000088500000|  0%| F|  |TAMS 0x0000000088400000| PB 0x0000000088400000| Untracked 
| 133|0x0000000088500000, 0x0000000088500000, 0x0000000088600000|  0%| F|  |TAMS 0x0000000088500000| PB 0x0000000088500000| Untracked 
| 134|0x0000000088600000, 0x0000000088600000, 0x0000000088700000|  0%| F|  |TAMS 0x0000000088600000| PB 0x0000000088600000| Untracked 
| 135|0x0000000088700000, 0x0000000088700000, 0x0000000088800000|  0%| F|  |TAMS 0x0000000088700000| PB 0x0000000088700000| Untracked 
| 136|0x0000000088800000, 0x0000000088800000, 0x0000000088900000|  0%| F|  |TAMS 0x0000000088800000| PB 0x0000000088800000| Untracked 
| 137|0x0000000088900000, 0x0000000088900000, 0x0000000088a00000|  0%| F|  |TAMS 0x0000000088900000| PB 0x0000000088900000| Untracked 
| 138|0x0000000088a00000, 0x0000000088a00000, 0x0000000088b00000|  0%| F|  |TAMS 0x0000000088a00000| PB 0x0000000088a00000| Untracked 
| 139|0x0000000088b00000, 0x0000000088b00000, 0x0000000088c00000|  0%| F|  |TAMS 0x0000000088b00000| PB 0x0000000088b00000| Untracked 
| 140|0x0000000088c00000, 0x0000000088c00000, 0x0000000088d00000|  0%| F|  |TAMS 0x0000000088c00000| PB 0x0000000088c00000| Untracked 
| 141|0x0000000088d00000, 0x0000000088d00000, 0x0000000088e00000|  0%| F|  |TAMS 0x0000000088d00000| PB 0x0000000088d00000| Untracked 
| 142|0x0000000088e00000, 0x0000000088e00000, 0x0000000088f00000|  0%| F|  |TAMS 0x0000000088e00000| PB 0x0000000088e00000| Untracked 
| 143|0x0000000088f00000, 0x0000000088f00000, 0x0000000089000000|  0%| F|  |TAMS 0x0000000088f00000| PB 0x0000000088f00000| Untracked 
| 144|0x0000000089000000, 0x0000000089000000, 0x0000000089100000|  0%| F|  |TAMS 0x0000000089000000| PB 0x0000000089000000| Untracked 
| 145|0x0000000089100000, 0x0000000089100000, 0x0000000089200000|  0%| F|  |TAMS 0x0000000089100000| PB 0x0000000089100000| Untracked 
| 146|0x0000000089200000, 0x0000000089200000, 0x0000000089300000|  0%| F|  |TAMS 0x0000000089200000| PB 0x0000000089200000| Untracked 
| 147|0x0000000089300000, 0x0000000089300000, 0x0000000089400000|  0%| F|  |TAMS 0x0000000089300000| PB 0x0000000089300000| Untracked 
| 148|0x0000000089400000, 0x0000000089400000, 0x0000000089500000|  0%| F|  |TAMS 0x0000000089400000| PB 0x0000000089400000| Untracked 
| 149|0x0000000089500000, 0x0000000089500000, 0x0000000089600000|  0%| F|  |TAMS 0x0000000089500000| PB 0x0000000089500000| Untracked 
| 150|0x0000000089600000, 0x0000000089600000, 0x0000000089700000|  0%| F|  |TAMS 0x0000000089600000| PB 0x0000000089600000| Untracked 
| 151|0x0000000089700000, 0x0000000089700000, 0x0000000089800000|  0%| F|  |TAMS 0x0000000089700000| PB 0x0000000089700000| Untracked 
| 152|0x0000000089800000, 0x0000000089800000, 0x0000000089900000|  0%| F|  |TAMS 0x0000000089800000| PB 0x0000000089800000| Untracked 
| 153|0x0000000089900000, 0x0000000089900000, 0x0000000089a00000|  0%| F|  |TAMS 0x0000000089900000| PB 0x0000000089900000| Untracked 
| 154|0x0000000089a00000, 0x0000000089a00000, 0x0000000089b00000|  0%| F|  |TAMS 0x0000000089a00000| PB 0x0000000089a00000| Untracked 
| 155|0x0000000089b00000, 0x0000000089b00000, 0x0000000089c00000|  0%| F|  |TAMS 0x0000000089b00000| PB 0x0000000089b00000| Untracked 
| 156|0x0000000089c00000, 0x0000000089c00000, 0x0000000089d00000|  0%| F|  |TAMS 0x0000000089c00000| PB 0x0000000089c00000| Untracked 
| 157|0x0000000089d00000, 0x0000000089d00000, 0x0000000089e00000|  0%| F|  |TAMS 0x0000000089d00000| PB 0x0000000089d00000| Untracked 
| 158|0x0000000089e00000, 0x0000000089e00000, 0x0000000089f00000|  0%| F|  |TAMS 0x0000000089e00000| PB 0x0000000089e00000| Untracked 
| 159|0x0000000089f00000, 0x0000000089f00000, 0x000000008a000000|  0%| F|  |TAMS 0x0000000089f00000| PB 0x0000000089f00000| Untracked 
| 160|0x000000008a000000, 0x000000008a000000, 0x000000008a100000|  0%| F|  |TAMS 0x000000008a000000| PB 0x000000008a000000| Untracked 
| 161|0x000000008a100000, 0x000000008a100000, 0x000000008a200000|  0%| F|  |TAMS 0x000000008a100000| PB 0x000000008a100000| Untracked 
| 162|0x000000008a200000, 0x000000008a200000, 0x000000008a300000|  0%| F|  |TAMS 0x000000008a200000| PB 0x000000008a200000| Untracked 
| 163|0x000000008a300000, 0x000000008a300000, 0x000000008a400000|  0%| F|  |TAMS 0x000000008a300000| PB 0x000000008a300000| Untracked 
| 164|0x000000008a400000, 0x000000008a400000, 0x000000008a500000|  0%| F|  |TAMS 0x000000008a400000| PB 0x000000008a400000| Untracked 
| 165|0x000000008a500000, 0x000000008a500000, 0x000000008a600000|  0%| F|  |TAMS 0x000000008a500000| PB 0x000000008a500000| Untracked 
| 166|0x000000008a600000, 0x000000008a600000, 0x000000008a700000|  0%| F|  |TAMS 0x000000008a600000| PB 0x000000008a600000| Untracked 
| 167|0x000000008a700000, 0x000000008a700000, 0x000000008a800000|  0%| F|  |TAMS 0x000000008a700000| PB 0x000000008a700000| Untracked 
| 168|0x000000008a800000, 0x000000008a800000, 0x000000008a900000|  0%| F|  |TAMS 0x000000008a800000| PB 0x000000008a800000| Untracked 
| 169|0x000000008a900000, 0x000000008a900000, 0x000000008aa00000|  0%| F|  |TAMS 0x000000008a900000| PB 0x000000008a900000| Untracked 
| 170|0x000000008aa00000, 0x000000008aa00000, 0x000000008ab00000|  0%| F|  |TAMS 0x000000008aa00000| PB 0x000000008aa00000| Untracked 
| 171|0x000000008ab00000, 0x000000008ab00000, 0x000000008ac00000|  0%| F|  |TAMS 0x000000008ab00000| PB 0x000000008ab00000| Untracked 
| 172|0x000000008ac00000, 0x000000008ac00000, 0x000000008ad00000|  0%| F|  |TAMS 0x000000008ac00000| PB 0x000000008ac00000| Untracked 
| 173|0x000000008ad00000, 0x000000008ad00000, 0x000000008ae00000|  0%| F|  |TAMS 0x000000008ad00000| PB 0x000000008ad00000| Untracked 
| 174|0x000000008ae00000, 0x000000008ae00000, 0x000000008af00000|  0%| F|  |TAMS 0x000000008ae00000| PB 0x000000008ae00000| Untracked 
| 175|0x000000008af00000, 0x000000008af00000, 0x000000008b000000|  0%| F|  |TAMS 0x000000008af00000| PB 0x000000008af00000| Untracked 
| 176|0x000000008b000000, 0x000000008b000000, 0x000000008b100000|  0%| F|  |TAMS 0x000000008b000000| PB 0x000000008b000000| Untracked 
| 177|0x000000008b100000, 0x000000008b100000, 0x000000008b200000|  0%| F|  |TAMS 0x000000008b100000| PB 0x000000008b100000| Untracked 
| 178|0x000000008b200000, 0x000000008b200000, 0x000000008b300000|  0%| F|  |TAMS 0x000000008b200000| PB 0x000000008b200000| Untracked 
| 179|0x000000008b300000, 0x000000008b300000, 0x000000008b400000|  0%| F|  |TAMS 0x000000008b300000| PB 0x000000008b300000| Untracked 
| 180|0x000000008b400000, 0x000000008b400000, 0x000000008b500000|  0%| F|  |TAMS 0x000000008b400000| PB 0x000000008b400000| Untracked 
| 181|0x000000008b500000, 0x000000008b500000, 0x000000008b600000|  0%| F|  |TAMS 0x000000008b500000| PB 0x000000008b500000| Untracked 
| 182|0x000000008b600000, 0x000000008b600000, 0x000000008b700000|  0%| F|  |TAMS 0x000000008b600000| PB 0x000000008b600000| Untracked 
| 183|0x000000008b700000, 0x000000008b700000, 0x000000008b800000|  0%| F|  |TAMS 0x000000008b700000| PB 0x000000008b700000| Untracked 
| 184|0x000000008b800000, 0x000000008b800000, 0x000000008b900000|  0%| F|  |TAMS 0x000000008b800000| PB 0x000000008b800000| Untracked 
| 185|0x000000008b900000, 0x000000008b900000, 0x000000008ba00000|  0%| F|  |TAMS 0x000000008b900000| PB 0x000000008b900000| Untracked 
| 186|0x000000008ba00000, 0x000000008ba00000, 0x000000008bb00000|  0%| F|  |TAMS 0x000000008ba00000| PB 0x000000008ba00000| Untracked 
| 187|0x000000008bb00000, 0x000000008bb00000, 0x000000008bc00000|  0%| F|  |TAMS 0x000000008bb00000| PB 0x000000008bb00000| Untracked 
| 188|0x000000008bc00000, 0x000000008bc00000, 0x000000008bd00000|  0%| F|  |TAMS 0x000000008bc00000| PB 0x000000008bc00000| Untracked 
| 189|0x000000008bd00000, 0x000000008bd00000, 0x000000008be00000|  0%| F|  |TAMS 0x000000008bd00000| PB 0x000000008bd00000| Untracked 
| 190|0x000000008be00000, 0x000000008be00000, 0x000000008bf00000|  0%| F|  |TAMS 0x000000008be00000| PB 0x000000008be00000| Untracked 
| 243|0x000000008f300000, 0x000000008f400000, 0x000000008f400000|100%| E|  |TAMS 0x000000008f300000| PB 0x000000008f300000| Complete 
|2036|0x00000000ff400000, 0x00000000ff500000, 0x00000000ff500000|100%| E|CS|TAMS 0x00000000ff400000| PB 0x00000000ff400000| Complete 
|2037|0x00000000ff500000, 0x00000000ff600000, 0x00000000ff600000|100%| E|CS|TAMS 0x00000000ff500000| PB 0x00000000ff500000| Complete 
|2038|0x00000000ff600000, 0x00000000ff700000, 0x00000000ff700000|100%| E|CS|TAMS 0x00000000ff600000| PB 0x00000000ff600000| Complete 
|2039|0x00000000ff700000, 0x00000000ff800000, 0x00000000ff800000|100%| E|CS|TAMS 0x00000000ff700000| PB 0x00000000ff700000| Complete 
|2040|0x00000000ff800000, 0x00000000ff900000, 0x00000000ff900000|100%| O|  |TAMS 0x00000000ff900000| PB 0x00000000ff900000| Updating 
|2041|0x00000000ff900000, 0x00000000ffa00000, 0x00000000ffa00000|100%| E|CS|TAMS 0x00000000ff900000| PB 0x00000000ff900000| Complete 
|2042|0x00000000ffa00000, 0x00000000ffb00000, 0x00000000ffb00000|100%| E|CS|TAMS 0x00000000ffa00000| PB 0x00000000ffa00000| Complete 
|2043|0x00000000ffb00000, 0x00000000ffc00000, 0x00000000ffc00000|100%| O|  |TAMS 0x00000000ffc00000| PB 0x00000000ffc00000| Untracked 
|2044|0x00000000ffc00000, 0x00000000ffd00000, 0x00000000ffd00000|100%| O|  |TAMS 0x00000000ffd00000| PB 0x00000000ffd00000| Untracked 
|2045|0x00000000ffd00000, 0x00000000ffe00000, 0x00000000ffe00000|100%| O|  |TAMS 0x00000000ffe00000| PB 0x00000000ffe00000| Untracked 
|2046|0x00000000ffe00000, 0x00000000fff00000, 0x00000000fff00000|100%| O|  |TAMS 0x00000000fff00000| PB 0x00000000fff00000| Untracked 
|2047|0x00000000fff00000, 0x0000000100000000, 0x0000000100000000|100%| O|  |TAMS 0x0000000100000000| PB 0x0000000100000000| Untracked 

Card table byte_map: [0x0000018178080000,0x0000018178480000] _byte_map_base: 0x0000018177c80000

Marking Bits: (CMBitMap*) 0x000001816526e850
 Bits: [0x0000018178480000, 0x000001817a480000)

Polling page: 0x00000181649c0000

Metaspace:

Usage:
  Non-class:    111.90 MB used.
      Class:     18.12 MB used.
       Both:    130.02 MB used.

Virtual space:
  Non-class space:      128.00 MB reserved,     113.12 MB ( 88%) committed,  2 nodes.
      Class space:        1.00 GB reserved,      19.44 MB (  2%) committed,  1 nodes.
             Both:        1.12 GB reserved,     132.56 MB ( 12%) committed. 

Chunk freelists:
   Non-Class:  14.29 MB
       Class:  12.42 MB
        Both:  26.72 MB

MaxMetaspaceSize: unlimited
CompressedClassSpaceSize: 1.00 GB
Initial GC threshold: 21.00 MB
Current GC threshold: 208.88 MB
CDS: on
 - commit_granule_bytes: 65536.
 - commit_granule_words: 8192.
 - virtual_space_node_default_size: 8388608.
 - enlarge_chunks_in_place: 1.
 - use_allocation_guard: 0.


Internal statistics:

num_allocs_failed_limit: 14.
num_arena_births: 4686.
num_arena_deaths: 0.
num_vsnodes_births: 3.
num_vsnodes_deaths: 0.
num_space_committed: 2121.
num_space_uncommitted: 0.
num_chunks_returned_to_freelist: 14.
num_chunks_taken_from_freelist: 10891.
num_chunk_merges: 9.
num_chunk_splits: 7196.
num_chunks_enlarged: 4655.
num_inconsistent_stats: 0.

CodeHeap 'non-profiled nmethods': size=119168Kb used=8005Kb max_used=8468Kb free=111162Kb
 bounds [0x000001816ff90000, 0x00000181707e0000, 0x00000181773f0000]
CodeHeap 'profiled nmethods': size=119104Kb used=24420Kb max_used=26402Kb free=94683Kb
 bounds [0x00000181683f0000, 0x0000018169dc0000, 0x000001816f840000]
CodeHeap 'non-nmethods': size=7488Kb used=4064Kb max_used=4682Kb free=3423Kb
 bounds [0x000001816f840000, 0x000001816fce0000, 0x000001816ff90000]
 total_blobs=13149 nmethods=12130 adapters=920
 compilation: enabled
              stopped_count=0, restarted_count=0
 full_count=0

Compilation events (20 events):
Event: 54.932 Thread 0x000001817d52a670 nmethod 16577 0x0000018169db8590 code [0x0000018169db8780, 0x0000018169db8c58]
Event: 54.932 Thread 0x00000181490a6650 nmethod 16576 0x0000018169db8e90 code [0x0000018169db90c0, 0x0000018169db95e0]
Event: 54.933 Thread 0x00000181490aa3a0 nmethod 16578 0x0000018169db9810 code [0x0000018169db99e0, 0x0000018169db9c90]
Event: 54.933 Thread 0x00000181490a6650 16581       3       com.google.common.collect.ImmutableMap$Builder::put (35 bytes)
Event: 54.933 Thread 0x00000181490aa3a0 16582       3       com.google.common.collect.ImmutableMap::entryOf (10 bytes)
Event: 54.933 Thread 0x000001817d52a670 16580       3       com.android.build.gradle.options.ProjectOptions$OptionValue::<init> (15 bytes)
Event: 54.933 Thread 0x0000018148ec64a0 16523       4       org.gradle.internal.vfs.impl.DefaultFileSystemAccess::read (33 bytes)
Event: 54.933 Thread 0x000001817d52a670 nmethod 16580 0x0000018169db9e10 code [0x0000018169db9fc0, 0x0000018169dba1e0]
Event: 54.933 Thread 0x000001817d52a670 16583       3       com.google.common.collect.RegularImmutableMap::makeImmutable (44 bytes)
Event: 54.933 Thread 0x00000181490aa3a0 nmethod 16582 0x0000018169dba290 code [0x0000018169dba460, 0x0000018169dba818]
Event: 54.933 Thread 0x00000181490a6650 nmethod 16581 0x0000018169dba990 code [0x0000018169dbaba0, 0x0000018169dbb220]
Event: 54.933 Thread 0x00000181490aa3a0 16584       1       com.google.common.collect.ImmutableMapEntry::getNextInKeyBucket (2 bytes)
Event: 54.933 Thread 0x00000181490a6650 16585       3       com.android.build.gradle.options.ProjectOptions$OptionValue$$Lambda/0x0000018101fc68b8::<init> (15 bytes)
Event: 54.933 Thread 0x00000181490aa3a0 nmethod 16584 0x00000181707d2090 code [0x00000181707d2220, 0x00000181707d22f0]
Event: 54.933 Thread 0x000001817d52a670 nmethod 16583 0x0000018169dbb490 code [0x0000018169dbb6a0, 0x0000018169dbbf00]
Event: 54.933 Thread 0x00000181490aa3a0 16579       3       com.google.common.collect.ImmutableSet$RegularSetBuilderImpl::ensureTableCapacity (89 bytes)
Event: 54.933 Thread 0x00000181490a6650 nmethod 16585 0x0000018169dbc110 code [0x0000018169dbc2c0, 0x0000018169dbc4e0]
Event: 54.934 Thread 0x00000181490aa3a0 nmethod 16579 0x0000018169dbc590 code [0x0000018169dbc7a0, 0x0000018169dbcc60]
Event: 54.936 Thread 0x00000181490ab810 nmethod 16505 0x00000181707d2390 code [0x00000181707d26a0, 0x00000181707d3fa0]
Event: 54.936 Thread 0x00000181490ab810 16522       4       org.gradle.internal.vfs.impl.DefaultFileSystemAccess::readSnapshotFromLocation (27 bytes)

GC Heap History (20 events):
Event: 46.003 GC heap before
{Heap before GC invocations=43 (full 0):
 garbage-first heap   total 183296K, used 162682K [0x0000000080000000, 0x0000000100000000)
  region size 1024K, 55 young (56320K), 8 survivors (8192K)
 Metaspace       used 103041K, committed 105536K, reserved 1179648K
  class space    used 14471K, committed 15744K, reserved 1048576K
}
Event: 46.007 GC heap after
{Heap after GC invocations=44 (full 0):
 garbage-first heap   total 183296K, used 114706K [0x0000000080000000, 0x0000000100000000)
  region size 1024K, 4 young (4096K), 4 survivors (4096K)
 Metaspace       used 103041K, committed 105536K, reserved 1179648K
  class space    used 14471K, committed 15744K, reserved 1048576K
}
Event: 46.700 GC heap before
{Heap before GC invocations=45 (full 0):
 garbage-first heap   total 193536K, used 167954K [0x0000000080000000, 0x0000000100000000)
  region size 1024K, 56 young (57344K), 4 survivors (4096K)
 Metaspace       used 103944K, committed 106432K, reserved 1179648K
  class space    used 14575K, committed 15872K, reserved 1048576K
}
Event: 46.705 GC heap after
{Heap after GC invocations=46 (full 0):
 garbage-first heap   total 193536K, used 119463K [0x0000000080000000, 0x0000000100000000)
  region size 1024K, 7 young (7168K), 7 survivors (7168K)
 Metaspace       used 103944K, committed 106432K, reserved 1179648K
  class space    used 14575K, committed 15872K, reserved 1048576K
}
Event: 47.583 GC heap before
{Heap before GC invocations=46 (full 0):
 garbage-first heap   total 193536K, used 178855K [0x0000000080000000, 0x0000000100000000)
  region size 1024K, 62 young (63488K), 7 survivors (7168K)
 Metaspace       used 108213K, committed 110720K, reserved 1179648K
  class space    used 15028K, committed 16320K, reserved 1048576K
}
Event: 47.589 GC heap after
{Heap after GC invocations=47 (full 0):
 garbage-first heap   total 195584K, used 125746K [0x0000000080000000, 0x0000000100000000)
  region size 1024K, 7 young (7168K), 7 survivors (7168K)
 Metaspace       used 108213K, committed 110720K, reserved 1179648K
  class space    used 15028K, committed 16320K, reserved 1048576K
}
Event: 48.360 GC heap before
{Heap before GC invocations=47 (full 0):
 garbage-first heap   total 195584K, used 175922K [0x0000000080000000, 0x0000000100000000)
  region size 1024K, 56 young (57344K), 7 survivors (7168K)
 Metaspace       used 112059K, committed 114560K, reserved 1179648K
  class space    used 15518K, committed 16768K, reserved 1048576K
}
Event: 48.365 GC heap after
{Heap after GC invocations=48 (full 0):
 garbage-first heap   total 195584K, used 123874K [0x0000000080000000, 0x0000000100000000)
  region size 1024K, 4 young (4096K), 4 survivors (4096K)
 Metaspace       used 112059K, committed 114560K, reserved 1179648K
  class space    used 15518K, committed 16768K, reserved 1048576K
}
Event: 49.413 GC heap before
{Heap before GC invocations=49 (full 0):
 garbage-first heap   total 208896K, used 179170K [0x0000000080000000, 0x0000000100000000)
  region size 1024K, 58 young (59392K), 4 survivors (4096K)
 Metaspace       used 115994K, committed 118528K, reserved 1179648K
  class space    used 16096K, committed 17408K, reserved 1048576K
}
Event: 49.416 GC heap after
{Heap after GC invocations=50 (full 0):
 garbage-first heap   total 208896K, used 125211K [0x0000000080000000, 0x0000000100000000)
  region size 1024K, 5 young (5120K), 5 survivors (5120K)
 Metaspace       used 115994K, committed 118528K, reserved 1179648K
  class space    used 16096K, committed 17408K, reserved 1048576K
}
Event: 50.626 GC heap before
{Heap before GC invocations=50 (full 0):
 garbage-first heap   total 208896K, used 192795K [0x0000000080000000, 0x0000000100000000)
  region size 1024K, 70 young (71680K), 5 survivors (5120K)
 Metaspace       used 120428K, committed 123008K, reserved 1179648K
  class space    used 16720K, committed 18048K, reserved 1048576K
}
Event: 50.634 GC heap after
{Heap after GC invocations=51 (full 0):
 garbage-first heap   total 208896K, used 120598K [0x0000000080000000, 0x0000000100000000)
  region size 1024K, 7 young (7168K), 7 survivors (7168K)
 Metaspace       used 120428K, committed 123008K, reserved 1179648K
  class space    used 16720K, committed 18048K, reserved 1048576K
}
Event: 51.863 GC heap before
{Heap before GC invocations=51 (full 0):
 garbage-first heap   total 208896K, used 189206K [0x0000000080000000, 0x0000000100000000)
  region size 1024K, 74 young (75776K), 7 survivors (7168K)
 Metaspace       used 125624K, committed 128192K, reserved 1179648K
  class space    used 17562K, committed 18880K, reserved 1048576K
}
Event: 51.869 GC heap after
{Heap after GC invocations=52 (full 0):
 garbage-first heap   total 208896K, used 123684K [0x0000000080000000, 0x0000000100000000)
  region size 1024K, 7 young (7168K), 7 survivors (7168K)
 Metaspace       used 125624K, committed 128192K, reserved 1179648K
  class space    used 17562K, committed 18880K, reserved 1048576K
}
Event: 52.890 GC heap before
{Heap before GC invocations=53 (full 0):
 garbage-first heap   total 208896K, used 189220K [0x0000000080000000, 0x0000000100000000)
  region size 1024K, 71 young (72704K), 7 survivors (7168K)
 Metaspace       used 129003K, committed 131520K, reserved 1179648K
  class space    used 18039K, committed 19328K, reserved 1048576K
}
Event: 52.894 GC heap after
{Heap after GC invocations=54 (full 0):
 garbage-first heap   total 208896K, used 127160K [0x0000000080000000, 0x0000000100000000)
  region size 1024K, 9 young (9216K), 9 survivors (9216K)
 Metaspace       used 129003K, committed 131520K, reserved 1179648K
  class space    used 18039K, committed 19328K, reserved 1048576K
}
Event: 53.672 GC heap before
{Heap before GC invocations=54 (full 0):
 garbage-first heap   total 208896K, used 186552K [0x0000000080000000, 0x0000000100000000)
  region size 1024K, 67 young (68608K), 9 survivors (9216K)
 Metaspace       used 132946K, committed 135552K, reserved 1179648K
  class space    used 18549K, committed 19904K, reserved 1048576K
}
Event: 53.680 GC heap after
{Heap after GC invocations=55 (full 0):
 garbage-first heap   total 208896K, used 127828K [0x0000000080000000, 0x0000000100000000)
  region size 1024K, 7 young (7168K), 7 survivors (7168K)
 Metaspace       used 132946K, committed 135552K, reserved 1179648K
  class space    used 18549K, committed 19904K, reserved 1048576K
}
Event: 54.864 GC heap before
{Heap before GC invocations=55 (full 0):
 garbage-first heap   total 208896K, used 189268K [0x0000000080000000, 0x0000000100000000)
  region size 1024K, 67 young (68608K), 7 survivors (7168K)
 Metaspace       used 133116K, committed 135744K, reserved 1179648K
  class space    used 18549K, committed 19904K, reserved 1048576K
}
Event: 54.869 GC heap after
{Heap after GC invocations=56 (full 0):
 garbage-first heap   total 208896K, used 133975K [0x0000000080000000, 0x0000000100000000)
  region size 1024K, 9 young (9216K), 9 survivors (9216K)
 Metaspace       used 133116K, committed 135744K, reserved 1179648K
  class space    used 18549K, committed 19904K, reserved 1048576K
}

Dll operation events (14 events):
Event: 0.013 Loaded shared library C:\Users\LENOVO\.vscode\extensions\redhat.java-1.41.1-win32-x64\jre\21.0.6-win32-x86_64\bin\java.dll
Event: 0.093 Loaded shared library C:\Users\LENOVO\.vscode\extensions\redhat.java-1.41.1-win32-x64\jre\21.0.6-win32-x86_64\bin\zip.dll
Event: 0.119 Loaded shared library C:\Users\LENOVO\.vscode\extensions\redhat.java-1.41.1-win32-x64\jre\21.0.6-win32-x86_64\bin\instrument.dll
Event: 0.127 Loaded shared library C:\Users\LENOVO\.vscode\extensions\redhat.java-1.41.1-win32-x64\jre\21.0.6-win32-x86_64\bin\net.dll
Event: 0.133 Loaded shared library C:\Users\LENOVO\.vscode\extensions\redhat.java-1.41.1-win32-x64\jre\21.0.6-win32-x86_64\bin\nio.dll
Event: 0.136 Loaded shared library C:\Users\LENOVO\.vscode\extensions\redhat.java-1.41.1-win32-x64\jre\21.0.6-win32-x86_64\bin\zip.dll
Event: 0.450 Loaded shared library C:\Users\LENOVO\.vscode\extensions\redhat.java-1.41.1-win32-x64\jre\21.0.6-win32-x86_64\bin\jimage.dll
Event: 0.626 Loaded shared library C:\Users\LENOVO\.vscode\extensions\redhat.java-1.41.1-win32-x64\jre\21.0.6-win32-x86_64\bin\verify.dll
Event: 0.860 Loaded shared library C:\Users\LENOVO\.gradle\native\c067742578af261105cb4f569cf0c3c89f3d7b1fecec35dd04571415982c5e48\windows-amd64\native-platform.dll
Event: 0.867 Loaded shared library C:\Users\LENOVO\.gradle\native\100fb08df4bc3b14c8652ba06237920a3bd2aa13389f12d3474272988ae205f9\windows-amd64\native-platform-file-events.dll
Event: 2.521 Loaded shared library C:\Users\LENOVO\.vscode\extensions\redhat.java-1.41.1-win32-x64\jre\21.0.6-win32-x86_64\bin\management.dll
Event: 2.526 Loaded shared library C:\Users\LENOVO\.vscode\extensions\redhat.java-1.41.1-win32-x64\jre\21.0.6-win32-x86_64\bin\management_ext.dll
Event: 2.775 Loaded shared library C:\Users\LENOVO\.vscode\extensions\redhat.java-1.41.1-win32-x64\jre\21.0.6-win32-x86_64\bin\extnet.dll
Event: 2.930 Loaded shared library C:\Users\LENOVO\.vscode\extensions\redhat.java-1.41.1-win32-x64\jre\21.0.6-win32-x86_64\bin\sunmscapi.dll

Deoptimization events (20 events):
Event: 54.574 Thread 0x000001814516f0b0 Uncommon trap: trap_request=0xffffffd6 fr.pc=0x0000018170552168 relative=0x00000000000017e8
Event: 54.574 Thread 0x000001814516f0b0 Uncommon trap: reason=array_check action=maybe_recompile pc=0x0000018170552168 method=java.util.TimSort.reverseRange([Ljava/lang/Object;II)V @ 20 c2
Event: 54.574 Thread 0x000001814516f0b0 DEOPT PACKING pc=0x0000018170552168 sp=0x0000003ecb5fada0
Event: 54.574 Thread 0x000001814516f0b0 DEOPT UNPACKING pc=0x000001816f8946a2 sp=0x0000003ecb5fabe0 mode 2
Event: 54.579 Thread 0x000001814516f0b0 Uncommon trap: trap_request=0xffffff45 fr.pc=0x0000018170154fb0 relative=0x0000000000000b50
Event: 54.579 Thread 0x000001814516f0b0 Uncommon trap: reason=unstable_if action=reinterpret pc=0x0000018170154fb0 method=com.google.common.collect.MapMakerInternalMap$Segment.put(Ljava/lang/Object;ILjava/lang/Object;Z)Ljava/lang/Object; @ 92 c2
Event: 54.579 Thread 0x000001814516f0b0 DEOPT PACKING pc=0x0000018170154fb0 sp=0x0000003ecb5f9080
Event: 54.579 Thread 0x000001814516f0b0 DEOPT UNPACKING pc=0x000001816f8946a2 sp=0x0000003ecb5f8fa0 mode 2
Event: 54.822 Thread 0x000001814516f0b0 Uncommon trap: trap_request=0xffffffd6 fr.pc=0x0000018170552168 relative=0x00000000000017e8
Event: 54.822 Thread 0x000001814516f0b0 Uncommon trap: reason=array_check action=maybe_recompile pc=0x0000018170552168 method=java.util.TimSort.reverseRange([Ljava/lang/Object;II)V @ 20 c2
Event: 54.822 Thread 0x000001814516f0b0 DEOPT PACKING pc=0x0000018170552168 sp=0x0000003ecb5f5c10
Event: 54.822 Thread 0x000001814516f0b0 DEOPT UNPACKING pc=0x000001816f8946a2 sp=0x0000003ecb5f5a50 mode 2
Event: 54.822 Thread 0x000001814516f0b0 Uncommon trap: trap_request=0xffffffd6 fr.pc=0x0000018170773234 relative=0x0000000000001774
Event: 54.822 Thread 0x000001814516f0b0 Uncommon trap: reason=array_check action=maybe_recompile pc=0x0000018170773234 method=java.util.TimSort.reverseRange([Ljava/lang/Object;II)V @ 20 c2
Event: 54.822 Thread 0x000001814516f0b0 DEOPT PACKING pc=0x0000018170773234 sp=0x0000003ecb5f5b60
Event: 54.822 Thread 0x000001814516f0b0 DEOPT UNPACKING pc=0x000001816f8946a2 sp=0x0000003ecb5f5a40 mode 2
Event: 54.897 Thread 0x000001817d812240 Uncommon trap: trap_request=0xffffff45 fr.pc=0x000001817002d96c relative=0x000000000000012c
Event: 54.897 Thread 0x000001817d812240 Uncommon trap: reason=unstable_if action=reinterpret pc=0x000001817002d96c method=java.lang.ThreadLocal.get(Ljava/lang/Thread;)Ljava/lang/Object; @ 7 c2
Event: 54.897 Thread 0x000001817d812240 DEOPT PACKING pc=0x000001817002d96c sp=0x0000003ecb8fedb0
Event: 54.897 Thread 0x000001817d812240 DEOPT UNPACKING pc=0x000001816f8946a2 sp=0x0000003ecb8fed48 mode 2

Classes loaded (20 events):
Event: 23.302 Loading class jdk/internal/math/FormattedFPDecimal
Event: 23.302 Loading class jdk/internal/math/FormattedFPDecimal done
Event: 24.421 Loading class sun/net/ConnectionResetException
Event: 24.421 Loading class sun/net/ConnectionResetException done
Event: 24.666 Loading class java/io/PrintWriter$1
Event: 24.666 Loading class jdk/internal/access/JavaIOPrintWriterAccess
Event: 24.666 Loading class jdk/internal/access/JavaIOPrintWriterAccess done
Event: 24.666 Loading class java/io/PrintWriter$1 done
Event: 24.666 Loading class java/lang/Throwable$WrappedPrintWriter
Event: 24.666 Loading class java/lang/Throwable$PrintStreamOrWriter
Event: 24.666 Loading class java/lang/Throwable$PrintStreamOrWriter done
Event: 24.666 Loading class java/lang/Throwable$WrappedPrintWriter done
Event: 24.667 Loading class java/lang/StackTraceElement$HashedModules
Event: 24.667 Loading class java/lang/StackTraceElement$HashedModules done
Event: 24.674 Loading class java/util/logging/LogRecord
Event: 24.674 Loading class java/util/logging/LogRecord done
Event: 24.711 Loading class java/util/Collections$EmptyListIterator
Event: 24.711 Loading class java/util/Collections$EmptyListIterator done
Event: 24.731 Loading class java/lang/invoke/WrongMethodTypeException
Event: 24.731 Loading class java/lang/invoke/WrongMethodTypeException done

Classes unloaded (0 events):
No events

Classes redefined (0 events):
No events

Internal exceptions (20 events):
Event: 51.517 Thread 0x000001814516f0b0 Exception <a 'java/lang/ClassNotFoundException'{0x0000000089642718}: com/android/build/gradle/internal/api/ApkVariantOutputImplCustomizer> (0x0000000089642718) 
thrown [s\src\hotspot\share\classfile\systemDictionary.cpp, line 312]
Event: 51.520 Thread 0x000001814516f0b0 Exception <a 'java/lang/ClassNotFoundException'{0x000000008965bef0}: com/android/build/gradle/internal/api/ApkVariantOutputImpl_DecoratedCustomizer> (0x000000008965bef0) 
thrown [s\src\hotspot\share\classfile\systemDictionary.cpp, line 312]
Event: 51.626 Thread 0x000001814516f0b0 Exception <a 'java/lang/ClassNotFoundException'{0x0000000088f51be8}: com/android/build/gradle/internal/api/ReadOnlyBuildTypeBeanInfo> (0x0000000088f51be8) 
thrown [s\src\hotspot\share\classfile\systemDictionary.cpp, line 312]
Event: 51.626 Thread 0x000001814516f0b0 Exception <a 'java/lang/ClassNotFoundException'{0x0000000088f5ccf8}: com/android/build/gradle/internal/api/ReadOnlyBaseConfigBeanInfo> (0x0000000088f5ccf8) 
thrown [s\src\hotspot\share\classfile\systemDictionary.cpp, line 312]
Event: 51.628 Thread 0x000001814516f0b0 Exception <a 'java/lang/ClassNotFoundException'{0x0000000088f67e20}: com/android/build/gradle/internal/api/ReadOnlyBaseConfigCustomizer> (0x0000000088f67e20) 
thrown [s\src\hotspot\share\classfile\systemDictionary.cpp, line 312]
Event: 51.629 Thread 0x000001814516f0b0 Exception <a 'java/lang/ClassNotFoundException'{0x0000000088f84180}: com/android/build/gradle/internal/api/ReadOnlyBuildTypeCustomizer> (0x0000000088f84180) 
thrown [s\src\hotspot\share\classfile\systemDictionary.cpp, line 312]
Event: 52.067 Thread 0x000001814a8162c0 Exception <a 'java/lang/NoSuchMethodError'{0x000000008bef7c40}: static Ljava/lang/Object;.<clinit>()V> (0x000000008bef7c40) 
thrown [s\src\hotspot\share\prims\jni.cpp, line 1111]
Event: 52.068 Thread 0x000001814a8162c0 Exception <a 'java/lang/NoSuchMethodError'{0x000000008bd03118}: static Lorg/jetbrains/kotlin/gradle/plugin/statistics/MetricContainer;.<clinit>()V> (0x000000008bd03118) 
thrown [s\src\hotspot\share\prims\jni.cpp, line 1111]
Event: 53.565 Thread 0x000001814516f0b0 Implicit null exception at 0x00000181706a0c07 to 0x00000181706a2690
Event: 54.484 Thread 0x000001814516f0b0 Exception <a 'sun/nio/fs/WindowsException'{0x00000000ff4c2498}> (0x00000000ff4c2498) 
thrown [s\src\hotspot\share\prims\jni.cpp, line 520]
Event: 54.484 Thread 0x000001814516f0b0 Exception <a 'sun/nio/fs/WindowsException'{0x00000000ff4c3978}> (0x00000000ff4c3978) 
thrown [s\src\hotspot\share\prims\jni.cpp, line 520]
Event: 54.484 Thread 0x000001814516f0b0 Exception <a 'sun/nio/fs/WindowsException'{0x00000000ff4c4e48}> (0x00000000ff4c4e48) 
thrown [s\src\hotspot\share\prims\jni.cpp, line 520]
Event: 54.485 Thread 0x000001814516f0b0 Exception <a 'sun/nio/fs/WindowsException'{0x00000000ff4c6308}> (0x00000000ff4c6308) 
thrown [s\src\hotspot\share\prims\jni.cpp, line 520]
Event: 54.561 Thread 0x000001814516f0b0 Exception <a 'sun/nio/fs/WindowsException'{0x000000008adeed70}> (0x000000008adeed70) 
thrown [s\src\hotspot\share\prims\jni.cpp, line 520]
Event: 54.561 Thread 0x000001814516f0b0 Exception <a 'sun/nio/fs/WindowsException'{0x000000008adf03c8}> (0x000000008adf03c8) 
thrown [s\src\hotspot\share\prims\jni.cpp, line 520]
Event: 54.561 Thread 0x000001814516f0b0 Exception <a 'sun/nio/fs/WindowsException'{0x000000008adf37a0}> (0x000000008adf37a0) 
thrown [s\src\hotspot\share\prims\jni.cpp, line 520]
Event: 54.897 Thread 0x000001817d812240 Implicit null exception at 0x000001817002d887 to 0x000001817002d954
Event: 54.903 Thread 0x000001817d812240 Exception <a 'java/io/IOException'{0x00000000ff5f7618}: Connection reset by peer> (0x00000000ff5f7618) 
thrown [s\src\hotspot\share\prims\jni.cpp, line 539]
Event: 54.903 Thread 0x000001817d815d50 Exception <a 'sun/net/ConnectionResetException'{0x00000000ff45fa98}: Connection reset> (0x00000000ff45fa98) 
thrown [s\src\hotspot\share\prims\jni.cpp, line 539]
Event: 54.908 Thread 0x000001817d8163e0 Exception <a 'java/io/IOException'{0x00000000ff4a13d8}: Connection reset by peer> (0x00000000ff4a13d8) 
thrown [s\src\hotspot\share\prims\jni.cpp, line 539]

ZGC Phase Switch (0 events):
No events

VM Operations (20 events):
Event: 50.422 Executing VM operation: Cleanup done
Event: 50.625 Executing VM operation: G1CollectForAllocation (G1 Evacuation Pause)
Event: 50.634 Executing VM operation: G1CollectForAllocation (G1 Evacuation Pause) done
Event: 51.643 Executing VM operation: Cleanup
Event: 51.643 Executing VM operation: Cleanup done
Event: 51.863 Executing VM operation: G1CollectForAllocation (G1 Evacuation Pause)
Event: 51.869 Executing VM operation: G1CollectForAllocation (G1 Evacuation Pause) done
Event: 51.933 Executing VM operation: G1PauseRemark
Event: 51.943 Executing VM operation: G1PauseRemark done
Event: 51.981 Executing VM operation: G1PauseCleanup
Event: 51.981 Executing VM operation: G1PauseCleanup done
Event: 52.890 Executing VM operation: G1CollectForAllocation (G1 Evacuation Pause)
Event: 52.894 Executing VM operation: G1CollectForAllocation (G1 Evacuation Pause) done
Event: 53.671 Executing VM operation: G1CollectForAllocation (G1 Evacuation Pause)
Event: 53.680 Executing VM operation: G1CollectForAllocation (G1 Evacuation Pause) done
Event: 54.693 Executing VM operation: Cleanup
Event: 54.693 Executing VM operation: Cleanup done
Event: 54.864 Executing VM operation: G1CollectForAllocation (G1 Evacuation Pause)
Event: 54.869 Executing VM operation: G1CollectForAllocation (G1 Evacuation Pause) done
Event: 54.946 Executing VM operation: G1PauseRemark

Memory protections (0 events):
No events

Nmethod flushes (20 events):
Event: 54.956 Thread 0x000001817d4ed9f0 flushing  nmethod 0x000001816925d610
Event: 54.956 Thread 0x000001817d4ed9f0 flushing  nmethod 0x0000018169289e10
Event: 54.956 Thread 0x000001817d4ed9f0 flushing  nmethod 0x000001816928e690
Event: 54.956 Thread 0x000001817d4ed9f0 flushing  nmethod 0x000001816928fa10
Event: 54.956 Thread 0x000001817d4ed9f0 flushing  nmethod 0x000001816928fe90
Event: 54.956 Thread 0x000001817d4ed9f0 flushing  nmethod 0x00000181692ccb90
Event: 54.956 Thread 0x000001817d4ed9f0 flushing  nmethod 0x00000181692cd390
Event: 54.956 Thread 0x000001817d4ed9f0 flushing  nmethod 0x00000181692d1190
Event: 54.956 Thread 0x000001817d4ed9f0 flushing  nmethod 0x00000181692d7b90
Event: 54.956 Thread 0x000001817d4ed9f0 flushing  nmethod 0x00000181692d9b10
Event: 54.956 Thread 0x000001817d4ed9f0 flushing  nmethod 0x00000181692dae10
Event: 54.956 Thread 0x000001817d4ed9f0 flushing  nmethod 0x00000181692dbd10
Event: 54.956 Thread 0x000001817d4ed9f0 flushing  nmethod 0x0000018169323a90
Event: 54.956 Thread 0x000001817d4ed9f0 flushing  nmethod 0x0000018169324890
Event: 54.956 Thread 0x000001817d4ed9f0 flushing  nmethod 0x0000018169325290
Event: 54.956 Thread 0x000001817d4ed9f0 flushing  nmethod 0x0000018169359790
Event: 54.956 Thread 0x000001817d4ed9f0 flushing  nmethod 0x000001816935a790
Event: 54.956 Thread 0x000001817d4ed9f0 flushing  nmethod 0x000001816935ca10
Event: 54.956 Thread 0x000001817d4ed9f0 flushing  nmethod 0x0000018169385710
Event: 54.956 Thread 0x000001817d4ed9f0 flushing  nmethod 0x0000018169673790

Events (20 events):
Event: 54.781 Thread 0x000001814516f0b0 Thread added: 0x000001817d81edb0
Event: 54.781 Thread 0x000001814516f0b0 Thread added: 0x000001817d81a580
Event: 54.836 Thread 0x000001814516f0b0 Thread added: 0x000001817d81f440
Event: 54.837 Thread 0x000001814516f0b0 Thread added: 0x000001817d819ef0
Event: 54.837 Thread 0x000001814516f0b0 Thread added: 0x000001817d81c650
Event: 54.837 Thread 0x000001814516f0b0 Thread added: 0x000001817d81ac10
Event: 54.837 Thread 0x000001814516f0b0 Thread added: 0x000001817d81b930
Event: 54.838 Thread 0x000001814516f0b0 Thread added: 0x000001817d81bfc0
Event: 54.839 Thread 0x000001814516f0b0 Thread added: 0x000001817d81cce0
Event: 54.839 Thread 0x000001814516f0b0 Thread added: 0x000001817d81d370
Event: 54.839 Thread 0x000001814516f0b0 Thread added: 0x000001817d81da00
Event: 54.839 Thread 0x000001814516f0b0 Thread added: 0x000001817d81e090
Event: 54.840 Thread 0x000001814516f0b0 Thread added: 0x000001817d81e720
Event: 54.840 Thread 0x000001814516f0b0 Thread added: 0x000001814a817d00
Event: 54.840 Thread 0x000001814516f0b0 Thread added: 0x000001814a816950
Event: 54.841 Thread 0x000001814516f0b0 Thread added: 0x000001814a81b180
Event: 54.841 Thread 0x000001814516f0b0 Thread added: 0x000001814a81aaf0
Event: 54.904 Thread 0x000001817d812240 Thread exited: 0x000001817d812240
Event: 54.908 Thread 0x000001817d8163e0 Thread exited: 0x000001817d8163e0
Event: 54.933 Thread 0x000001817d52a670 Thread added: 0x0000018148ec64a0


Dynamic libraries:
0x00007ff6c25e0000 - 0x00007ff6c25ee000 	C:\Users\LENOVO\.vscode\extensions\redhat.java-1.41.1-win32-x64\jre\21.0.6-win32-x86_64\bin\java.exe
0x00007ffcdac50000 - 0x00007ffcdae67000 	C:\Windows\SYSTEM32\ntdll.dll
0x00007ffcd96d0000 - 0x00007ffcd9794000 	C:\Windows\System32\KERNEL32.DLL
0x00007ffcd82b0000 - 0x00007ffcd8683000 	C:\Windows\System32\KERNELBASE.dll
0x00007ffcd2a10000 - 0x00007ffcd2aa7000 	C:\Windows\SYSTEM32\apphelp.dll
0x00007ffcd8110000 - 0x00007ffcd8221000 	C:\Windows\System32\ucrtbase.dll
0x00007ffcc6900000 - 0x00007ffcc691e000 	C:\Users\LENOVO\.vscode\extensions\redhat.java-1.41.1-win32-x64\jre\21.0.6-win32-x86_64\bin\VCRUNTIME140.dll
0x00007ffcc87f0000 - 0x00007ffcc8808000 	C:\Users\LENOVO\.vscode\extensions\redhat.java-1.41.1-win32-x64\jre\21.0.6-win32-x86_64\bin\jli.dll
0x00007ffcd97a0000 - 0x00007ffcd9951000 	C:\Windows\System32\USER32.dll
0x00007ffcc8370000 - 0x00007ffcc8608000 	C:\Windows\WinSxS\amd64_microsoft.windows.common-controls_6595b64144ccf1df_6.0.22621.5124_none_270e8f4f7386d69d\COMCTL32.dll
0x00007ffcd7ed0000 - 0x00007ffcd7ef6000 	C:\Windows\System32\win32u.dll
0x00007ffcd9ad0000 - 0x00007ffcd9b77000 	C:\Windows\System32\msvcrt.dll
0x00007ffcd9020000 - 0x00007ffcd9049000 	C:\Windows\System32\GDI32.dll
0x00007ffcd87d0000 - 0x00007ffcd88eb000 	C:\Windows\System32\gdi32full.dll
0x00007ffcd7f00000 - 0x00007ffcd7f9a000 	C:\Windows\System32\msvcp_win.dll
0x00007ffcd8a10000 - 0x00007ffcd8a41000 	C:\Windows\System32\IMM32.DLL
0x00007ffcd0ce0000 - 0x00007ffcd0cec000 	C:\Users\LENOVO\.vscode\extensions\redhat.java-1.41.1-win32-x64\jre\21.0.6-win32-x86_64\bin\vcruntime140_1.dll
0x00007ffcb7f00000 - 0x00007ffcb7f8d000 	C:\Users\LENOVO\.vscode\extensions\redhat.java-1.41.1-win32-x64\jre\21.0.6-win32-x86_64\bin\msvcp140.dll
0x00007ffc8ebb0000 - 0x00007ffc8f940000 	C:\Users\LENOVO\.vscode\extensions\redhat.java-1.41.1-win32-x64\jre\21.0.6-win32-x86_64\bin\server\jvm.dll
0x00007ffcda2a0000 - 0x00007ffcda351000 	C:\Windows\System32\ADVAPI32.dll
0x00007ffcd9620000 - 0x00007ffcd96c8000 	C:\Windows\System32\sechost.dll
0x00007ffcd80e0000 - 0x00007ffcd8108000 	C:\Windows\System32\bcrypt.dll
0x00007ffcd9cc0000 - 0x00007ffcd9dd4000 	C:\Windows\System32\RPCRT4.dll
0x00007ffcd8ef0000 - 0x00007ffcd8f61000 	C:\Windows\System32\WS2_32.dll
0x00007ffcd7c30000 - 0x00007ffcd7c7d000 	C:\Windows\SYSTEM32\POWRPROF.dll
0x00007ffccef20000 - 0x00007ffccef54000 	C:\Windows\SYSTEM32\WINMM.dll
0x00007ffcd2a00000 - 0x00007ffcd2a0a000 	C:\Windows\SYSTEM32\VERSION.dll
0x00007ffcd7c10000 - 0x00007ffcd7c23000 	C:\Windows\SYSTEM32\UMPDC.dll
0x00007ffcd6d50000 - 0x00007ffcd6d68000 	C:\Windows\SYSTEM32\kernel.appcore.dll
0x00007ffcc7d40000 - 0x00007ffcc7d4a000 	C:\Users\LENOVO\.vscode\extensions\redhat.java-1.41.1-win32-x64\jre\21.0.6-win32-x86_64\bin\jimage.dll
0x00007ffcd0710000 - 0x00007ffcd0942000 	C:\Windows\SYSTEM32\DBGHELP.DLL
0x00007ffcd9e50000 - 0x00007ffcda1e2000 	C:\Windows\System32\combase.dll
0x00007ffcd9b80000 - 0x00007ffcd9c57000 	C:\Windows\System32\OLEAUT32.dll
0x00007ffccc3b0000 - 0x00007ffccc3e2000 	C:\Windows\SYSTEM32\dbgcore.DLL
0x00007ffcd8690000 - 0x00007ffcd870b000 	C:\Windows\System32\bcryptPrimitives.dll
0x00007ffcc7cd0000 - 0x00007ffcc7cdf000 	C:\Users\LENOVO\.vscode\extensions\redhat.java-1.41.1-win32-x64\jre\21.0.6-win32-x86_64\bin\instrument.dll
0x00007ffcc5ad0000 - 0x00007ffcc5aef000 	C:\Users\LENOVO\.vscode\extensions\redhat.java-1.41.1-win32-x64\jre\21.0.6-win32-x86_64\bin\java.dll
0x00007ffcda370000 - 0x00007ffcdac06000 	C:\Windows\System32\SHELL32.dll
0x00007ffcd7fa0000 - 0x00007ffcd80df000 	C:\Windows\System32\wintypes.dll
0x00007ffcd5c30000 - 0x00007ffcd654a000 	C:\Windows\SYSTEM32\windows.storage.dll
0x00007ffcd88f0000 - 0x00007ffcd89fa000 	C:\Windows\System32\SHCORE.dll
0x00007ffcd9220000 - 0x00007ffcd9283000 	C:\Windows\System32\shlwapi.dll
0x00007ffcd7c90000 - 0x00007ffcd7cbb000 	C:\Windows\SYSTEM32\profapi.dll
0x00007ffcbe5a0000 - 0x00007ffcbe5b8000 	C:\Users\LENOVO\.vscode\extensions\redhat.java-1.41.1-win32-x64\jre\21.0.6-win32-x86_64\bin\zip.dll
0x00007ffcc7bd0000 - 0x00007ffcc7be0000 	C:\Users\LENOVO\.vscode\extensions\redhat.java-1.41.1-win32-x64\jre\21.0.6-win32-x86_64\bin\net.dll
0x00007ffcd4090000 - 0x00007ffcd41bc000 	C:\Windows\SYSTEM32\WINHTTP.dll
0x00007ffcd71c0000 - 0x00007ffcd722a000 	C:\Windows\system32\mswsock.dll
0x00007ffcc4bc0000 - 0x00007ffcc4bd6000 	C:\Users\LENOVO\.vscode\extensions\redhat.java-1.41.1-win32-x64\jre\21.0.6-win32-x86_64\bin\nio.dll
0x00007ffcbe6d0000 - 0x00007ffcbe6e0000 	C:\Users\LENOVO\.vscode\extensions\redhat.java-1.41.1-win32-x64\jre\21.0.6-win32-x86_64\bin\verify.dll
0x00007ffcbdab0000 - 0x00007ffcbdad7000 	C:\Users\LENOVO\.gradle\native\c067742578af261105cb4f569cf0c3c89f3d7b1fecec35dd04571415982c5e48\windows-amd64\native-platform.dll
0x00007ffc8e5f0000 - 0x00007ffc8e734000 	C:\Users\LENOVO\.gradle\native\100fb08df4bc3b14c8652ba06237920a3bd2aa13389f12d3474272988ae205f9\windows-amd64\native-platform-file-events.dll
0x00007ffcbe6a0000 - 0x00007ffcbe6aa000 	C:\Users\LENOVO\.vscode\extensions\redhat.java-1.41.1-win32-x64\jre\21.0.6-win32-x86_64\bin\management.dll
0x00007ffcbe590000 - 0x00007ffcbe59b000 	C:\Users\LENOVO\.vscode\extensions\redhat.java-1.41.1-win32-x64\jre\21.0.6-win32-x86_64\bin\management_ext.dll
0x00007ffcd9210000 - 0x00007ffcd9218000 	C:\Windows\System32\PSAPI.DLL
0x00007ffcd7510000 - 0x00007ffcd752b000 	C:\Windows\SYSTEM32\CRYPTSP.dll
0x00007ffcd6cb0000 - 0x00007ffcd6ce7000 	C:\Windows\system32\rsaenh.dll
0x00007ffcd7260000 - 0x00007ffcd7288000 	C:\Windows\SYSTEM32\USERENV.dll
0x00007ffcd74f0000 - 0x00007ffcd74fc000 	C:\Windows\SYSTEM32\CRYPTBASE.dll
0x00007ffcd67b0000 - 0x00007ffcd67dd000 	C:\Windows\SYSTEM32\IPHLPAPI.DLL
0x00007ffcd8a00000 - 0x00007ffcd8a09000 	C:\Windows\System32\NSI.dll
0x00007ffcbe580000 - 0x00007ffcbe589000 	C:\Users\LENOVO\.vscode\extensions\redhat.java-1.41.1-win32-x64\jre\21.0.6-win32-x86_64\bin\extnet.dll
0x00007ffcbdec0000 - 0x00007ffcbdece000 	C:\Users\LENOVO\.vscode\extensions\redhat.java-1.41.1-win32-x64\jre\21.0.6-win32-x86_64\bin\sunmscapi.dll
0x00007ffcd7d60000 - 0x00007ffcd7ec7000 	C:\Windows\System32\CRYPT32.dll
0x00007ffcd7620000 - 0x00007ffcd764d000 	C:\Windows\SYSTEM32\ncrypt.dll
0x00007ffcd75e0000 - 0x00007ffcd7617000 	C:\Windows\SYSTEM32\NTASN1.dll
0x00007ffc7dd60000 - 0x00007ffc7dd68000 	C:\Windows\system32\wshunix.dll
0x00007ffccc540000 - 0x00007ffccc557000 	C:\Windows\system32\napinsp.dll
0x00007ffcaf600000 - 0x00007ffcaf61b000 	C:\Windows\system32\pnrpnsp.dll
0x00007ffcd67e0000 - 0x00007ffcd68e2000 	C:\Windows\SYSTEM32\DNSAPI.dll
0x00007ffcae350000 - 0x00007ffcae361000 	C:\Windows\System32\winrnr.dll
0x00007ffcd3060000 - 0x00007ffcd3075000 	C:\Windows\system32\wshbth.dll
0x00007ffcae2f0000 - 0x00007ffcae317000 	C:\Windows\system32\nlansp_c.dll
0x0000000050ef0000 - 0x0000000050f16000 	C:\Program Files\Bonjour\mdnsNSP.dll
0x00007ffcd3160000 - 0x00007ffcd316a000 	C:\Windows\System32\rasadhlp.dll
0x00007ffcd3170000 - 0x00007ffcd31f3000 	C:\Windows\System32\fwpuclnt.dll

dbghelp: loaded successfully - version: 4.0.5 - missing functions: none
symbol engine: initialized successfully - sym options: 0x614 - pdb path: .;C:\Users\LENOVO\.vscode\extensions\redhat.java-1.41.1-win32-x64\jre\21.0.6-win32-x86_64\bin;C:\Windows\SYSTEM32;C:\Windows\WinSxS\amd64_microsoft.windows.common-controls_6595b64144ccf1df_6.0.22621.5124_none_270e8f4f7386d69d;C:\Users\LENOVO\.vscode\extensions\redhat.java-1.41.1-win32-x64\jre\21.0.6-win32-x86_64\bin\server;C:\Users\LENOVO\.gradle\native\c067742578af261105cb4f569cf0c3c89f3d7b1fecec35dd04571415982c5e48\windows-amd64;C:\Users\LENOVO\.gradle\native\100fb08df4bc3b14c8652ba06237920a3bd2aa13389f12d3474272988ae205f9\windows-amd64;C:\Program Files\Bonjour

VM Arguments:
jvm_args: --add-opens=java.base/java.lang=ALL-UNNAMED --add-opens=java.base/java.lang.invoke=ALL-UNNAMED --add-opens=java.base/java.util=ALL-UNNAMED --add-opens=java.prefs/java.util.prefs=ALL-UNNAMED --add-exports=jdk.compiler/com.sun.tools.javac.api=ALL-UNNAMED --add-exports=jdk.compiler/com.sun.tools.javac.util=ALL-UNNAMED --add-opens=java.base/java.util=ALL-UNNAMED --add-opens=java.prefs/java.util.prefs=ALL-UNNAMED --add-opens=java.base/java.nio.charset=ALL-UNNAMED --add-opens=java.base/java.net=ALL-UNNAMED --add-opens=java.base/java.util.concurrent.atomic=ALL-UNNAMED --add-opens=java.xml/javax.xml.namespace=ALL-UNNAMED -Xmx2048m -Dfile.encoding=UTF-8 -Duser.country=US -Duser.language=en -Duser.variant -javaagent:C:\Users\LENOVO\.gradle\wrapper\dists\gradle-8.11.1-bin\bpt9gzteqjrbo1mjrsomdt32c\gradle-8.11.1\lib\agents\gradle-instrumentation-agent-8.11.1.jar 
java_command: org.gradle.launcher.daemon.bootstrap.GradleDaemon 8.11.1
java_class_path (initial): C:\Users\LENOVO\.gradle\wrapper\dists\gradle-8.11.1-bin\bpt9gzteqjrbo1mjrsomdt32c\gradle-8.11.1\lib\gradle-daemon-main-8.11.1.jar
Launcher Type: SUN_STANDARD

[Global flags]
     intx CICompilerCount                          = 12                                        {product} {ergonomic}
     uint ConcGCThreads                            = 3                                         {product} {ergonomic}
     uint G1ConcRefinementThreads                  = 13                                        {product} {ergonomic}
   size_t G1HeapRegionSize                         = 1048576                                   {product} {ergonomic}
    uintx GCDrainStackTargetSize                   = 64                                        {product} {ergonomic}
   size_t InitialHeapSize                          = 255852544                                 {product} {ergonomic}
   size_t MarkStackSize                            = 4194304                                   {product} {ergonomic}
   size_t MaxHeapSize                              = 2147483648                                {product} {command line}
   size_t MaxNewSize                               = 1287651328                                {product} {ergonomic}
   size_t MinHeapDeltaBytes                        = 1048576                                   {product} {ergonomic}
   size_t MinHeapSize                              = 8388608                                   {product} {ergonomic}
    uintx NonNMethodCodeHeapSize                   = 7602480                                {pd product} {ergonomic}
    uintx NonProfiledCodeHeapSize                  = 122027880                              {pd product} {ergonomic}
    uintx ProfiledCodeHeapSize                     = 122027880                              {pd product} {ergonomic}
    uintx ReservedCodeCacheSize                    = 251658240                              {pd product} {ergonomic}
     bool SegmentedCodeCache                       = true                                      {product} {ergonomic}
   size_t SoftMaxHeapSize                          = 2147483648                             {manageable} {ergonomic}
     bool UseCompressedOops                        = true                           {product lp64_product} {ergonomic}
     bool UseG1GC                                  = true                                      {product} {ergonomic}
     bool UseLargePagesIndividualAllocation        = false                                  {pd product} {ergonomic}

Logging:
Log output configuration:
 #0: stdout all=warning uptime,level,tags foldmultilines=false
 #1: stderr all=off uptime,level,tags foldmultilines=false

Environment Variables:
PATH=d:\Downloads\Cursor\cursor\resources\app\bin;C:\Program Files\Common Files\Oracle\Java\javapath;C:\Windows\system32;C:\Windows;C:\Windows\System32\Wbem;C:\Windows\System32\WindowsPowerShell\v1.0\;C:\Windows\System32\OpenSSH\;C:\Program Files\NVIDIA Corporation\NVIDIA NvDLISR;C:\Program Files (x86)\NVIDIA Corporation\PhysX\Common;C:\Program Files (x86)\Microsoft SQL Server\160\Tools\Binn\;C:\Program Files\Microsoft SQL Server\160\Tools\Binn\;C:\Program Files\Microsoft SQL Server\Client SDK\ODBC\170\Tools\Binn\;C:\Program Files\Microsoft SQL Server\160\DTS\Binn\;C:\Program Files (x86)\Microsoft SQL Server\160\DTS\Binn\;C:\Program Files\Azure Data Studio\bin;C:\xampp\php;C:\ProgramData\ComposerSetup\bin;C:\Program Files\Git\cmd;C:\Users\LENOVO\AppData\Local\Programs\Python\Python313\;C:\Users\LENOVO\AppData\Local\Programs\Python\Python313\Scripts\;C:\xampp\mysql\bin;C:\Program Files\Java\jdk-23\bin;D:\Downloads\gradle\gradle-8.9-bin.zip\gradle-8.9\bin;D:\Downloads\Node\;C:\ProgramData\chocolatey\bin;C:\Program F;C:\Users\LENOVO\AppData\Local\Programs\Python\Launcher\;C:\Users\LENOVO\AppData\Local\Microsoft\WindowsApps;C:\Program Files\Azure Data Studio\bin;C:\Users\LENOVO\AppData\Local\Programs\Microsoft VS Code\bin;C:\Users\LENOVO\AppData\Roaming\Composer\vendor\bin;C:\Program Files\Git\bin;C:\Users\LENOVO\AppData\Roaming\npm;C:\Program Files\MongoDB\mongosh-2.5.0-win32-x64\bin;D:\Downloads\Cursor\cursor\resources\app\bin;C:\Users\LENOVO\AppData\Local\Android\Sdk\platform-tools;C:\Users\LENOVO\AppData\Local\Android\Sdk\tools;
USERNAME=LENOVO
OS=Windows_NT
PROCESSOR_IDENTIFIER=AMD64 Family 25 Model 68 Stepping 1, AuthenticAMD
TMP=C:\Users\LENOVO\AppData\Local\Temp
TEMP=C:\Users\LENOVO\AppData\Local\Temp




Periodic native trim disabled

---------------  S Y S T E M  ---------------

OS:
 Windows 11 , 64 bit Build 22621 (10.0.22621.5124)
OS uptime: 1 days 19:33 hours
Hyper-V role detected

CPU: total 16 (initial active 16) (16 cores per cpu, 2 threads per core) family 25 model 68 stepping 1 microcode 0x0, cx8, cmov, fxsr, ht, mmx, 3dnowpref, sse, sse2, sse3, ssse3, sse4a, sse4.1, sse4.2, popcnt, lzcnt, tsc, tscinvbit, avx, avx2, aes, erms, clmul, bmi1, bmi2, adx, sha, fma, vzeroupper, clflush, clflushopt, hv, rdtscp, rdpid, fsrm, f16c, cet_ss
Processor Information for processor 0
  Max Mhz: 3201, Current Mhz: 3201, Mhz Limit: 3201
Processor Information for processor 1
  Max Mhz: 3201, Current Mhz: 2566, Mhz Limit: 3201
Processor Information for processor 2
  Max Mhz: 3201, Current Mhz: 2566, Mhz Limit: 3201
Processor Information for processor 3
  Max Mhz: 3201, Current Mhz: 2566, Mhz Limit: 3201
Processor Information for processor 4
  Max Mhz: 3201, Current Mhz: 3201, Mhz Limit: 3201
Processor Information for processor 5
  Max Mhz: 3201, Current Mhz: 2566, Mhz Limit: 3201
Processor Information for processor 6
  Max Mhz: 3201, Current Mhz: 2566, Mhz Limit: 3201
Processor Information for processor 7
  Max Mhz: 3201, Current Mhz: 3201, Mhz Limit: 3201
Processor Information for processor 8
  Max Mhz: 3201, Current Mhz: 3201, Mhz Limit: 3201
Processor Information for processor 9
  Max Mhz: 3201, Current Mhz: 3201, Mhz Limit: 3201
Processor Information for processor 10
  Max Mhz: 3201, Current Mhz: 2566, Mhz Limit: 3201
Processor Information for processor 11
  Max Mhz: 3201, Current Mhz: 3201, Mhz Limit: 3201
Processor Information for processor 12
  Max Mhz: 3201, Current Mhz: 3201, Mhz Limit: 3201
Processor Information for processor 13
  Max Mhz: 3201, Current Mhz: 3201, Mhz Limit: 3201
Processor Information for processor 14
  Max Mhz: 3201, Current Mhz: 3201, Mhz Limit: 3201
Processor Information for processor 15
  Max Mhz: 3201, Current Mhz: 2566, Mhz Limit: 3201

Memory: 4k page, system-wide physical 15556M (1512M free)
TotalPageFile size 44918M (AvailPageFile size 1175M)
current process WorkingSet (physical memory assigned to process): 547M, peak: 547M
current process commit charge ("private bytes"): 595M, peak: 611M

vm_info: OpenJDK 64-Bit Server VM (21.0.6+7-LTS) for windows-amd64 JRE (21.0.6+7-LTS), built on 2025-01-21T00:00:00Z by "admin" with MS VC++ 17.7 (VS2022)

END.
